<?xml version="1.0" encoding="UTF-8"?>
<!-- Generated by org.testng.reporters.JUnitXMLReporter -->
<testsuite ignored="0" hostname="LAPTOP-1M0O9JN4" failures="0" tests="5" name="Clock Functions" time="47.254" errors="0" timestamp="2020-07-22T16:21:38 IST">
  <testcase classname="com.android.test.SetAlarmTest" name="clickTabs" time="4.705"/>
  <testcase classname="com.android.test.SetAlarmTest" name="setPreferences" time="6.093"/>
  <testcase classname="com.android.test.SetAlarmTest" name="chooseTime" time="3.132"/>
  <testcase classname="com.android.test.SetAlarmTest" name="alarmSet" time="0.594"/>
  <testcase classname="com.android.test.SetAlarmTest" name="checkSettings" time="6.841"/>
</testsuite> <!-- Clock Functions -->
