<?xml version="1.0" encoding="UTF-8"?>
<!-- Generated by org.testng.reporters.JUnitXMLReporter -->
<testsuite ignored="0" hostname="LAPTOP-1M0O9JN4" failures="0" tests="5" name="Clock Functions" time="82.789" errors="0" timestamp="2020-07-22T16:01:41 IST">
  <testcase classname="com.android.test.SetAlarmTest" name="clickTabs" time="4.972"/>
  <testcase classname="com.android.test.SetAlarmTest" name="setPreferences" time="7.598"/>
  <testcase classname="com.android.test.SetAlarmTest" name="chooseTime" time="3.614"/>
  <testcase classname="com.android.test.SetAlarmTest" name="alarmSet" time="0.58"/>
  <testcase classname="com.android.test.SetAlarmTest" name="checkSettings" time="6.713"/>
</testsuite> <!-- Clock Functions -->
