<?xml version="1.0" encoding="UTF-8"?>
<testsuite xmlns:xsi="http://www.w3.org/2001/XMLSchema-instance" xsi:noNamespaceSchemaLocation="https://maven.apache.org/surefire/maven-surefire-plugin/xsd/surefire-test-report-3.0.xsd" version="3.0" name="TestSuite" time="48.379" tests="5" errors="0" skipped="0" failures="0">
  <properties>
[...]
</properties>
  <testcase name="clickTabs" classname="com.android.test.SetAlarmTest" time="4.417">
    <system-out><![CDATA[&amp#27;[35m[Appium]&amp#27;[39m Welcome to Appium v1.17.1
&amp#27;[35m[Appium]&amp#27;[39m Appium REST http interface listener started on 0.0.0.0:4723
&amp#27;[35m[HTTP]&amp#27;[39m &amp#27;[37m-->&amp#27;[39m &amp#27;[37mGET&amp#27;[39m &amp#27;[37m/wd/hub/status&amp#27;[39m
&amp#27;[35m[HTTP]&amp#27;[39m &amp#27;[90m{}&amp#27;[39m
[debug] &amp#27;[35m[GENERIC]&amp#27;[39m Calling AppiumDriver.getStatus() with args: []
[debug] &amp#27;[35m[GENERIC]&amp#27;[39m Responding to client with driver.getStatus() result: {"build":{"version":"1.17.1"}}
&amp#27;[35m[HTTP]&amp#27;[39m &amp#27;[37m<-- GET /wd/hub/status &amp#27;[39m&amp#27;[32m200&amp#27;[39m &amp#27;[90m5 ms - 68&amp#27;[39m
&amp#27;[35m[HTTP]&amp#27;[39m &amp#27;[90m&amp#27;[39m
&amp#27;[35m[HTTP]&amp#27;[39m &amp#27;[37m-->&amp#27;[39m &amp#27;[37mPOST&amp#27;[39m &amp#27;[37m/wd/hub/session&amp#27;[39m
&amp#27;[35m[HTTP]&amp#27;[39m &amp#27;[90m{"desiredCapabilities":{"appActivity":"com.android.deskclock.DeskClock","appPackage":"com.google.android.deskclock","noReset":"true","platformVersion":"8.1","automationName":"UiAutomator2","autoGrantPermissions":"true","platformName":"Android","deviceName":"emulator-5554","fullReset":"false","appWaitDuration":"10000"},"capabilities":{"firstMatch":[{"appium:appActivity":"com.android.deskclock.DeskClock","appium:appPackage":"com.google.android.deskclock","appium:appWaitDuration":"10000","appium:autoGrantPermissions":"true","appium:automationName":"UiAutomator2","appium:deviceName":"emulator-5554","appium:fullReset":"false","appium:noReset":"true","platformName":"android","appium:platformVersion":"8.1"}]}}&amp#27;[39m
[debug] &amp#27;[35m[W3C]&amp#27;[39m Calling AppiumDriver.createSession() with args: [{"appActivity":"com.android.deskclock.DeskClock","appPackage":"com.google.android.deskclock","noReset":"true","platformVersion":"8.1","automationName":"UiAutomator2","autoGrantPermissions":"true","platformName":"Android","deviceName":"emulator-5554","fullReset":"false","appWaitDuration":"10000"},null,{"firstMatch":[{"appium:appActivity":"com.android.deskclock.DeskClock","appium:appPackage":"com.google.android.deskclock","appium:appWaitDuration":"10000","appium:autoGrantPermissions":"true","appium:automationName":"UiAutomator2","appium:deviceName":"emulator-5554","appium:fullReset":"false","appium:noReset":"true","platformName":"android","appium:platformVersion":"8.1"}]}]
[debug] &amp#27;[35m[BaseDriver]&amp#27;[39m Event 'newSessionRequested' logged at 1595415069668 (16:21:09 GMT+0530 (India Standard Time))
&amp#27;[35m[Appium]&amp#27;[39m Appium v1.17.1 creating new AndroidUiautomator2Driver (v1.44.2) session
[debug] &amp#27;[35m[BaseDriver]&amp#27;[39m W3C capabilities and MJSONWP desired capabilities were provided
[debug] &amp#27;[35m[BaseDriver]&amp#27;[39m Creating session with W3C capabilities: {
[debug] &amp#27;[35m[BaseDriver]&amp#27;[39m   "alwaysMatch": {
[debug] &amp#27;[35m[BaseDriver]&amp#27;[39m     "platformName": "android",
[debug] &amp#27;[35m[BaseDriver]&amp#27;[39m     "appium:appActivity": "com.android.deskclock.DeskClock",
[debug] &amp#27;[35m[BaseDriver]&amp#27;[39m     "appium:appPackage": "com.google.android.deskclock",
[debug] &amp#27;[35m[BaseDriver]&amp#27;[39m     "appium:appWaitDuration": "10000",
[debug] &amp#27;[35m[BaseDriver]&amp#27;[39m     "appium:autoGrantPermissions": "true",
[debug] &amp#27;[35m[BaseDriver]&amp#27;[39m     "appium:automationName": "UiAutomator2",
[debug] &amp#27;[35m[BaseDriver]&amp#27;[39m     "appium:deviceName": "emulator-5554",
[debug] &amp#27;[35m[BaseDriver]&amp#27;[39m     "appium:fullReset": "false",
[debug] &amp#27;[35m[BaseDriver]&amp#27;[39m     "appium:noReset": "true",
[debug] &amp#27;[35m[BaseDriver]&amp#27;[39m     "appium:platformVersion": "8.1"
[debug] &amp#27;[35m[BaseDriver]&amp#27;[39m   },
[debug] &amp#27;[35m[BaseDriver]&amp#27;[39m   "firstMatch": [
[debug] &amp#27;[35m[BaseDriver]&amp#27;[39m     {}
[debug] &amp#27;[35m[BaseDriver]&amp#27;[39m   ]
[debug] &amp#27;[35m[BaseDriver]&amp#27;[39m }
&amp#27;[35m[BaseDriver]&amp#27;[39m Number capability passed in as string. Functionality may be compromised.
&amp#27;[35m[BaseDriver]&amp#27;[39m Capability 'noReset' changed from string to boolean. This may cause unexpected behavior
&amp#27;[35m[BaseDriver]&amp#27;[39m Capability 'fullReset' changed from string to boolean. This may cause unexpected behavior
&amp#27;[35m[BaseDriver]&amp#27;[39m Capability 'autoGrantPermissions' changed from string to boolean. This may cause unexpected behavior
&amp#27;[35m[BaseDriver]&amp#27;[39m Capability 'appWaitDuration' changed from string ('10000') to integer (10000). This may cause unexpected behavior
&amp#27;[35m[BaseDriver]&amp#27;[39m Session created with session id: 86f0faee-62e3-4563-8a06-385facc1d7ce
&amp#27;[35m[UiAutomator2]&amp#27;[39m Starting 'com.google.android.deskclock' directly on the device
&amp#27;[35m[ADB]&amp#27;[39m Found 1 'build-tools' folders under 'C:\Users\NITISH DASH\AppData\Local\Android\Sdk' (newest first):
&amp#27;[35m[ADB]&amp#27;[39m     C:/Users/NITISH DASH/AppData/Local/Android/Sdk/build-tools/29.0.2
&amp#27;[35m[ADB]&amp#27;[39m Using 'adb.exe' from 'C:\Users\NITISH DASH\AppData\Local\Android\Sdk\platform-tools\adb.exe'
&amp#27;[35m[AndroidDriver]&amp#27;[39m Retrieving device list
[debug] &amp#27;[35m[ADB]&amp#27;[39m Trying to find a connected android device
[debug] &amp#27;[35m[ADB]&amp#27;[39m Getting connected devices...
[debug] &amp#27;[35m[ADB]&amp#27;[39m Connected devices: [{"udid":"emulator-5554","state":"device"}]
&amp#27;[35m[AndroidDriver]&amp#27;[39m Looking for a device with Android '8.1.0'
[debug] &amp#27;[35m[ADB]&amp#27;[39m Setting device id to emulator-5554
&amp#27;[35m[ADB]&amp#27;[39m Getting device platform version
[debug] &amp#27;[35m[ADB]&amp#27;[39m Running 'C:\Users\NITISH DASH\AppData\Local\Android\Sdk\platform-tools\adb.exe -P 5037 -s emulator-5554 shell getprop ro.build.version.release'
[debug] &amp#27;[35m[ADB]&amp#27;[39m Current device property 'ro.build.version.release': 8.1.0
&amp#27;[35m[AndroidDriver]&amp#27;[39m Using device: emulator-5554
&amp#27;[35m[ADB]&amp#27;[39m Using 'adb.exe' from 'C:\Users\NITISH DASH\AppData\Local\Android\Sdk\platform-tools\adb.exe'
[debug] &amp#27;[35m[ADB]&amp#27;[39m Setting device id to emulator-5554
[debug] &amp#27;[35m[ADB]&amp#27;[39m Running 'C:\Users\NITISH DASH\AppData\Local\Android\Sdk\platform-tools\adb.exe -P 5037 -s emulator-5554 shell getprop ro.build.version.sdk'
[debug] &amp#27;[35m[ADB]&amp#27;[39m Current device property 'ro.build.version.sdk': 27
[debug] &amp#27;[35m[ADB]&amp#27;[39m Device API level: 27
&amp#27;[35m[AndroidDriver]&amp#27;[39m No app sent in, not parsing package/activity
[debug] &amp#27;[35m[ADB]&amp#27;[39m Running 'C:\Users\NITISH DASH\AppData\Local\Android\Sdk\platform-tools\adb.exe -P 5037 -s emulator-5554 wait-for-device'
[debug] &amp#27;[35m[ADB]&amp#27;[39m Running 'C:\Users\NITISH DASH\AppData\Local\Android\Sdk\platform-tools\adb.exe -P 5037 -s emulator-5554 shell echo ping'
[debug] &amp#27;[35m[AndroidDriver]&amp#27;[39m Pushing settings apk to device...
[debug] &amp#27;[35m[ADB]&amp#27;[39m Getting install status for io.appium.settings
[debug] &amp#27;[35m[ADB]&amp#27;[39m Running 'C:\Users\NITISH DASH\AppData\Local\Android\Sdk\platform-tools\adb.exe -P 5037 -s emulator-5554 shell dumpsys package io.appium.settings'
[debug] &amp#27;[35m[ADB]&amp#27;[39m 'io.appium.settings' is installed
[debug] &amp#27;[35m[ADB]&amp#27;[39m Getting package info for 'io.appium.settings'
[debug] &amp#27;[35m[ADB]&amp#27;[39m Running 'C:\Users\NITISH DASH\AppData\Local\Android\Sdk\platform-tools\adb.exe -P 5037 -s emulator-5554 shell dumpsys package io.appium.settings'
[debug] &amp#27;[35m[ADB]&amp#27;[39m The version name of the installed 'io.appium.settings' is greater or equal to the application version name ('3.1.0' >= '3.1.0')
[debug] &amp#27;[35m[ADB]&amp#27;[39m There is no need to install/upgrade 'C:\Users\NITISH DASH\AppData\Roaming\npm\node_modules\appium\node_modules\io.appium.settings\apks\settings_apk-debug.apk'
[debug] &amp#27;[35m[ADB]&amp#27;[39m Getting IDs of all 'io.appium.settings' processes
[debug] &amp#27;[35m[ADB]&amp#27;[39m Running 'C:\Users\NITISH DASH\AppData\Local\Android\Sdk\platform-tools\adb.exe -P 5037 -s emulator-5554 shell 'pgrep --help; echo $?''
[debug] &amp#27;[35m[ADB]&amp#27;[39m Running 'C:\Users\NITISH DASH\AppData\Local\Android\Sdk\platform-tools\adb.exe -P 5037 -s emulator-5554 shell pgrep -f io\\.appium\\.settings'
[debug] &amp#27;[35m[AndroidDriver]&amp#27;[39m io.appium.settings is already running. There is no need to reset its permissions.
[debug] &amp#27;[35m[ADB]&amp#27;[39m Running 'C:\Users\NITISH DASH\AppData\Local\Android\Sdk\platform-tools\adb.exe -P 5037 -s emulator-5554 shell appops set io.appium.settings android\:mock_location allow'
[debug] &amp#27;[35m[Logcat]&amp#27;[39m Starting logcat capture
[debug] &amp#27;[35m[UiAutomator2]&amp#27;[39m Forwarding UiAutomator2 Server port 6790 to 8200
[debug] &amp#27;[35m[ADB]&amp#27;[39m Forwarding system: 8200 to device: 6790
[debug] &amp#27;[35m[ADB]&amp#27;[39m Running 'C:\Users\NITISH DASH\AppData\Local\Android\Sdk\platform-tools\adb.exe -P 5037 -s emulator-5554 forward tcp\:8200 tcp\:6790'
[debug] &amp#27;[35m[ADB]&amp#27;[39m Getting install status for io.appium.uiautomator2.server
[debug] &amp#27;[35m[ADB]&amp#27;[39m Running 'C:\Users\NITISH DASH\AppData\Local\Android\Sdk\platform-tools\adb.exe -P 5037 -s emulator-5554 shell dumpsys package io.appium.uiautomator2.server'
[debug] &amp#27;[35m[ADB]&amp#27;[39m 'io.appium.uiautomator2.server' is installed
[debug] &amp#27;[35m[ADB]&amp#27;[39m Getting package info for 'io.appium.uiautomator2.server'
[debug] &amp#27;[35m[ADB]&amp#27;[39m Running 'C:\Users\NITISH DASH\AppData\Local\Android\Sdk\platform-tools\adb.exe -P 5037 -s emulator-5554 shell dumpsys package io.appium.uiautomator2.server'
[debug] &amp#27;[35m[ADB]&amp#27;[39m The version name of the installed 'io.appium.uiautomator2.server' is greater or equal to the application version name ('4.5.5' >= '4.5.5')
[debug] &amp#27;[35m[UiAutomator2]&amp#27;[39m io.appium.uiautomator2.server installation state: sameVersionInstalled
[debug] &amp#27;[35m[ADB]&amp#27;[39m Checking app cert for C:\Users\NITISH DASH\AppData\Roaming\npm\node_modules\appium\node_modules\appium-uiautomator2-server\apks\appium-uiautomator2-server-v4.5.5.apk
&amp#27;[35m[ADB]&amp#27;[39m Using 'apksigner.jar' from 'C:\Users\NITISH DASH\AppData\Local\Android\Sdk\build-tools\29.0.2\lib\apksigner.jar'
[debug] &amp#27;[35m[ADB]&amp#27;[39m Starting apksigner: 'C:\\Program Files\\Java\\jdk-13.0.1\\bin\\java.exe' -Xmx1024M -Xss1m -jar 'C:\\Users\\NITISH DASH\\AppData\\Local\\Android\\Sdk\\build-tools\\29.0.2\\lib\\apksigner.jar' verify --print-certs 'C:\\Users\\NITISH DASH\\AppData\\Roaming\\npm\\node_modules\\appium\\node_modules\\appium-uiautomator2-server\\apks\\appium-uiautomator2-server-v4.5.5.apk'
[debug] &amp#27;[35m[ADB]&amp#27;[39m apksigner stdout: Signer #1 certificate DN: EMAILADDRESS=android@android.com, CN=Android, OU=Android, O=Android, L=Mountain View, ST=California, C=US
[debug] &amp#27;[35m[ADB]&amp#27;[39m Signer #1 certificate SHA-256 digest: a40da80a59d170caa950cf15c18c454d47a39b26989d8b640ecd745ba71bf5dc
[debug] &amp#27;[35m[ADB]&amp#27;[39m Signer #1 certificate SHA-1 digest: 61ed377e85d386a8dfee6b864bd85b0bfaa5af81
[debug] &amp#27;[35m[ADB]&amp#27;[39m Signer #1 certificate MD5 digest: e89b158e4bcf988ebd09eb83f5378e87
[debug] &amp#27;[35m[ADB]&amp#27;[39m 
[debug] &amp#27;[35m[ADB]&amp#27;[39m 'C:\Users\NITISH DASH\AppData\Roaming\npm\node_modules\appium\node_modules\appium-uiautomator2-server\apks\appium-uiautomator2-server-v4.5.5.apk' is signed with the default certificate
[debug] &amp#27;[35m[ADB]&amp#27;[39m Getting install status for io.appium.uiautomator2.server.test
[debug] &amp#27;[35m[ADB]&amp#27;[39m Running 'C:\Users\NITISH DASH\AppData\Local\Android\Sdk\platform-tools\adb.exe -P 5037 -s emulator-5554 shell dumpsys package io.appium.uiautomator2.server.test'
[debug] &amp#27;[35m[ADB]&amp#27;[39m 'io.appium.uiautomator2.server.test' is installed
[debug] &amp#27;[35m[ADB]&amp#27;[39m Checking app cert for C:\Users\NITISH DASH\AppData\Roaming\npm\node_modules\appium\node_modules\appium-uiautomator2-server\apks\appium-uiautomator2-server-debug-androidTest.apk
[debug] &amp#27;[35m[ADB]&amp#27;[39m Starting apksigner: 'C:\\Program Files\\Java\\jdk-13.0.1\\bin\\java.exe' -Xmx1024M -Xss1m -jar 'C:\\Users\\NITISH DASH\\AppData\\Local\\Android\\Sdk\\build-tools\\29.0.2\\lib\\apksigner.jar' verify --print-certs 'C:\\Users\\NITISH DASH\\AppData\\Roaming\\npm\\node_modules\\appium\\node_modules\\appium-uiautomator2-server\\apks\\appium-uiautomator2-server-debug-androidTest.apk'
[debug] &amp#27;[35m[ADB]&amp#27;[39m apksigner stdout: Signer #1 certificate DN: EMAILADDRESS=android@android.com, CN=Android, OU=Android, O=Android, L=Mountain View, ST=California, C=US
[debug] &amp#27;[35m[ADB]&amp#27;[39m Signer #1 certificate SHA-256 digest: a40da80a59d170caa950cf15c18c454d47a39b26989d8b640ecd745ba71bf5dc
[debug] &amp#27;[35m[ADB]&amp#27;[39m Signer #1 certificate SHA-1 digest: 61ed377e85d386a8dfee6b864bd85b0bfaa5af81
[debug] &amp#27;[35m[ADB]&amp#27;[39m Signer #1 certificate MD5 digest: e89b158e4bcf988ebd09eb83f5378e87
[debug] &amp#27;[35m[ADB]&amp#27;[39m 
[debug] &amp#27;[35m[ADB]&amp#27;[39m 'C:\Users\NITISH DASH\AppData\Roaming\npm\node_modules\appium\node_modules\appium-uiautomator2-server\apks\appium-uiautomator2-server-debug-androidTest.apk' is signed with the default certificate
&amp#27;[35m[UiAutomator2]&amp#27;[39m Server packages are not going to be (re)installed
[debug] &amp#27;[35m[UiAutomator2]&amp#27;[39m Waiting up to 30000ms for services to be available
[debug] &amp#27;[35m[ADB]&amp#27;[39m Running 'C:\Users\NITISH DASH\AppData\Local\Android\Sdk\platform-tools\adb.exe -P 5037 -s emulator-5554 shell pm list instrumentation'
[debug] &amp#27;[35m[UiAutomator2]&amp#27;[39m Instrumentation target 'io.appium.uiautomator2.server.test/androidx.test.runner.AndroidJUnitRunner' is available
[debug] &amp#27;[35m[UiAutomator2]&amp#27;[39m No app capability. Assuming it is already on the device
[debug] &amp#27;[35m[UiAutomator2]&amp#27;[39m Performing shallow cleanup of automation leftovers
[debug] &amp#27;[35m[UiAutomator2]&amp#27;[39m The following obsolete sessions are still running: ["a4bbfb0c-c5ed-469b-85f8-b590f421ce17"]
[debug] &amp#27;[35m[UiAutomator2]&amp#27;[39m Cleaning up the obsolete sessions
[debug] &amp#27;[35m[ADB]&amp#27;[39m Running 'C:\Users\NITISH DASH\AppData\Local\Android\Sdk\platform-tools\adb.exe -P 5037 -s emulator-5554 shell am force-stop io.appium.uiautomator2.server.test'
&amp#27;[35m[UiAutomator2]&amp#27;[39m Starting UIAutomator2 server 4.5.5
&amp#27;[35m[UiAutomator2]&amp#27;[39m Using UIAutomator2 server from 'C:\Users\NITISH DASH\AppData\Roaming\npm\node_modules\appium\node_modules\appium-uiautomator2-server\apks\appium-uiautomator2-server-v4.5.5.apk' and test from 'C:\Users\NITISH DASH\AppData\Roaming\npm\node_modules\appium\node_modules\appium-uiautomator2-server\apks\appium-uiautomator2-server-debug-androidTest.apk'
&amp#27;[35m[UiAutomator2]&amp#27;[39m Waiting up to 30000ms for UiAutomator2 to be online...
[debug] &amp#27;[35m[ADB]&amp#27;[39m Creating ADB subprocess with args: ["-P",5037,"-s","emulator-5554","shell","am","instrument","-w","io.appium.uiautomator2.server.test/androidx.test.runner.AndroidJUnitRunner"]
[debug] &amp#27;[35m[Instrumentation]&amp#27;[39m io.appium.uiautomator2.server.test.AppiumUiAutomator2Server:
[debug] &amp#27;[35m[WD Proxy]&amp#27;[39m Matched '/status' to command name 'getStatus'
[debug] &amp#27;[35m[WD Proxy]&amp#27;[39m Proxying [GET /status] to [GET http://127.0.0.1:8200/wd/hub/status] with no body
&amp#27;[35m[WD Proxy]&amp#27;[39m Got response with unknown status: {"code":"ECONNRESET"}
[debug] &amp#27;[35m[WD Proxy]&amp#27;[39m Matched '/status' to command name 'getStatus'
[debug] &amp#27;[35m[WD Proxy]&amp#27;[39m Proxying [GET /status] to [GET http://127.0.0.1:8200/wd/hub/status] with no body
[debug] &amp#27;[35m[WD Proxy]&amp#27;[39m Got response with status 200: {"sessionId":"None","value":{"ready":true,"message":"UiAutomator2 Server is ready to accept commands"}}
[debug] &amp#27;[35m[UiAutomator2]&amp#27;[39m The initialization of the instrumentation process took 2113ms
[debug] &amp#27;[35m[WD Proxy]&amp#27;[39m Matched '/session' to command name 'createSession'
[debug] &amp#27;[35m[WD Proxy]&amp#27;[39m Proxying [POST /session] to [POST http://127.0.0.1:8200/wd/hub/session] with body: {"capabilities":{"firstMatch":[{"platform":"LINUX","webStorageEnabled":false,"takesScreenshot":true,"javascriptEnabled":true,"databaseEnabled":false,"networkConnectionEnabled":true,"locationContextEnabled":false,"warnings":{},"desired":{"platformName":"android","appActivity":"com.android.deskclock.DeskClock","appPackage":"com.google.android.deskclock","appWaitDuration":10000,"autoGrantPermissions":true,"automationName":"UiAutomator2","deviceName":"emulator-5554","fullReset":false,"noReset":true,"platformVersion":"8.1"},"platformName":"android","appActivity":"com.android.deskclock.DeskClock","appPackage":"com.google.android.deskclock","appWaitDuration":10000,"autoGrantPermissions":true,"automationName":"UiAutomator2","deviceName":"emulator-5554","fullReset":false,"noReset":true,"platformVersion":"8.1","deviceUDID":"emulator-5554"}],"alwaysMatch":{}}}
[debug] &amp#27;[35m[WD Proxy]&amp#27;[39m Got response with status 200: {"sessionId":"1a4d4e2f-5834-429a-a660-5ed10b6c7cf4","value":{"sessionId":"1a4d4e2f-5834-429a-a660-5ed10b6c7cf4","capabilities":{"firstMatch":[{"platform":"LINUX","webStorageEnabled":false,"takesScreenshot":true,"javascriptEnabled":true,"databaseEnabled":false,"networkConnectionEnabled":true,"locationContextEnabled":false,"warnings":{},"desired":{"platformName":"android","appActivity":"com.android.deskclock.DeskClock","appPackage":"com.google.android.deskclock","appWaitDuration":10000,"autoGrantPermissions":true,"automationName":"UiAutomator2","deviceName":"emulator-5554","fullReset":false,"noReset":true,"platformVersion":"8.1"},"platformName":"android","appActivity":"com.android.deskclock.DeskClock","appPackage":"com.google.android.deskclock","appWaitDuration":10000,"autoGrantPermissions":true,"automationName":"UiAutomator2","deviceName":"emulator-5554","fullReset":false,"noReset":true,"platformVersion":"8.1","deviceUDID":"emulator-5554"}],"alwaysMatch":{}}}}
&amp#27;[35m[WD Proxy]&amp#27;[39m Determined the downstream protocol as 'W3C'
[debug] &amp#27;[35m[WD Proxy]&amp#27;[39m Proxying [GET /appium/device/info] to [GET http://127.0.0.1:8200/wd/hub/session/1a4d4e2f-5834-429a-a660-5ed10b6c7cf4/appium/device/info] with no body
[debug] &amp#27;[35m[WD Proxy]&amp#27;[39m Got response with status 200: {"sessionId":"1a4d4e2f-5834-429a-a660-5ed10b6c7cf4","value":{"androidId":"0a14332d0f264ac0","manufacturer":"Google","model":"Android SDK built for x86","brand":"google","apiVersion":"27","platformVersion":"8.1.0","carrierName":"Android","realDisplaySize":"768x1280","displayDensity":320,"networks":[{"type":0,"typeName":"MOBILE","subtype":13,"subtypeName":"LTE","isConnected":true,"detailedState":"CONNECTED","state":"CONNECTED","extraInfo":"epc.tmobile.com","isAvailable":true,"isFailover":false,"isRoaming":false,"capabilities":{"transportTypes":"TRANSPORT_CELLULAR","networkCapabilities":"NET_CAPABILITY_MMS,NET_CAPABILITY_SUPL,NET_CAPABILITY_DUN,NET_CAPABILITY_FOTA,NET_CAPABILITY_IMS,NET_CAPABILITY_CBS,NET_CAPABILITY_IA,NET_CAPABILITY_INTERNET,NET_CAPABILITY_NOT_RESTRICTED,NET_CAPABILITY_TRUSTED,NET_CAPABILITY_NOT_VPN,NET_CAPABILITY_VALIDATED","linkUpstreamBandwidthKbps":51200,"linkDownBandwidthKbps":102400,"signalStrength":-2147483648,"networkSpecifier":"1","SSID":null}},{"type":1,"typeName":"WIFI","subtype":...
[debug] &amp#27;[35m[ADB]&amp#27;[39m Running 'C:\Users\NITISH DASH\AppData\Local\Android\Sdk\platform-tools\adb.exe -P 5037 -s emulator-5554 shell dumpsys window'
&amp#27;[35m[AndroidDriver]&amp#27;[39m Screen already unlocked, doing nothing
&amp#27;[35m[UiAutomator2]&amp#27;[39m Starting 'com.google.android.deskclock/com.android.deskclock.DeskClock and waiting for 'com.google.android.deskclock/com.android.deskclock.DeskClock'
[debug] &amp#27;[35m[ADB]&amp#27;[39m Running 'C:\Users\NITISH DASH\AppData\Local\Android\Sdk\platform-tools\adb.exe -P 5037 -s emulator-5554 shell am start -W -n com.google.android.deskclock/com.android.deskclock.DeskClock -S -a android.intent.action.MAIN -c android.intent.category.LAUNCHER -f 0x10200000'
[debug] &amp#27;[35m[WD Proxy]&amp#27;[39m Proxying [GET /appium/device/pixel_ratio] to [GET http://127.0.0.1:8200/wd/hub/session/1a4d4e2f-5834-429a-a660-5ed10b6c7cf4/appium/device/pixel_ratio] with body: {}
[debug] &amp#27;[35m[WD Proxy]&amp#27;[39m Got response with status 200: {"sessionId":"1a4d4e2f-5834-429a-a660-5ed10b6c7cf4","value":2}
[debug] &amp#27;[35m[WD Proxy]&amp#27;[39m Matched '/appium/device/system_bars' to command name 'getSystemBars'
[debug] &amp#27;[35m[WD Proxy]&amp#27;[39m Proxying [GET /appium/device/system_bars] to [GET http://127.0.0.1:8200/wd/hub/session/1a4d4e2f-5834-429a-a660-5ed10b6c7cf4/appium/device/system_bars] with body: {}
[debug] &amp#27;[35m[WD Proxy]&amp#27;[39m Got response with status 200: {"sessionId":"1a4d4e2f-5834-429a-a660-5ed10b6c7cf4","value":{"statusBar":48}}
[debug] &amp#27;[35m[WD Proxy]&amp#27;[39m Matched '/window/current/size' to command name 'getWindowSize'
[debug] &amp#27;[35m[WD Proxy]&amp#27;[39m Proxying [GET /window/current/size] to [GET http://127.0.0.1:8200/wd/hub/session/1a4d4e2f-5834-429a-a660-5ed10b6c7cf4/window/current/size] with body: {}
[debug] &amp#27;[35m[WD Proxy]&amp#27;[39m Got response with status 200: {"sessionId":"1a4d4e2f-5834-429a-a660-5ed10b6c7cf4","value":{"height":1280,"width":768}}
&amp#27;[35m[Appium]&amp#27;[39m New AndroidUiautomator2Driver session created successfully, session 86f0faee-62e3-4563-8a06-385facc1d7ce added to master session list
[debug] &amp#27;[35m[BaseDriver]&amp#27;[39m Event 'newSessionStarted' logged at 1595415077015 (16:21:17 GMT+0530 (India Standard Time))
[debug] &amp#27;[35m[W3C (86f0faee)]&amp#27;[39m Cached the protocol value 'W3C' for the new session 86f0faee-62e3-4563-8a06-385facc1d7ce
[debug] &amp#27;[35m[W3C (86f0faee)]&amp#27;[39m Responding to client with driver.createSession() result: {"capabilities":{"platform":"LINUX","webStorageEnabled":false,"takesScreenshot":true,"javascriptEnabled":true,"databaseEnabled":false,"networkConnectionEnabled":true,"locationContextEnabled":false,"warnings":{},"desired":{"platformName":"android","appActivity":"com.android.deskclock.DeskClock","appPackage":"com.google.android.deskclock","appWaitDuration":10000,"autoGrantPermissions":true,"automationName":"UiAutomator2","deviceName":"emulator-5554","fullReset":false,"noReset":true,"platformVersion":"8.1"},"platformName":"android","appActivity":"com.android.deskclock.DeskClock","appPackage":"com.google.android.deskclock","appWaitDuration":10000,"autoGrantPermissions":true,"automationName":"UiAutomator2","deviceName":"emulator-5554","fullReset":false,"noReset":true,"platformVersion":"8.1.0","deviceUDID":"emulator-5554","deviceApiLevel":27,"deviceScreenSize":"768x1280","deviceScreenDensity":320,"deviceModel":"Android SDK built for x86","deviceManufacturer":"Google","pixelRatio":2,"statBarHeight":48,"viewportRe...
&amp#27;[35m[HTTP]&amp#27;[39m &amp#27;[37m<-- POST /wd/hub/session &amp#27;[39m&amp#27;[32m200&amp#27;[39m &amp#27;[90m7354 ms - 1133&amp#27;[39m
&amp#27;[35m[HTTP]&amp#27;[39m &amp#27;[90m&amp#27;[39m
&amp#27;[35m[HTTP]&amp#27;[39m &amp#27;[37m-->&amp#27;[39m &amp#27;[37mGET&amp#27;[39m &amp#27;[37m/wd/hub/session/86f0faee-62e3-4563-8a06-385facc1d7ce&amp#27;[39m
&amp#27;[35m[HTTP]&amp#27;[39m &amp#27;[90m{}&amp#27;[39m
[debug] &amp#27;[35m[W3C (86f0faee)]&amp#27;[39m Calling AppiumDriver.getSession() with args: ["86f0faee-62e3-4563-8a06-385facc1d7ce"]
[debug] &amp#27;[35m[UiAutomator2]&amp#27;[39m Getting session details from server to mix in
[debug] &amp#27;[35m[WD Proxy]&amp#27;[39m Matched '/' to command name 'getSession'
[debug] &amp#27;[35m[WD Proxy]&amp#27;[39m Proxying [GET /] to [GET http://127.0.0.1:8200/wd/hub/session/1a4d4e2f-5834-429a-a660-5ed10b6c7cf4] with body: {}
[debug] &amp#27;[35m[WD Proxy]&amp#27;[39m Got response with status 200: {"sessionId":"1a4d4e2f-5834-429a-a660-5ed10b6c7cf4","value":{}}
[debug] &amp#27;[35m[W3C (86f0faee)]&amp#27;[39m Responding to client with driver.getSession() result: {"platform":"LINUX","webStorageEnabled":false,"takesScreenshot":true,"javascriptEnabled":true,"databaseEnabled":false,"networkConnectionEnabled":true,"locationContextEnabled":false,"warnings":{},"desired":{"platformName":"android","appActivity":"com.android.deskclock.DeskClock","appPackage":"com.google.android.deskclock","appWaitDuration":10000,"autoGrantPermissions":true,"automationName":"UiAutomator2","deviceName":"emulator-5554","fullReset":false,"noReset":true,"platformVersion":"8.1"},"platformName":"android","appActivity":"com.android.deskclock.DeskClock","appPackage":"com.google.android.deskclock","appWaitDuration":10000,"autoGrantPermissions":true,"automationName":"UiAutomator2","deviceName":"emulator-5554","fullReset":false,"noReset":true,"platformVersion":"8.1.0","deviceUDID":"emulator-5554","deviceApiLevel":27,"deviceScreenSize":"768x1280","deviceScreenDensity":320,"deviceModel":"Android SDK built for x86","deviceManufacturer":"Google","pixelRatio":2,"statBarHeight":48,"viewportRect":{"left":0,"t...
&amp#27;[35m[HTTP]&amp#27;[39m &amp#27;[37m<-- GET /wd/hub/session/86f0faee-62e3-4563-8a06-385facc1d7ce &amp#27;[39m&amp#27;[32m200&amp#27;[39m &amp#27;[90m24 ms - 1065&amp#27;[39m
&amp#27;[35m[HTTP]&amp#27;[39m &amp#27;[90m&amp#27;[39m
&amp#27;[35m[HTTP]&amp#27;[39m &amp#27;[37m-->&amp#27;[39m &amp#27;[37mGET&amp#27;[39m &amp#27;[37m/wd/hub/session/86f0faee-62e3-4563-8a06-385facc1d7ce&amp#27;[39m
&amp#27;[35m[HTTP]&amp#27;[39m &amp#27;[90m{}&amp#27;[39m
[debug] &amp#27;[35m[W3C (86f0faee)]&amp#27;[39m Calling AppiumDriver.getSession() with args: ["86f0faee-62e3-4563-8a06-385facc1d7ce"]
[debug] &amp#27;[35m[UiAutomator2]&amp#27;[39m Getting session details from server to mix in
[debug] &amp#27;[35m[WD Proxy]&amp#27;[39m Matched '/' to command name 'getSession'
[debug] &amp#27;[35m[WD Proxy]&amp#27;[39m Proxying [GET /] to [GET http://127.0.0.1:8200/wd/hub/session/1a4d4e2f-5834-429a-a660-5ed10b6c7cf4] with body: {}
[debug] &amp#27;[35m[WD Proxy]&amp#27;[39m Got response with status 200: {"sessionId":"1a4d4e2f-5834-429a-a660-5ed10b6c7cf4","value":{}}
[debug] &amp#27;[35m[W3C (86f0faee)]&amp#27;[39m Responding to client with driver.getSession() result: {"platform":"LINUX","webStorageEnabled":false,"takesScreenshot":true,"javascriptEnabled":true,"databaseEnabled":false,"networkConnectionEnabled":true,"locationContextEnabled":false,"warnings":{},"desired":{"platformName":"android","appActivity":"com.android.deskclock.DeskClock","appPackage":"com.google.android.deskclock","appWaitDuration":10000,"autoGrantPermissions":true,"automationName":"UiAutomator2","deviceName":"emulator-5554","fullReset":false,"noReset":true,"platformVersion":"8.1"},"platformName":"android","appActivity":"com.android.deskclock.DeskClock","appPackage":"com.google.android.deskclock","appWaitDuration":10000,"autoGrantPermissions":true,"automationName":"UiAutomator2","deviceName":"emulator-5554","fullReset":false,"noReset":true,"platformVersion":"8.1.0","deviceUDID":"emulator-5554","deviceApiLevel":27,"deviceScreenSize":"768x1280","deviceScreenDensity":320,"deviceModel":"Android SDK built for x86","deviceManufacturer":"Google","pixelRatio":2,"statBarHeight":48,"viewportRect":{"left":0,"t...
&amp#27;[35m[HTTP]&amp#27;[39m &amp#27;[37m<-- GET /wd/hub/session/86f0faee-62e3-4563-8a06-385facc1d7ce &amp#27;[39m&amp#27;[32m200&amp#27;[39m &amp#27;[90m22 ms - 1065&amp#27;[39m
&amp#27;[35m[HTTP]&amp#27;[39m &amp#27;[90m&amp#27;[39m
&amp#27;[35m[HTTP]&amp#27;[39m &amp#27;[37m-->&amp#27;[39m &amp#27;[37mPOST&amp#27;[39m &amp#27;[37m/wd/hub/session/86f0faee-62e3-4563-8a06-385facc1d7ce/timeouts&amp#27;[39m
&amp#27;[35m[HTTP]&amp#27;[39m &amp#27;[90m{"implicit":20000}&amp#27;[39m
[debug] &amp#27;[35m[W3C (86f0faee)]&amp#27;[39m Calling AppiumDriver.timeouts() with args: [null,null,null,null,20000,"86f0faee-62e3-4563-8a06-385facc1d7ce"]
[debug] &amp#27;[35m[BaseDriver]&amp#27;[39m W3C timeout argument: {"implicit":20000}}
[debug] &amp#27;[35m[BaseDriver]&amp#27;[39m Set implicit wait to 20000ms
[debug] &amp#27;[35m[W3C (86f0faee)]&amp#27;[39m Responding to client with driver.timeouts() result: null
&amp#27;[35m[HTTP]&amp#27;[39m &amp#27;[37m<-- POST /wd/hub/session/86f0faee-62e3-4563-8a06-385facc1d7ce/timeouts &amp#27;[39m&amp#27;[32m200&amp#27;[39m &amp#27;[90m6 ms - 14&amp#27;[39m
&amp#27;[35m[HTTP]&amp#27;[39m &amp#27;[90m&amp#27;[39m
&amp#27;[35m[HTTP]&amp#27;[39m &amp#27;[37m-->&amp#27;[39m &amp#27;[37mPOST&amp#27;[39m &amp#27;[37m/wd/hub/session/86f0faee-62e3-4563-8a06-385facc1d7ce/element&amp#27;[39m
&amp#27;[35m[HTTP]&amp#27;[39m &amp#27;[90m{"using":"xpath","value":"//android.widget.TextView[@text='CLOCK']"}&amp#27;[39m
[debug] &amp#27;[35m[W3C (86f0faee)]&amp#27;[39m Calling AppiumDriver.findElement() with args: ["xpath","//android.widget.TextView[@text='CLOCK']","86f0faee-62e3-4563-8a06-385facc1d7ce"]
[debug] &amp#27;[35m[BaseDriver]&amp#27;[39m Valid locator strategies for this request: xpath, id, class name, accessibility id, -android uiautomator
[debug] &amp#27;[35m[BaseDriver]&amp#27;[39m Waiting up to 20000 ms for condition
[debug] &amp#27;[35m[WD Proxy]&amp#27;[39m Matched '/element' to command name 'findElement'
[debug] &amp#27;[35m[WD Proxy]&amp#27;[39m Proxying [POST /element] to [POST http://127.0.0.1:8200/wd/hub/session/1a4d4e2f-5834-429a-a660-5ed10b6c7cf4/element] with body: {"strategy":"xpath","selector":"//android.widget.TextView[@text='CLOCK']","context":"","multiple":false}
[debug] &amp#27;[35m[WD Proxy]&amp#27;[39m Got response with status 200: {"sessionId":"1a4d4e2f-5834-429a-a660-5ed10b6c7cf4","value":{"ELEMENT":"5fb83690-b8c3-4b07-993b-b2b5d69ee427","element-6066-11e4-a52e-4f735466cecf":"5fb83690-b8c3-4b07-993b-b2b5d69ee427"}}
[debug] &amp#27;[35m[W3C (86f0faee)]&amp#27;[39m Responding to client with driver.findElement() result: {"element-6066-11e4-a52e-4f735466cecf":"5fb83690-b8c3-4b07-993b-b2b5d69ee427","ELEMENT":"5fb83690-b8c3-4b07-993b-b2b5d69ee427"}
&amp#27;[35m[HTTP]&amp#27;[39m &amp#27;[37m<-- POST /wd/hub/session/86f0faee-62e3-4563-8a06-385facc1d7ce/element &amp#27;[39m&amp#27;[32m200&amp#27;[39m &amp#27;[90m777 ms - 137&amp#27;[39m
&amp#27;[35m[HTTP]&amp#27;[39m &amp#27;[90m&amp#27;[39m
&amp#27;[35m[HTTP]&amp#27;[39m &amp#27;[37m-->&amp#27;[39m &amp#27;[37mPOST&amp#27;[39m &amp#27;[37m/wd/hub/session/86f0faee-62e3-4563-8a06-385facc1d7ce/element/5fb83690-b8c3-4b07-993b-b2b5d69ee427/click&amp#27;[39m
&amp#27;[35m[HTTP]&amp#27;[39m &amp#27;[90m{"id":"5fb83690-b8c3-4b07-993b-b2b5d69ee427"}&amp#27;[39m
[debug] &amp#27;[35m[W3C (86f0faee)]&amp#27;[39m Calling AppiumDriver.click() with args: ["5fb83690-b8c3-4b07-993b-b2b5d69ee427","86f0faee-62e3-4563-8a06-385facc1d7ce"]
[debug] &amp#27;[35m[WD Proxy]&amp#27;[39m Matched '/element/5fb83690-b8c3-4b07-993b-b2b5d69ee427/click' to command name 'click'
[debug] &amp#27;[35m[WD Proxy]&amp#27;[39m Proxying [POST /element/5fb83690-b8c3-4b07-993b-b2b5d69ee427/click] to [POST http://127.0.0.1:8200/wd/hub/session/1a4d4e2f-5834-429a-a660-5ed10b6c7cf4/element/5fb83690-b8c3-4b07-993b-b2b5d69ee427/click] with body: {"element":"5fb83690-b8c3-4b07-993b-b2b5d69ee427"}
[debug] &amp#27;[35m[WD Proxy]&amp#27;[39m Got response with status 200: {"sessionId":"1a4d4e2f-5834-429a-a660-5ed10b6c7cf4","value":null}
[debug] &amp#27;[35m[W3C (86f0faee)]&amp#27;[39m Responding to client with driver.click() result: null
&amp#27;[35m[HTTP]&amp#27;[39m &amp#27;[37m<-- POST /wd/hub/session/86f0faee-62e3-4563-8a06-385facc1d7ce/element/5fb83690-b8c3-4b07-993b-b2b5d69ee427/click &amp#27;[39m&amp#27;[32m200&amp#27;[39m &amp#27;[90m61 ms - 14&amp#27;[39m
&amp#27;[35m[HTTP]&amp#27;[39m &amp#27;[90m&amp#27;[39m
&amp#27;[35m[HTTP]&amp#27;[39m &amp#27;[37m-->&amp#27;[39m &amp#27;[37mPOST&amp#27;[39m &amp#27;[37m/wd/hub/session/86f0faee-62e3-4563-8a06-385facc1d7ce/element&amp#27;[39m
&amp#27;[35m[HTTP]&amp#27;[39m &amp#27;[90m{"using":"xpath","value":"//android.widget.TextView[@text='TIMER']"}&amp#27;[39m
[debug] &amp#27;[35m[W3C (86f0faee)]&amp#27;[39m Calling AppiumDriver.findElement() with args: ["xpath","//android.widget.TextView[@text='TIMER']","86f0faee-62e3-4563-8a06-385facc1d7ce"]
[debug] &amp#27;[35m[BaseDriver]&amp#27;[39m Valid locator strategies for this request: xpath, id, class name, accessibility id, -android uiautomator
[debug] &amp#27;[35m[BaseDriver]&amp#27;[39m Waiting up to 20000 ms for condition
[debug] &amp#27;[35m[WD Proxy]&amp#27;[39m Matched '/element' to command name 'findElement'
[debug] &amp#27;[35m[WD Proxy]&amp#27;[39m Proxying [POST /element] to [POST http://127.0.0.1:8200/wd/hub/session/1a4d4e2f-5834-429a-a660-5ed10b6c7cf4/element] with body: {"strategy":"xpath","selector":"//android.widget.TextView[@text='TIMER']","context":"","multiple":false}
[debug] &amp#27;[35m[WD Proxy]&amp#27;[39m Got response with status 200: {"sessionId":"1a4d4e2f-5834-429a-a660-5ed10b6c7cf4","value":{"ELEMENT":"989a57f8-7797-4e39-b16b-bbeebd795a3e","element-6066-11e4-a52e-4f735466cecf":"989a57f8-7797-4e39-b16b-bbeebd795a3e"}}
[debug] &amp#27;[35m[W3C (86f0faee)]&amp#27;[39m Responding to client with driver.findElement() result: {"element-6066-11e4-a52e-4f735466cecf":"989a57f8-7797-4e39-b16b-bbeebd795a3e","ELEMENT":"989a57f8-7797-4e39-b16b-bbeebd795a3e"}
&amp#27;[35m[HTTP]&amp#27;[39m &amp#27;[37m<-- POST /wd/hub/session/86f0faee-62e3-4563-8a06-385facc1d7ce/element &amp#27;[39m&amp#27;[32m200&amp#27;[39m &amp#27;[90m1313 ms - 137&amp#27;[39m
&amp#27;[35m[HTTP]&amp#27;[39m &amp#27;[90m&amp#27;[39m
&amp#27;[35m[HTTP]&amp#27;[39m &amp#27;[37m-->&amp#27;[39m &amp#27;[37mPOST&amp#27;[39m &amp#27;[37m/wd/hub/session/86f0faee-62e3-4563-8a06-385facc1d7ce/element/989a57f8-7797-4e39-b16b-bbeebd795a3e/click&amp#27;[39m
&amp#27;[35m[HTTP]&amp#27;[39m &amp#27;[90m{"id":"989a57f8-7797-4e39-b16b-bbeebd795a3e"}&amp#27;[39m
[debug] &amp#27;[35m[W3C (86f0faee)]&amp#27;[39m Calling AppiumDriver.click() with args: ["989a57f8-7797-4e39-b16b-bbeebd795a3e","86f0faee-62e3-4563-8a06-385facc1d7ce"]
[debug] &amp#27;[35m[WD Proxy]&amp#27;[39m Matched '/element/989a57f8-7797-4e39-b16b-bbeebd795a3e/click' to command name 'click'
[debug] &amp#27;[35m[WD Proxy]&amp#27;[39m Proxying [POST /element/989a57f8-7797-4e39-b16b-bbeebd795a3e/click] to [POST http://127.0.0.1:8200/wd/hub/session/1a4d4e2f-5834-429a-a660-5ed10b6c7cf4/element/989a57f8-7797-4e39-b16b-bbeebd795a3e/click] with body: {"element":"989a57f8-7797-4e39-b16b-bbeebd795a3e"}
[debug] &amp#27;[35m[WD Proxy]&amp#27;[39m Got response with status 200: {"sessionId":"1a4d4e2f-5834-429a-a660-5ed10b6c7cf4","value":null}
[debug] &amp#27;[35m[W3C (86f0faee)]&amp#27;[39m Responding to client with driver.click() result: null
&amp#27;[35m[HTTP]&amp#27;[39m &amp#27;[37m<-- POST /wd/hub/session/86f0faee-62e3-4563-8a06-385facc1d7ce/element/989a57f8-7797-4e39-b16b-bbeebd795a3e/click &amp#27;[39m&amp#27;[32m200&amp#27;[39m &amp#27;[90m391 ms - 14&amp#27;[39m
&amp#27;[35m[HTTP]&amp#27;[39m &amp#27;[90m&amp#27;[39m
&amp#27;[35m[HTTP]&amp#27;[39m &amp#27;[37m-->&amp#27;[39m &amp#27;[37mPOST&amp#27;[39m &amp#27;[37m/wd/hub/session/86f0faee-62e3-4563-8a06-385facc1d7ce/element&amp#27;[39m
&amp#27;[35m[HTTP]&amp#27;[39m &amp#27;[90m{"using":"xpath","value":"//android.widget.TextView[@text='STOPWATCH']"}&amp#27;[39m
[debug] &amp#27;[35m[W3C (86f0faee)]&amp#27;[39m Calling AppiumDriver.findElement() with args: ["xpath","//android.widget.TextView[@text='STOPWATCH']","86f0faee-62e3-4563-8a06-385facc1d7ce"]
[debug] &amp#27;[35m[BaseDriver]&amp#27;[39m Valid locator strategies for this request: xpath, id, class name, accessibility id, -android uiautomator
[debug] &amp#27;[35m[BaseDriver]&amp#27;[39m Waiting up to 20000 ms for condition
[debug] &amp#27;[35m[WD Proxy]&amp#27;[39m Matched '/element' to command name 'findElement'
[debug] &amp#27;[35m[WD Proxy]&amp#27;[39m Proxying [POST /element] to [POST http://127.0.0.1:8200/wd/hub/session/1a4d4e2f-5834-429a-a660-5ed10b6c7cf4/element] with body: {"strategy":"xpath","selector":"//android.widget.TextView[@text='STOPWATCH']","context":"","multiple":false}
[debug] &amp#27;[35m[WD Proxy]&amp#27;[39m Got response with status 200: {"sessionId":"1a4d4e2f-5834-429a-a660-5ed10b6c7cf4","value":{"ELEMENT":"f042e981-7f96-4208-abeb-67cc51b46db0","element-6066-11e4-a52e-4f735466cecf":"f042e981-7f96-4208-abeb-67cc51b46db0"}}
[debug] &amp#27;[35m[W3C (86f0faee)]&amp#27;[39m Responding to client with driver.findElement() result: {"element-6066-11e4-a52e-4f735466cecf":"f042e981-7f96-4208-abeb-67cc51b46db0","ELEMENT":"f042e981-7f96-4208-abeb-67cc51b46db0"}
&amp#27;[35m[HTTP]&amp#27;[39m &amp#27;[37m<-- POST /wd/hub/session/86f0faee-62e3-4563-8a06-385facc1d7ce/element &amp#27;[39m&amp#27;[32m200&amp#27;[39m &amp#27;[90m272 ms - 137&amp#27;[39m
&amp#27;[35m[HTTP]&amp#27;[39m &amp#27;[90m&amp#27;[39m
&amp#27;[35m[HTTP]&amp#27;[39m &amp#27;[37m-->&amp#27;[39m &amp#27;[37mPOST&amp#27;[39m &amp#27;[37m/wd/hub/session/86f0faee-62e3-4563-8a06-385facc1d7ce/element/f042e981-7f96-4208-abeb-67cc51b46db0/click&amp#27;[39m
&amp#27;[35m[HTTP]&amp#27;[39m &amp#27;[90m{"id":"f042e981-7f96-4208-abeb-67cc51b46db0"}&amp#27;[39m
[debug] &amp#27;[35m[W3C (86f0faee)]&amp#27;[39m Calling AppiumDriver.click() with args: ["f042e981-7f96-4208-abeb-67cc51b46db0","86f0faee-62e3-4563-8a06-385facc1d7ce"]
[debug] &amp#27;[35m[WD Proxy]&amp#27;[39m Matched '/element/f042e981-7f96-4208-abeb-67cc51b46db0/click' to command name 'click'
[debug] &amp#27;[35m[WD Proxy]&amp#27;[39m Proxying [POST /element/f042e981-7f96-4208-abeb-67cc51b46db0/click] to [POST http://127.0.0.1:8200/wd/hub/session/1a4d4e2f-5834-429a-a660-5ed10b6c7cf4/element/f042e981-7f96-4208-abeb-67cc51b46db0/click] with body: {"element":"f042e981-7f96-4208-abeb-67cc51b46db0"}
[debug] &amp#27;[35m[WD Proxy]&amp#27;[39m Got response with status 200: {"sessionId":"1a4d4e2f-5834-429a-a660-5ed10b6c7cf4","value":null}
[debug] &amp#27;[35m[W3C (86f0faee)]&amp#27;[39m Responding to client with driver.click() result: null
&amp#27;[35m[HTTP]&amp#27;[39m &amp#27;[37m<-- POST /wd/hub/session/86f0faee-62e3-4563-8a06-385facc1d7ce/element/f042e981-7f96-4208-abeb-67cc51b46db0/click &amp#27;[39m&amp#27;[32m200&amp#27;[39m &amp#27;[90m777 ms - 14&amp#27;[39m
&amp#27;[35m[HTTP]&amp#27;[39m &amp#27;[90m&amp#27;[39m
&amp#27;[35m[HTTP]&amp#27;[39m &amp#27;[37m-->&amp#27;[39m &amp#27;[37mPOST&amp#27;[39m &amp#27;[37m/wd/hub/session/86f0faee-62e3-4563-8a06-385facc1d7ce/element&amp#27;[39m
&amp#27;[35m[HTTP]&amp#27;[39m &amp#27;[90m{"using":"xpath","value":"//android.widget.TextView[@text='ALARM']"}&amp#27;[39m
[debug] &amp#27;[35m[W3C (86f0faee)]&amp#27;[39m Calling AppiumDriver.findElement() with args: ["xpath","//android.widget.TextView[@text='ALARM']","86f0faee-62e3-4563-8a06-385facc1d7ce"]
[debug] &amp#27;[35m[BaseDriver]&amp#27;[39m Valid locator strategies for this request: xpath, id, class name, accessibility id, -android uiautomator
[debug] &amp#27;[35m[BaseDriver]&amp#27;[39m Waiting up to 20000 ms for condition
[debug] &amp#27;[35m[WD Proxy]&amp#27;[39m Matched '/element' to command name 'findElement'
[debug] &amp#27;[35m[WD Proxy]&amp#27;[39m Proxying [POST /element] to [POST http://127.0.0.1:8200/wd/hub/session/1a4d4e2f-5834-429a-a660-5ed10b6c7cf4/element] with body: {"strategy":"xpath","selector":"//android.widget.TextView[@text='ALARM']","context":"","multiple":false}
[debug] &amp#27;[35m[WD Proxy]&amp#27;[39m Got response with status 200: {"sessionId":"1a4d4e2f-5834-429a-a660-5ed10b6c7cf4","value":{"ELEMENT":"5b42f4fe-41e8-4033-878f-5877fd89d019","element-6066-11e4-a52e-4f735466cecf":"5b42f4fe-41e8-4033-878f-5877fd89d019"}}
[debug] &amp#27;[35m[W3C (86f0faee)]&amp#27;[39m Responding to client with driver.findElement() result: {"element-6066-11e4-a52e-4f735466cecf":"5b42f4fe-41e8-4033-878f-5877fd89d019","ELEMENT":"5b42f4fe-41e8-4033-878f-5877fd89d019"}
&amp#27;[35m[HTTP]&amp#27;[39m &amp#27;[37m<-- POST /wd/hub/session/86f0faee-62e3-4563-8a06-385facc1d7ce/element &amp#27;[39m&amp#27;[32m200&amp#27;[39m &amp#27;[90m186 ms - 137&amp#27;[39m
&amp#27;[35m[HTTP]&amp#27;[39m &amp#27;[90m&amp#27;[39m
&amp#27;[35m[HTTP]&amp#27;[39m &amp#27;[37m-->&amp#27;[39m &amp#27;[37mPOST&amp#27;[39m &amp#27;[37m/wd/hub/session/86f0faee-62e3-4563-8a06-385facc1d7ce/element/5b42f4fe-41e8-4033-878f-5877fd89d019/click&amp#27;[39m
&amp#27;[35m[HTTP]&amp#27;[39m &amp#27;[90m{"id":"5b42f4fe-41e8-4033-878f-5877fd89d019"}&amp#27;[39m
[debug] &amp#27;[35m[W3C (86f0faee)]&amp#27;[39m Calling AppiumDriver.click() with args: ["5b42f4fe-41e8-4033-878f-5877fd89d019","86f0faee-62e3-4563-8a06-385facc1d7ce"]
[debug] &amp#27;[35m[WD Proxy]&amp#27;[39m Matched '/element/5b42f4fe-41e8-4033-878f-5877fd89d019/click' to command name 'click'
[debug] &amp#27;[35m[WD Proxy]&amp#27;[39m Proxying [POST /element/5b42f4fe-41e8-4033-878f-5877fd89d019/click] to [POST http://127.0.0.1:8200/wd/hub/session/1a4d4e2f-5834-429a-a660-5ed10b6c7cf4/element/5b42f4fe-41e8-4033-878f-5877fd89d019/click] with body: {"element":"5b42f4fe-41e8-4033-878f-5877fd89d019"}
[debug] &amp#27;[35m[WD Proxy]&amp#27;[39m Got response with status 200: {"sessionId":"1a4d4e2f-5834-429a-a660-5ed10b6c7cf4","value":null}
[debug] &amp#27;[35m[W3C (86f0faee)]&amp#27;[39m Responding to client with driver.click() result: null
&amp#27;[35m[HTTP]&amp#27;[39m &amp#27;[37m<-- POST /wd/hub/session/86f0faee-62e3-4563-8a06-385facc1d7ce/element/5b42f4fe-41e8-4033-878f-5877fd89d019/click &amp#27;[39m&amp#27;[32m200&amp#27;[39m &amp#27;[90m872 ms - 14&amp#27;[39m
&amp#27;[35m[HTTP]&amp#27;[39m &amp#27;[90m&amp#27;[39m
]]></system-out>
    <system-err><![CDATA[Jul 22, 2020 4:21:17 PM io.appium.java_client.remote.AppiumCommandExecutor$1 lambda$0
INFO: Detected dialect: W3C
]]></system-err>
  </testcase>
  <testcase name="setPreferences" classname="com.android.test.SetAlarmTest" time="6.063">
    <system-out><![CDATA[&amp#27;[35m[HTTP]&amp#27;[39m &amp#27;[37m-->&amp#27;[39m &amp#27;[37mPOST&amp#27;[39m &amp#27;[37m/wd/hub/session/86f0faee-62e3-4563-8a06-385facc1d7ce/element&amp#27;[39m
&amp#27;[35m[HTTP]&amp#27;[39m &amp#27;[90m{"using":"accessibility id","value":"Expand alarm"}&amp#27;[39m
[debug] &amp#27;[35m[W3C (86f0faee)]&amp#27;[39m Calling AppiumDriver.findElement() with args: ["accessibility id","Expand alarm","86f0faee-62e3-4563-8a06-385facc1d7ce"]
[debug] &amp#27;[35m[BaseDriver]&amp#27;[39m Valid locator strategies for this request: xpath, id, class name, accessibility id, -android uiautomator
[debug] &amp#27;[35m[BaseDriver]&amp#27;[39m Waiting up to 20000 ms for condition
[debug] &amp#27;[35m[WD Proxy]&amp#27;[39m Matched '/element' to command name 'findElement'
[debug] &amp#27;[35m[WD Proxy]&amp#27;[39m Proxying [POST /element] to [POST http://127.0.0.1:8200/wd/hub/session/1a4d4e2f-5834-429a-a660-5ed10b6c7cf4/element] with body: {"strategy":"accessibility id","selector":"Expand alarm","context":"","multiple":false}
&amp#27;[35m[WD Proxy]&amp#27;[39m Got response with status 404: {"sessionId":"1a4d4e2f-5834-429a-a660-5ed10b6c7cf4","value":{"error":"no such element","message":"An element could not be located on the page using the given search parameters","stacktrace":"io.appium.uiautomator2.common.exceptions.ElementNotFoundException: An element could not be located on the page using the given search parameters\n\tat io.appium.uiautomator2.handler.FindElement.safeHandle(FindElement.java:78)\n\tat io.appium.uiautomator2.handler.request.SafeRequestHandler.handle(SafeRequestHandler.java:38)\n\tat io.appium.uiautomator2.server.AppiumServlet.handleRequest(AppiumServlet.java:252)\n\tat io.appium.uiautomator2.server.AppiumServlet.handleHttpRequest(AppiumServlet.java:242)\n\tat io.appium.uiautomator2.http.ServerHandler.channelRead(ServerHandler.java:51)\n\tat io.netty.channel.AbstractChannelHandlerContext.invokeChannelRead(AbstractChannelHandlerContext.java:366)\n\tat io.netty.channel.AbstractChannelHandlerContext.invokeChannelRead(AbstractChannelHandlerContext.java:352)\n\tat io.netty.chann...
[debug] &amp#27;[35m[W3C]&amp#27;[39m Matched W3C error code 'no such element' to NoSuchElementError
[debug] &amp#27;[35m[BaseDriver]&amp#27;[39m Waited for 52 ms so far
[debug] &amp#27;[35m[WD Proxy]&amp#27;[39m Matched '/element' to command name 'findElement'
[debug] &amp#27;[35m[WD Proxy]&amp#27;[39m Proxying [POST /element] to [POST http://127.0.0.1:8200/wd/hub/session/1a4d4e2f-5834-429a-a660-5ed10b6c7cf4/element] with body: {"strategy":"accessibility id","selector":"Expand alarm","context":"","multiple":false}
[debug] &amp#27;[35m[WD Proxy]&amp#27;[39m Got response with status 200: {"sessionId":"1a4d4e2f-5834-429a-a660-5ed10b6c7cf4","value":{"ELEMENT":"0818d0e2-348f-4a3f-b1ce-40a5cc7f329c","element-6066-11e4-a52e-4f735466cecf":"0818d0e2-348f-4a3f-b1ce-40a5cc7f329c"}}
[debug] &amp#27;[35m[W3C (86f0faee)]&amp#27;[39m Responding to client with driver.findElement() result: {"element-6066-11e4-a52e-4f735466cecf":"0818d0e2-348f-4a3f-b1ce-40a5cc7f329c","ELEMENT":"0818d0e2-348f-4a3f-b1ce-40a5cc7f329c"}
&amp#27;[35m[HTTP]&amp#27;[39m &amp#27;[37m<-- POST /wd/hub/session/86f0faee-62e3-4563-8a06-385facc1d7ce/element &amp#27;[39m&amp#27;[32m200&amp#27;[39m &amp#27;[90m1075 ms - 137&amp#27;[39m
&amp#27;[35m[HTTP]&amp#27;[39m &amp#27;[90m&amp#27;[39m
&amp#27;[35m[HTTP]&amp#27;[39m &amp#27;[37m-->&amp#27;[39m &amp#27;[37mPOST&amp#27;[39m &amp#27;[37m/wd/hub/session/86f0faee-62e3-4563-8a06-385facc1d7ce/element/0818d0e2-348f-4a3f-b1ce-40a5cc7f329c/click&amp#27;[39m
&amp#27;[35m[HTTP]&amp#27;[39m &amp#27;[90m{"id":"0818d0e2-348f-4a3f-b1ce-40a5cc7f329c"}&amp#27;[39m
[debug] &amp#27;[35m[W3C (86f0faee)]&amp#27;[39m Calling AppiumDriver.click() with args: ["0818d0e2-348f-4a3f-b1ce-40a5cc7f329c","86f0faee-62e3-4563-8a06-385facc1d7ce"]
[debug] &amp#27;[35m[WD Proxy]&amp#27;[39m Matched '/element/0818d0e2-348f-4a3f-b1ce-40a5cc7f329c/click' to command name 'click'
[debug] &amp#27;[35m[WD Proxy]&amp#27;[39m Proxying [POST /element/0818d0e2-348f-4a3f-b1ce-40a5cc7f329c/click] to [POST http://127.0.0.1:8200/wd/hub/session/1a4d4e2f-5834-429a-a660-5ed10b6c7cf4/element/0818d0e2-348f-4a3f-b1ce-40a5cc7f329c/click] with body: {"element":"0818d0e2-348f-4a3f-b1ce-40a5cc7f329c"}
[debug] &amp#27;[35m[WD Proxy]&amp#27;[39m Got response with status 200: {"sessionId":"1a4d4e2f-5834-429a-a660-5ed10b6c7cf4","value":null}
[debug] &amp#27;[35m[W3C (86f0faee)]&amp#27;[39m Responding to client with driver.click() result: null
&amp#27;[35m[HTTP]&amp#27;[39m &amp#27;[37m<-- POST /wd/hub/session/86f0faee-62e3-4563-8a06-385facc1d7ce/element/0818d0e2-348f-4a3f-b1ce-40a5cc7f329c/click &amp#27;[39m&amp#27;[32m200&amp#27;[39m &amp#27;[90m26 ms - 14&amp#27;[39m
&amp#27;[35m[HTTP]&amp#27;[39m &amp#27;[90m&amp#27;[39m
&amp#27;[35m[HTTP]&amp#27;[39m &amp#27;[37m-->&amp#27;[39m &amp#27;[37mPOST&amp#27;[39m &amp#27;[37m/wd/hub/session/86f0faee-62e3-4563-8a06-385facc1d7ce/element&amp#27;[39m
&amp#27;[35m[HTTP]&amp#27;[39m &amp#27;[90m{"using":"id","value":"com.google.android.deskclock:id/edit_label"}&amp#27;[39m
[debug] &amp#27;[35m[W3C (86f0faee)]&amp#27;[39m Calling AppiumDriver.findElement() with args: ["id","com.google.android.deskclock:id/edit_label","86f0faee-62e3-4563-8a06-385facc1d7ce"]
[debug] &amp#27;[35m[BaseDriver]&amp#27;[39m Valid locator strategies for this request: xpath, id, class name, accessibility id, -android uiautomator
[debug] &amp#27;[35m[BaseDriver]&amp#27;[39m Waiting up to 20000 ms for condition
[debug] &amp#27;[35m[WD Proxy]&amp#27;[39m Matched '/element' to command name 'findElement'
[debug] &amp#27;[35m[WD Proxy]&amp#27;[39m Proxying [POST /element] to [POST http://127.0.0.1:8200/wd/hub/session/1a4d4e2f-5834-429a-a660-5ed10b6c7cf4/element] with body: {"strategy":"id","selector":"com.google.android.deskclock:id/edit_label","context":"","multiple":false}
&amp#27;[35m[WD Proxy]&amp#27;[39m Got response with status 404: {"sessionId":"1a4d4e2f-5834-429a-a660-5ed10b6c7cf4","value":{"error":"no such element","message":"An element could not be located on the page using the given search parameters","stacktrace":"io.appium.uiautomator2.common.exceptions.ElementNotFoundException: An element could not be located on the page using the given search parameters\n\tat io.appium.uiautomator2.handler.FindElement.safeHandle(FindElement.java:78)\n\tat io.appium.uiautomator2.handler.request.SafeRequestHandler.handle(SafeRequestHandler.java:38)\n\tat io.appium.uiautomator2.server.AppiumServlet.handleRequest(AppiumServlet.java:252)\n\tat io.appium.uiautomator2.server.AppiumServlet.handleHttpRequest(AppiumServlet.java:242)\n\tat io.appium.uiautomator2.http.ServerHandler.channelRead(ServerHandler.java:51)\n\tat io.netty.channel.AbstractChannelHandlerContext.invokeChannelRead(AbstractChannelHandlerContext.java:366)\n\tat io.netty.channel.AbstractChannelHandlerContext.invokeChannelRead(AbstractChannelHandlerContext.java:352)\n\tat io.netty.chann...
[debug] &amp#27;[35m[W3C]&amp#27;[39m Matched W3C error code 'no such element' to NoSuchElementError
[debug] &amp#27;[35m[BaseDriver]&amp#27;[39m Waited for 169 ms so far
[debug] &amp#27;[35m[WD Proxy]&amp#27;[39m Matched '/element' to command name 'findElement'
[debug] &amp#27;[35m[WD Proxy]&amp#27;[39m Proxying [POST /element] to [POST http://127.0.0.1:8200/wd/hub/session/1a4d4e2f-5834-429a-a660-5ed10b6c7cf4/element] with body: {"strategy":"id","selector":"com.google.android.deskclock:id/edit_label","context":"","multiple":false}
[debug] &amp#27;[35m[WD Proxy]&amp#27;[39m Got response with status 200: {"sessionId":"1a4d4e2f-5834-429a-a660-5ed10b6c7cf4","value":{"ELEMENT":"a9d00dc6-b47f-45c7-87dc-7e11c49c57cf","element-6066-11e4-a52e-4f735466cecf":"a9d00dc6-b47f-45c7-87dc-7e11c49c57cf"}}
[debug] &amp#27;[35m[W3C (86f0faee)]&amp#27;[39m Responding to client with driver.findElement() result: {"element-6066-11e4-a52e-4f735466cecf":"a9d00dc6-b47f-45c7-87dc-7e11c49c57cf","ELEMENT":"a9d00dc6-b47f-45c7-87dc-7e11c49c57cf"}
&amp#27;[35m[HTTP]&amp#27;[39m &amp#27;[37m<-- POST /wd/hub/session/86f0faee-62e3-4563-8a06-385facc1d7ce/element &amp#27;[39m&amp#27;[32m200&amp#27;[39m &amp#27;[90m915 ms - 137&amp#27;[39m
&amp#27;[35m[HTTP]&amp#27;[39m &amp#27;[90m&amp#27;[39m
&amp#27;[35m[HTTP]&amp#27;[39m &amp#27;[37m-->&amp#27;[39m &amp#27;[37mPOST&amp#27;[39m &amp#27;[37m/wd/hub/session/86f0faee-62e3-4563-8a06-385facc1d7ce/element/a9d00dc6-b47f-45c7-87dc-7e11c49c57cf/click&amp#27;[39m
&amp#27;[35m[HTTP]&amp#27;[39m &amp#27;[90m{"id":"a9d00dc6-b47f-45c7-87dc-7e11c49c57cf"}&amp#27;[39m
[debug] &amp#27;[35m[W3C (86f0faee)]&amp#27;[39m Calling AppiumDriver.click() with args: ["a9d00dc6-b47f-45c7-87dc-7e11c49c57cf","86f0faee-62e3-4563-8a06-385facc1d7ce"]
[debug] &amp#27;[35m[WD Proxy]&amp#27;[39m Matched '/element/a9d00dc6-b47f-45c7-87dc-7e11c49c57cf/click' to command name 'click'
[debug] &amp#27;[35m[WD Proxy]&amp#27;[39m Proxying [POST /element/a9d00dc6-b47f-45c7-87dc-7e11c49c57cf/click] to [POST http://127.0.0.1:8200/wd/hub/session/1a4d4e2f-5834-429a-a660-5ed10b6c7cf4/element/a9d00dc6-b47f-45c7-87dc-7e11c49c57cf/click] with body: {"element":"a9d00dc6-b47f-45c7-87dc-7e11c49c57cf"}
[debug] &amp#27;[35m[WD Proxy]&amp#27;[39m Got response with status 200: {"sessionId":"1a4d4e2f-5834-429a-a660-5ed10b6c7cf4","value":null}
[debug] &amp#27;[35m[W3C (86f0faee)]&amp#27;[39m Responding to client with driver.click() result: null
&amp#27;[35m[HTTP]&amp#27;[39m &amp#27;[37m<-- POST /wd/hub/session/86f0faee-62e3-4563-8a06-385facc1d7ce/element/a9d00dc6-b47f-45c7-87dc-7e11c49c57cf/click &amp#27;[39m&amp#27;[32m200&amp#27;[39m &amp#27;[90m22 ms - 14&amp#27;[39m
&amp#27;[35m[HTTP]&amp#27;[39m &amp#27;[90m&amp#27;[39m
&amp#27;[35m[HTTP]&amp#27;[39m &amp#27;[37m-->&amp#27;[39m &amp#27;[37mPOST&amp#27;[39m &amp#27;[37m/wd/hub/session/86f0faee-62e3-4563-8a06-385facc1d7ce/element&amp#27;[39m
&amp#27;[35m[HTTP]&amp#27;[39m &amp#27;[90m{"using":"class name","value":"android.widget.EditText"}&amp#27;[39m
[debug] &amp#27;[35m[W3C (86f0faee)]&amp#27;[39m Calling AppiumDriver.findElement() with args: ["class name","android.widget.EditText","86f0faee-62e3-4563-8a06-385facc1d7ce"]
[debug] &amp#27;[35m[BaseDriver]&amp#27;[39m Valid locator strategies for this request: xpath, id, class name, accessibility id, -android uiautomator
[debug] &amp#27;[35m[BaseDriver]&amp#27;[39m Waiting up to 20000 ms for condition
[debug] &amp#27;[35m[WD Proxy]&amp#27;[39m Matched '/element' to command name 'findElement'
[debug] &amp#27;[35m[WD Proxy]&amp#27;[39m Proxying [POST /element] to [POST http://127.0.0.1:8200/wd/hub/session/1a4d4e2f-5834-429a-a660-5ed10b6c7cf4/element] with body: {"strategy":"class name","selector":"android.widget.EditText","context":"","multiple":false}
[debug] &amp#27;[35m[WD Proxy]&amp#27;[39m Got response with status 200: {"sessionId":"1a4d4e2f-5834-429a-a660-5ed10b6c7cf4","value":{"ELEMENT":"23c95586-e5f8-4994-94f8-a90c61510aac","element-6066-11e4-a52e-4f735466cecf":"23c95586-e5f8-4994-94f8-a90c61510aac"}}
[debug] &amp#27;[35m[W3C (86f0faee)]&amp#27;[39m Responding to client with driver.findElement() result: {"element-6066-11e4-a52e-4f735466cecf":"23c95586-e5f8-4994-94f8-a90c61510aac","ELEMENT":"23c95586-e5f8-4994-94f8-a90c61510aac"}
&amp#27;[35m[HTTP]&amp#27;[39m &amp#27;[37m<-- POST /wd/hub/session/86f0faee-62e3-4563-8a06-385facc1d7ce/element &amp#27;[39m&amp#27;[32m200&amp#27;[39m &amp#27;[90m133 ms - 137&amp#27;[39m
&amp#27;[35m[HTTP]&amp#27;[39m &amp#27;[90m&amp#27;[39m
&amp#27;[35m[HTTP]&amp#27;[39m &amp#27;[37m-->&amp#27;[39m &amp#27;[37mPOST&amp#27;[39m &amp#27;[37m/wd/hub/session/86f0faee-62e3-4563-8a06-385facc1d7ce/element/23c95586-e5f8-4994-94f8-a90c61510aac/clear&amp#27;[39m
&amp#27;[35m[HTTP]&amp#27;[39m &amp#27;[90m{"id":"23c95586-e5f8-4994-94f8-a90c61510aac"}&amp#27;[39m
[debug] &amp#27;[35m[W3C (86f0faee)]&amp#27;[39m Calling AppiumDriver.clear() with args: ["23c95586-e5f8-4994-94f8-a90c61510aac","86f0faee-62e3-4563-8a06-385facc1d7ce"]
[debug] &amp#27;[35m[WD Proxy]&amp#27;[39m Matched '/element/23c95586-e5f8-4994-94f8-a90c61510aac/clear' to command name 'clear'
[debug] &amp#27;[35m[WD Proxy]&amp#27;[39m Proxying [POST /element/23c95586-e5f8-4994-94f8-a90c61510aac/clear] to [POST http://127.0.0.1:8200/wd/hub/session/1a4d4e2f-5834-429a-a660-5ed10b6c7cf4/element/23c95586-e5f8-4994-94f8-a90c61510aac/clear] with body: {"elementId":"23c95586-e5f8-4994-94f8-a90c61510aac"}
[debug] &amp#27;[35m[WD Proxy]&amp#27;[39m Got response with status 200: {"sessionId":"1a4d4e2f-5834-429a-a660-5ed10b6c7cf4","value":null}
[debug] &amp#27;[35m[W3C (86f0faee)]&amp#27;[39m Responding to client with driver.clear() result: null
&amp#27;[35m[HTTP]&amp#27;[39m &amp#27;[37m<-- POST /wd/hub/session/86f0faee-62e3-4563-8a06-385facc1d7ce/element/23c95586-e5f8-4994-94f8-a90c61510aac/clear &amp#27;[39m&amp#27;[32m200&amp#27;[39m &amp#27;[90m1286 ms - 14&amp#27;[39m
&amp#27;[35m[HTTP]&amp#27;[39m &amp#27;[90m&amp#27;[39m
&amp#27;[35m[HTTP]&amp#27;[39m &amp#27;[37m-->&amp#27;[39m &amp#27;[37mPOST&amp#27;[39m &amp#27;[37m/wd/hub/session/86f0faee-62e3-4563-8a06-385facc1d7ce/element/23c95586-e5f8-4994-94f8-a90c61510aac/value&amp#27;[39m
&amp#27;[35m[HTTP]&amp#27;[39m &amp#27;[90m{"id":"23c95586-e5f8-4994-94f8-a90c61510aac","text":"Hello","value":["H","e","l","l","o"]}&amp#27;[39m
[debug] &amp#27;[35m[W3C (86f0faee)]&amp#27;[39m Calling AppiumDriver.setValue() with args: [["H","e","l","l","o"],"23c95586-e5f8-4994-94f8-a90c61510aac","86f0faee-62e3-4563-8a06-385facc1d7ce"]
[debug] &amp#27;[35m[WD Proxy]&amp#27;[39m Matched '/element/23c95586-e5f8-4994-94f8-a90c61510aac/value' to command name 'setValue'
[debug] &amp#27;[35m[Protocol Converter]&amp#27;[39m Added 'value' property ["H","e","l","l","o"] to 'setValue' request body
[debug] &amp#27;[35m[WD Proxy]&amp#27;[39m Proxying [POST /element/23c95586-e5f8-4994-94f8-a90c61510aac/value] to [POST http://127.0.0.1:8200/wd/hub/session/1a4d4e2f-5834-429a-a660-5ed10b6c7cf4/element/23c95586-e5f8-4994-94f8-a90c61510aac/value] with body: {"elementId":"23c95586-e5f8-4994-94f8-a90c61510aac","text":"Hello","replace":false,"value":["H","e","l","l","o"]}
[debug] &amp#27;[35m[WD Proxy]&amp#27;[39m Got response with status 200: {"sessionId":"1a4d4e2f-5834-429a-a660-5ed10b6c7cf4","value":null}
[debug] &amp#27;[35m[W3C (86f0faee)]&amp#27;[39m Responding to client with driver.setValue() result: null
&amp#27;[35m[HTTP]&amp#27;[39m &amp#27;[37m<-- POST /wd/hub/session/86f0faee-62e3-4563-8a06-385facc1d7ce/element/23c95586-e5f8-4994-94f8-a90c61510aac/value &amp#27;[39m&amp#27;[32m200&amp#27;[39m &amp#27;[90m937 ms - 14&amp#27;[39m
&amp#27;[35m[HTTP]&amp#27;[39m &amp#27;[90m&amp#27;[39m
&amp#27;[35m[HTTP]&amp#27;[39m &amp#27;[37m-->&amp#27;[39m &amp#27;[37mPOST&amp#27;[39m &amp#27;[37m/wd/hub/session/86f0faee-62e3-4563-8a06-385facc1d7ce/element&amp#27;[39m
&amp#27;[35m[HTTP]&amp#27;[39m &amp#27;[90m{"using":"xpath","value":"//android.widget.Button[@text='OK']"}&amp#27;[39m
[debug] &amp#27;[35m[W3C (86f0faee)]&amp#27;[39m Calling AppiumDriver.findElement() with args: ["xpath","//android.widget.Button[@text='OK']","86f0faee-62e3-4563-8a06-385facc1d7ce"]
[debug] &amp#27;[35m[BaseDriver]&amp#27;[39m Valid locator strategies for this request: xpath, id, class name, accessibility id, -android uiautomator
[debug] &amp#27;[35m[BaseDriver]&amp#27;[39m Waiting up to 20000 ms for condition
[debug] &amp#27;[35m[WD Proxy]&amp#27;[39m Matched '/element' to command name 'findElement'
[debug] &amp#27;[35m[WD Proxy]&amp#27;[39m Proxying [POST /element] to [POST http://127.0.0.1:8200/wd/hub/session/1a4d4e2f-5834-429a-a660-5ed10b6c7cf4/element] with body: {"strategy":"xpath","selector":"//android.widget.Button[@text='OK']","context":"","multiple":false}
[debug] &amp#27;[35m[WD Proxy]&amp#27;[39m Got response with status 200: {"sessionId":"1a4d4e2f-5834-429a-a660-5ed10b6c7cf4","value":{"ELEMENT":"a4d09fd6-bb36-4752-a381-c9d173d6a802","element-6066-11e4-a52e-4f735466cecf":"a4d09fd6-bb36-4752-a381-c9d173d6a802"}}
[debug] &amp#27;[35m[W3C (86f0faee)]&amp#27;[39m Responding to client with driver.findElement() result: {"element-6066-11e4-a52e-4f735466cecf":"a4d09fd6-bb36-4752-a381-c9d173d6a802","ELEMENT":"a4d09fd6-bb36-4752-a381-c9d173d6a802"}
&amp#27;[35m[HTTP]&amp#27;[39m &amp#27;[37m<-- POST /wd/hub/session/86f0faee-62e3-4563-8a06-385facc1d7ce/element &amp#27;[39m&amp#27;[32m200&amp#27;[39m &amp#27;[90m96 ms - 137&amp#27;[39m
&amp#27;[35m[HTTP]&amp#27;[39m &amp#27;[90m&amp#27;[39m
&amp#27;[35m[HTTP]&amp#27;[39m &amp#27;[37m-->&amp#27;[39m &amp#27;[37mPOST&amp#27;[39m &amp#27;[37m/wd/hub/session/86f0faee-62e3-4563-8a06-385facc1d7ce/element/a4d09fd6-bb36-4752-a381-c9d173d6a802/click&amp#27;[39m
&amp#27;[35m[HTTP]&amp#27;[39m &amp#27;[90m{"id":"a4d09fd6-bb36-4752-a381-c9d173d6a802"}&amp#27;[39m
[debug] &amp#27;[35m[W3C (86f0faee)]&amp#27;[39m Calling AppiumDriver.click() with args: ["a4d09fd6-bb36-4752-a381-c9d173d6a802","86f0faee-62e3-4563-8a06-385facc1d7ce"]
[debug] &amp#27;[35m[WD Proxy]&amp#27;[39m Matched '/element/a4d09fd6-bb36-4752-a381-c9d173d6a802/click' to command name 'click'
[debug] &amp#27;[35m[WD Proxy]&amp#27;[39m Proxying [POST /element/a4d09fd6-bb36-4752-a381-c9d173d6a802/click] to [POST http://127.0.0.1:8200/wd/hub/session/1a4d4e2f-5834-429a-a660-5ed10b6c7cf4/element/a4d09fd6-bb36-4752-a381-c9d173d6a802/click] with body: {"element":"a4d09fd6-bb36-4752-a381-c9d173d6a802"}
[debug] &amp#27;[35m[WD Proxy]&amp#27;[39m Got response with status 200: {"sessionId":"1a4d4e2f-5834-429a-a660-5ed10b6c7cf4","value":null}
[debug] &amp#27;[35m[W3C (86f0faee)]&amp#27;[39m Responding to client with driver.click() result: null
&amp#27;[35m[HTTP]&amp#27;[39m &amp#27;[37m<-- POST /wd/hub/session/86f0faee-62e3-4563-8a06-385facc1d7ce/element/a4d09fd6-bb36-4752-a381-c9d173d6a802/click &amp#27;[39m&amp#27;[32m200&amp#27;[39m &amp#27;[90m825 ms - 14&amp#27;[39m
&amp#27;[35m[HTTP]&amp#27;[39m &amp#27;[90m&amp#27;[39m
&amp#27;[35m[HTTP]&amp#27;[39m &amp#27;[37m-->&amp#27;[39m &amp#27;[37mPOST&amp#27;[39m &amp#27;[37m/wd/hub/session/86f0faee-62e3-4563-8a06-385facc1d7ce/element&amp#27;[39m
&amp#27;[35m[HTTP]&amp#27;[39m &amp#27;[90m{"using":"accessibility id","value":"Collapse alarm"}&amp#27;[39m
[debug] &amp#27;[35m[W3C (86f0faee)]&amp#27;[39m Calling AppiumDriver.findElement() with args: ["accessibility id","Collapse alarm","86f0faee-62e3-4563-8a06-385facc1d7ce"]
[debug] &amp#27;[35m[BaseDriver]&amp#27;[39m Valid locator strategies for this request: xpath, id, class name, accessibility id, -android uiautomator
[debug] &amp#27;[35m[BaseDriver]&amp#27;[39m Waiting up to 20000 ms for condition
[debug] &amp#27;[35m[WD Proxy]&amp#27;[39m Matched '/element' to command name 'findElement'
[debug] &amp#27;[35m[WD Proxy]&amp#27;[39m Proxying [POST /element] to [POST http://127.0.0.1:8200/wd/hub/session/1a4d4e2f-5834-429a-a660-5ed10b6c7cf4/element] with body: {"strategy":"accessibility id","selector":"Collapse alarm","context":"","multiple":false}
[debug] &amp#27;[35m[WD Proxy]&amp#27;[39m Got response with status 200: {"sessionId":"1a4d4e2f-5834-429a-a660-5ed10b6c7cf4","value":{"ELEMENT":"31073325-5056-4fe0-a134-c9b8abffd398","element-6066-11e4-a52e-4f735466cecf":"31073325-5056-4fe0-a134-c9b8abffd398"}}
[debug] &amp#27;[35m[W3C (86f0faee)]&amp#27;[39m Responding to client with driver.findElement() result: {"element-6066-11e4-a52e-4f735466cecf":"31073325-5056-4fe0-a134-c9b8abffd398","ELEMENT":"31073325-5056-4fe0-a134-c9b8abffd398"}
&amp#27;[35m[HTTP]&amp#27;[39m &amp#27;[37m<-- POST /wd/hub/session/86f0faee-62e3-4563-8a06-385facc1d7ce/element &amp#27;[39m&amp#27;[32m200&amp#27;[39m &amp#27;[90m151 ms - 137&amp#27;[39m
&amp#27;[35m[HTTP]&amp#27;[39m &amp#27;[90m&amp#27;[39m
&amp#27;[35m[HTTP]&amp#27;[39m &amp#27;[37m-->&amp#27;[39m &amp#27;[37mPOST&amp#27;[39m &amp#27;[37m/wd/hub/session/86f0faee-62e3-4563-8a06-385facc1d7ce/element/31073325-5056-4fe0-a134-c9b8abffd398/click&amp#27;[39m
&amp#27;[35m[HTTP]&amp#27;[39m &amp#27;[90m{"id":"31073325-5056-4fe0-a134-c9b8abffd398"}&amp#27;[39m
[debug] &amp#27;[35m[W3C (86f0faee)]&amp#27;[39m Calling AppiumDriver.click() with args: ["31073325-5056-4fe0-a134-c9b8abffd398","86f0faee-62e3-4563-8a06-385facc1d7ce"]
[debug] &amp#27;[35m[WD Proxy]&amp#27;[39m Matched '/element/31073325-5056-4fe0-a134-c9b8abffd398/click' to command name 'click'
[debug] &amp#27;[35m[WD Proxy]&amp#27;[39m Proxying [POST /element/31073325-5056-4fe0-a134-c9b8abffd398/click] to [POST http://127.0.0.1:8200/wd/hub/session/1a4d4e2f-5834-429a-a660-5ed10b6c7cf4/element/31073325-5056-4fe0-a134-c9b8abffd398/click] with body: {"element":"31073325-5056-4fe0-a134-c9b8abffd398"}
[debug] &amp#27;[35m[WD Proxy]&amp#27;[39m Got response with status 200: {"sessionId":"1a4d4e2f-5834-429a-a660-5ed10b6c7cf4","value":null}
[debug] &amp#27;[35m[W3C (86f0faee)]&amp#27;[39m Responding to client with driver.click() result: null
&amp#27;[35m[HTTP]&amp#27;[39m &amp#27;[37m<-- POST /wd/hub/session/86f0faee-62e3-4563-8a06-385facc1d7ce/element/31073325-5056-4fe0-a134-c9b8abffd398/click &amp#27;[39m&amp#27;[32m200&amp#27;[39m &amp#27;[90m564 ms - 14&amp#27;[39m
&amp#27;[35m[HTTP]&amp#27;[39m &amp#27;[90m&amp#27;[39m
]]></system-out>
  </testcase>
  <testcase name="chooseTime" classname="com.android.test.SetAlarmTest" time="3.108">
    <system-out><![CDATA[&amp#27;[35m[HTTP]&amp#27;[39m &amp#27;[37m-->&amp#27;[39m &amp#27;[37mPOST&amp#27;[39m &amp#27;[37m/wd/hub/session/86f0faee-62e3-4563-8a06-385facc1d7ce/element&amp#27;[39m
&amp#27;[35m[HTTP]&amp#27;[39m &amp#27;[90m{"using":"id","value":"com.google.android.deskclock:id/digital_clock"}&amp#27;[39m
[debug] &amp#27;[35m[W3C (86f0faee)]&amp#27;[39m Calling AppiumDriver.findElement() with args: ["id","com.google.android.deskclock:id/digital_clock","86f0faee-62e3-4563-8a06-385facc1d7ce"]
[debug] &amp#27;[35m[BaseDriver]&amp#27;[39m Valid locator strategies for this request: xpath, id, class name, accessibility id, -android uiautomator
[debug] &amp#27;[35m[BaseDriver]&amp#27;[39m Waiting up to 20000 ms for condition
[debug] &amp#27;[35m[WD Proxy]&amp#27;[39m Matched '/element' to command name 'findElement'
[debug] &amp#27;[35m[WD Proxy]&amp#27;[39m Proxying [POST /element] to [POST http://127.0.0.1:8200/wd/hub/session/1a4d4e2f-5834-429a-a660-5ed10b6c7cf4/element] with body: {"strategy":"id","selector":"com.google.android.deskclock:id/digital_clock","context":"","multiple":false}
[debug] &amp#27;[35m[WD Proxy]&amp#27;[39m Got response with status 200: {"sessionId":"1a4d4e2f-5834-429a-a660-5ed10b6c7cf4","value":{"ELEMENT":"1b28ed1e-088c-4f05-87a7-e4e601810719","element-6066-11e4-a52e-4f735466cecf":"1b28ed1e-088c-4f05-87a7-e4e601810719"}}
[debug] &amp#27;[35m[W3C (86f0faee)]&amp#27;[39m Responding to client with driver.findElement() result: {"element-6066-11e4-a52e-4f735466cecf":"1b28ed1e-088c-4f05-87a7-e4e601810719","ELEMENT":"1b28ed1e-088c-4f05-87a7-e4e601810719"}
&amp#27;[35m[HTTP]&amp#27;[39m &amp#27;[37m<-- POST /wd/hub/session/86f0faee-62e3-4563-8a06-385facc1d7ce/element &amp#27;[39m&amp#27;[32m200&amp#27;[39m &amp#27;[90m85 ms - 137&amp#27;[39m
&amp#27;[35m[HTTP]&amp#27;[39m &amp#27;[90m&amp#27;[39m
&amp#27;[35m[HTTP]&amp#27;[39m &amp#27;[37m-->&amp#27;[39m &amp#27;[37mPOST&amp#27;[39m &amp#27;[37m/wd/hub/session/86f0faee-62e3-4563-8a06-385facc1d7ce/element/1b28ed1e-088c-4f05-87a7-e4e601810719/click&amp#27;[39m
&amp#27;[35m[HTTP]&amp#27;[39m &amp#27;[90m{"id":"1b28ed1e-088c-4f05-87a7-e4e601810719"}&amp#27;[39m
[debug] &amp#27;[35m[W3C (86f0faee)]&amp#27;[39m Calling AppiumDriver.click() with args: ["1b28ed1e-088c-4f05-87a7-e4e601810719","86f0faee-62e3-4563-8a06-385facc1d7ce"]
[debug] &amp#27;[35m[WD Proxy]&amp#27;[39m Matched '/element/1b28ed1e-088c-4f05-87a7-e4e601810719/click' to command name 'click'
[debug] &amp#27;[35m[WD Proxy]&amp#27;[39m Proxying [POST /element/1b28ed1e-088c-4f05-87a7-e4e601810719/click] to [POST http://127.0.0.1:8200/wd/hub/session/1a4d4e2f-5834-429a-a660-5ed10b6c7cf4/element/1b28ed1e-088c-4f05-87a7-e4e601810719/click] with body: {"element":"1b28ed1e-088c-4f05-87a7-e4e601810719"}
[debug] &amp#27;[35m[WD Proxy]&amp#27;[39m Got response with status 200: {"sessionId":"1a4d4e2f-5834-429a-a660-5ed10b6c7cf4","value":null}
[debug] &amp#27;[35m[W3C (86f0faee)]&amp#27;[39m Responding to client with driver.click() result: null
&amp#27;[35m[HTTP]&amp#27;[39m &amp#27;[37m<-- POST /wd/hub/session/86f0faee-62e3-4563-8a06-385facc1d7ce/element/1b28ed1e-088c-4f05-87a7-e4e601810719/click &amp#27;[39m&amp#27;[32m200&amp#27;[39m &amp#27;[90m825 ms - 14&amp#27;[39m
&amp#27;[35m[HTTP]&amp#27;[39m &amp#27;[90m&amp#27;[39m
&amp#27;[35m[HTTP]&amp#27;[39m &amp#27;[37m-->&amp#27;[39m &amp#27;[37mPOST&amp#27;[39m &amp#27;[37m/wd/hub/session/86f0faee-62e3-4563-8a06-385facc1d7ce/element&amp#27;[39m
&amp#27;[35m[HTTP]&amp#27;[39m &amp#27;[90m{"using":"xpath","value":"//android.widget.RadialTimePickerView.RadialPickerTouchHelper[@content-desc=\"5\"]"}&amp#27;[39m
[debug] &amp#27;[35m[W3C (86f0faee)]&amp#27;[39m Calling AppiumDriver.findElement() with args: ["xpath","//android.widget.RadialTimePickerView.RadialPickerTouchHelper[@content-desc=\"5\"]","86f0faee-62e3-4563-8a06-385facc1d7ce"]
[debug] &amp#27;[35m[BaseDriver]&amp#27;[39m Valid locator strategies for this request: xpath, id, class name, accessibility id, -android uiautomator
[debug] &amp#27;[35m[BaseDriver]&amp#27;[39m Waiting up to 20000 ms for condition
[debug] &amp#27;[35m[WD Proxy]&amp#27;[39m Matched '/element' to command name 'findElement'
[debug] &amp#27;[35m[WD Proxy]&amp#27;[39m Proxying [POST /element] to [POST http://127.0.0.1:8200/wd/hub/session/1a4d4e2f-5834-429a-a660-5ed10b6c7cf4/element] with body: {"strategy":"xpath","selector":"//android.widget.RadialTimePickerView.RadialPickerTouchHelper[@content-desc=\"5\"]","context":"","multiple":false}
[debug] &amp#27;[35m[WD Proxy]&amp#27;[39m Got response with status 200: {"sessionId":"1a4d4e2f-5834-429a-a660-5ed10b6c7cf4","value":{"ELEMENT":"6328fe24-7bbe-4263-9641-81c4ea79a86b","element-6066-11e4-a52e-4f735466cecf":"6328fe24-7bbe-4263-9641-81c4ea79a86b"}}
[debug] &amp#27;[35m[W3C (86f0faee)]&amp#27;[39m Responding to client with driver.findElement() result: {"element-6066-11e4-a52e-4f735466cecf":"6328fe24-7bbe-4263-9641-81c4ea79a86b","ELEMENT":"6328fe24-7bbe-4263-9641-81c4ea79a86b"}
&amp#27;[35m[HTTP]&amp#27;[39m &amp#27;[37m<-- POST /wd/hub/session/86f0faee-62e3-4563-8a06-385facc1d7ce/element &amp#27;[39m&amp#27;[32m200&amp#27;[39m &amp#27;[90m331 ms - 137&amp#27;[39m
&amp#27;[35m[HTTP]&amp#27;[39m &amp#27;[90m&amp#27;[39m
&amp#27;[35m[HTTP]&amp#27;[39m &amp#27;[37m-->&amp#27;[39m &amp#27;[37mPOST&amp#27;[39m &amp#27;[37m/wd/hub/session/86f0faee-62e3-4563-8a06-385facc1d7ce/element/6328fe24-7bbe-4263-9641-81c4ea79a86b/click&amp#27;[39m
&amp#27;[35m[HTTP]&amp#27;[39m &amp#27;[90m{"id":"6328fe24-7bbe-4263-9641-81c4ea79a86b"}&amp#27;[39m
[debug] &amp#27;[35m[W3C (86f0faee)]&amp#27;[39m Calling AppiumDriver.click() with args: ["6328fe24-7bbe-4263-9641-81c4ea79a86b","86f0faee-62e3-4563-8a06-385facc1d7ce"]
[debug] &amp#27;[35m[WD Proxy]&amp#27;[39m Matched '/element/6328fe24-7bbe-4263-9641-81c4ea79a86b/click' to command name 'click'
[debug] &amp#27;[35m[WD Proxy]&amp#27;[39m Proxying [POST /element/6328fe24-7bbe-4263-9641-81c4ea79a86b/click] to [POST http://127.0.0.1:8200/wd/hub/session/1a4d4e2f-5834-429a-a660-5ed10b6c7cf4/element/6328fe24-7bbe-4263-9641-81c4ea79a86b/click] with body: {"element":"6328fe24-7bbe-4263-9641-81c4ea79a86b"}
[debug] &amp#27;[35m[WD Proxy]&amp#27;[39m Got response with status 200: {"sessionId":"1a4d4e2f-5834-429a-a660-5ed10b6c7cf4","value":null}
[debug] &amp#27;[35m[W3C (86f0faee)]&amp#27;[39m Responding to client with driver.click() result: null
&amp#27;[35m[HTTP]&amp#27;[39m &amp#27;[37m<-- POST /wd/hub/session/86f0faee-62e3-4563-8a06-385facc1d7ce/element/6328fe24-7bbe-4263-9641-81c4ea79a86b/click &amp#27;[39m&amp#27;[32m200&amp#27;[39m &amp#27;[90m1002 ms - 14&amp#27;[39m
&amp#27;[35m[HTTP]&amp#27;[39m &amp#27;[90m&amp#27;[39m
&amp#27;[35m[HTTP]&amp#27;[39m &amp#27;[37m-->&amp#27;[39m &amp#27;[37mPOST&amp#27;[39m &amp#27;[37m/wd/hub/session/86f0faee-62e3-4563-8a06-385facc1d7ce/element&amp#27;[39m
&amp#27;[35m[HTTP]&amp#27;[39m &amp#27;[90m{"using":"xpath","value":"//android.widget.RadialTimePickerView.RadialPickerTouchHelper[@content-desc=\"5\"]"}&amp#27;[39m
[debug] &amp#27;[35m[W3C (86f0faee)]&amp#27;[39m Calling AppiumDriver.findElement() with args: ["xpath","//android.widget.RadialTimePickerView.RadialPickerTouchHelper[@content-desc=\"5\"]","86f0faee-62e3-4563-8a06-385facc1d7ce"]
[debug] &amp#27;[35m[BaseDriver]&amp#27;[39m Valid locator strategies for this request: xpath, id, class name, accessibility id, -android uiautomator
[debug] &amp#27;[35m[BaseDriver]&amp#27;[39m Waiting up to 20000 ms for condition
[debug] &amp#27;[35m[WD Proxy]&amp#27;[39m Matched '/element' to command name 'findElement'
[debug] &amp#27;[35m[WD Proxy]&amp#27;[39m Proxying [POST /element] to [POST http://127.0.0.1:8200/wd/hub/session/1a4d4e2f-5834-429a-a660-5ed10b6c7cf4/element] with body: {"strategy":"xpath","selector":"//android.widget.RadialTimePickerView.RadialPickerTouchHelper[@content-desc=\"5\"]","context":"","multiple":false}
[debug] &amp#27;[35m[WD Proxy]&amp#27;[39m Got response with status 200: {"sessionId":"1a4d4e2f-5834-429a-a660-5ed10b6c7cf4","value":{"ELEMENT":"3109926d-a0d7-404e-8dd2-a2ff96b0f3a7","element-6066-11e4-a52e-4f735466cecf":"3109926d-a0d7-404e-8dd2-a2ff96b0f3a7"}}
[debug] &amp#27;[35m[W3C (86f0faee)]&amp#27;[39m Responding to client with driver.findElement() result: {"element-6066-11e4-a52e-4f735466cecf":"3109926d-a0d7-404e-8dd2-a2ff96b0f3a7","ELEMENT":"3109926d-a0d7-404e-8dd2-a2ff96b0f3a7"}
&amp#27;[35m[HTTP]&amp#27;[39m &amp#27;[37m<-- POST /wd/hub/session/86f0faee-62e3-4563-8a06-385facc1d7ce/element &amp#27;[39m&amp#27;[32m200&amp#27;[39m &amp#27;[90m114 ms - 137&amp#27;[39m
&amp#27;[35m[HTTP]&amp#27;[39m &amp#27;[90m&amp#27;[39m
&amp#27;[35m[HTTP]&amp#27;[39m &amp#27;[37m-->&amp#27;[39m &amp#27;[37mPOST&amp#27;[39m &amp#27;[37m/wd/hub/session/86f0faee-62e3-4563-8a06-385facc1d7ce/element/3109926d-a0d7-404e-8dd2-a2ff96b0f3a7/click&amp#27;[39m
&amp#27;[35m[HTTP]&amp#27;[39m &amp#27;[90m{"id":"3109926d-a0d7-404e-8dd2-a2ff96b0f3a7"}&amp#27;[39m
[debug] &amp#27;[35m[W3C (86f0faee)]&amp#27;[39m Calling AppiumDriver.click() with args: ["3109926d-a0d7-404e-8dd2-a2ff96b0f3a7","86f0faee-62e3-4563-8a06-385facc1d7ce"]
[debug] &amp#27;[35m[WD Proxy]&amp#27;[39m Matched '/element/3109926d-a0d7-404e-8dd2-a2ff96b0f3a7/click' to command name 'click'
[debug] &amp#27;[35m[WD Proxy]&amp#27;[39m Proxying [POST /element/3109926d-a0d7-404e-8dd2-a2ff96b0f3a7/click] to [POST http://127.0.0.1:8200/wd/hub/session/1a4d4e2f-5834-429a-a660-5ed10b6c7cf4/element/3109926d-a0d7-404e-8dd2-a2ff96b0f3a7/click] with body: {"element":"3109926d-a0d7-404e-8dd2-a2ff96b0f3a7"}
[debug] &amp#27;[35m[WD Proxy]&amp#27;[39m Got response with status 200: {"sessionId":"1a4d4e2f-5834-429a-a660-5ed10b6c7cf4","value":null}
[debug] &amp#27;[35m[W3C (86f0faee)]&amp#27;[39m Responding to client with driver.click() result: null
&amp#27;[35m[HTTP]&amp#27;[39m &amp#27;[37m<-- POST /wd/hub/session/86f0faee-62e3-4563-8a06-385facc1d7ce/element/3109926d-a0d7-404e-8dd2-a2ff96b0f3a7/click &amp#27;[39m&amp#27;[32m200&amp#27;[39m &amp#27;[90m21 ms - 14&amp#27;[39m
&amp#27;[35m[HTTP]&amp#27;[39m &amp#27;[90m&amp#27;[39m
&amp#27;[35m[HTTP]&amp#27;[39m &amp#27;[37m-->&amp#27;[39m &amp#27;[37mPOST&amp#27;[39m &amp#27;[37m/wd/hub/session/86f0faee-62e3-4563-8a06-385facc1d7ce/element&amp#27;[39m
&amp#27;[35m[HTTP]&amp#27;[39m &amp#27;[90m{"using":"xpath","value":"//android.widget.RadioButton[@text='PM']"}&amp#27;[39m
[debug] &amp#27;[35m[W3C (86f0faee)]&amp#27;[39m Calling AppiumDriver.findElement() with args: ["xpath","//android.widget.RadioButton[@text='PM']","86f0faee-62e3-4563-8a06-385facc1d7ce"]
[debug] &amp#27;[35m[BaseDriver]&amp#27;[39m Valid locator strategies for this request: xpath, id, class name, accessibility id, -android uiautomator
[debug] &amp#27;[35m[BaseDriver]&amp#27;[39m Waiting up to 20000 ms for condition
[debug] &amp#27;[35m[WD Proxy]&amp#27;[39m Matched '/element' to command name 'findElement'
[debug] &amp#27;[35m[WD Proxy]&amp#27;[39m Proxying [POST /element] to [POST http://127.0.0.1:8200/wd/hub/session/1a4d4e2f-5834-429a-a660-5ed10b6c7cf4/element] with body: {"strategy":"xpath","selector":"//android.widget.RadioButton[@text='PM']","context":"","multiple":false}
[debug] &amp#27;[35m[WD Proxy]&amp#27;[39m Got response with status 200: {"sessionId":"1a4d4e2f-5834-429a-a660-5ed10b6c7cf4","value":{"ELEMENT":"c8df833d-1177-48fe-9740-d1bab1648bcb","element-6066-11e4-a52e-4f735466cecf":"c8df833d-1177-48fe-9740-d1bab1648bcb"}}
[debug] &amp#27;[35m[W3C (86f0faee)]&amp#27;[39m Responding to client with driver.findElement() result: {"element-6066-11e4-a52e-4f735466cecf":"c8df833d-1177-48fe-9740-d1bab1648bcb","ELEMENT":"c8df833d-1177-48fe-9740-d1bab1648bcb"}
&amp#27;[35m[HTTP]&amp#27;[39m &amp#27;[37m<-- POST /wd/hub/session/86f0faee-62e3-4563-8a06-385facc1d7ce/element &amp#27;[39m&amp#27;[32m200&amp#27;[39m &amp#27;[90m100 ms - 137&amp#27;[39m
&amp#27;[35m[HTTP]&amp#27;[39m &amp#27;[90m&amp#27;[39m
&amp#27;[35m[HTTP]&amp#27;[39m &amp#27;[37m-->&amp#27;[39m &amp#27;[37mPOST&amp#27;[39m &amp#27;[37m/wd/hub/session/86f0faee-62e3-4563-8a06-385facc1d7ce/element/c8df833d-1177-48fe-9740-d1bab1648bcb/click&amp#27;[39m
&amp#27;[35m[HTTP]&amp#27;[39m &amp#27;[90m{"id":"c8df833d-1177-48fe-9740-d1bab1648bcb"}&amp#27;[39m
[debug] &amp#27;[35m[W3C (86f0faee)]&amp#27;[39m Calling AppiumDriver.click() with args: ["c8df833d-1177-48fe-9740-d1bab1648bcb","86f0faee-62e3-4563-8a06-385facc1d7ce"]
[debug] &amp#27;[35m[WD Proxy]&amp#27;[39m Matched '/element/c8df833d-1177-48fe-9740-d1bab1648bcb/click' to command name 'click'
[debug] &amp#27;[35m[WD Proxy]&amp#27;[39m Proxying [POST /element/c8df833d-1177-48fe-9740-d1bab1648bcb/click] to [POST http://127.0.0.1:8200/wd/hub/session/1a4d4e2f-5834-429a-a660-5ed10b6c7cf4/element/c8df833d-1177-48fe-9740-d1bab1648bcb/click] with body: {"element":"c8df833d-1177-48fe-9740-d1bab1648bcb"}
[debug] &amp#27;[35m[WD Proxy]&amp#27;[39m Got response with status 200: {"sessionId":"1a4d4e2f-5834-429a-a660-5ed10b6c7cf4","value":null}
[debug] &amp#27;[35m[W3C (86f0faee)]&amp#27;[39m Responding to client with driver.click() result: null
&amp#27;[35m[HTTP]&amp#27;[39m &amp#27;[37m<-- POST /wd/hub/session/86f0faee-62e3-4563-8a06-385facc1d7ce/element/c8df833d-1177-48fe-9740-d1bab1648bcb/click &amp#27;[39m&amp#27;[32m200&amp#27;[39m &amp#27;[90m32 ms - 14&amp#27;[39m
&amp#27;[35m[HTTP]&amp#27;[39m &amp#27;[90m&amp#27;[39m
&amp#27;[35m[HTTP]&amp#27;[39m &amp#27;[37m-->&amp#27;[39m &amp#27;[37mPOST&amp#27;[39m &amp#27;[37m/wd/hub/session/86f0faee-62e3-4563-8a06-385facc1d7ce/element&amp#27;[39m
&amp#27;[35m[HTTP]&amp#27;[39m &amp#27;[90m{"using":"id","value":"android:id/button1"}&amp#27;[39m
[debug] &amp#27;[35m[W3C (86f0faee)]&amp#27;[39m Calling AppiumDriver.findElement() with args: ["id","android:id/button1","86f0faee-62e3-4563-8a06-385facc1d7ce"]
[debug] &amp#27;[35m[BaseDriver]&amp#27;[39m Valid locator strategies for this request: xpath, id, class name, accessibility id, -android uiautomator
[debug] &amp#27;[35m[BaseDriver]&amp#27;[39m Waiting up to 20000 ms for condition
[debug] &amp#27;[35m[WD Proxy]&amp#27;[39m Matched '/element' to command name 'findElement'
[debug] &amp#27;[35m[WD Proxy]&amp#27;[39m Proxying [POST /element] to [POST http://127.0.0.1:8200/wd/hub/session/1a4d4e2f-5834-429a-a660-5ed10b6c7cf4/element] with body: {"strategy":"id","selector":"android:id/button1","context":"","multiple":false}
[debug] &amp#27;[35m[WD Proxy]&amp#27;[39m Got response with status 200: {"sessionId":"1a4d4e2f-5834-429a-a660-5ed10b6c7cf4","value":{"ELEMENT":"06e0b90b-59b4-4a1b-bc67-3c6f14a483fd","element-6066-11e4-a52e-4f735466cecf":"06e0b90b-59b4-4a1b-bc67-3c6f14a483fd"}}
[debug] &amp#27;[35m[W3C (86f0faee)]&amp#27;[39m Responding to client with driver.findElement() result: {"element-6066-11e4-a52e-4f735466cecf":"06e0b90b-59b4-4a1b-bc67-3c6f14a483fd","ELEMENT":"06e0b90b-59b4-4a1b-bc67-3c6f14a483fd"}
&amp#27;[35m[HTTP]&amp#27;[39m &amp#27;[37m<-- POST /wd/hub/session/86f0faee-62e3-4563-8a06-385facc1d7ce/element &amp#27;[39m&amp#27;[32m200&amp#27;[39m &amp#27;[90m25 ms - 137&amp#27;[39m
&amp#27;[35m[HTTP]&amp#27;[39m &amp#27;[90m&amp#27;[39m
&amp#27;[35m[HTTP]&amp#27;[39m &amp#27;[37m-->&amp#27;[39m &amp#27;[37mPOST&amp#27;[39m &amp#27;[37m/wd/hub/session/86f0faee-62e3-4563-8a06-385facc1d7ce/element/06e0b90b-59b4-4a1b-bc67-3c6f14a483fd/click&amp#27;[39m
&amp#27;[35m[HTTP]&amp#27;[39m &amp#27;[90m{"id":"06e0b90b-59b4-4a1b-bc67-3c6f14a483fd"}&amp#27;[39m
[debug] &amp#27;[35m[W3C (86f0faee)]&amp#27;[39m Calling AppiumDriver.click() with args: ["06e0b90b-59b4-4a1b-bc67-3c6f14a483fd","86f0faee-62e3-4563-8a06-385facc1d7ce"]
[debug] &amp#27;[35m[WD Proxy]&amp#27;[39m Matched '/element/06e0b90b-59b4-4a1b-bc67-3c6f14a483fd/click' to command name 'click'
[debug] &amp#27;[35m[WD Proxy]&amp#27;[39m Proxying [POST /element/06e0b90b-59b4-4a1b-bc67-3c6f14a483fd/click] to [POST http://127.0.0.1:8200/wd/hub/session/1a4d4e2f-5834-429a-a660-5ed10b6c7cf4/element/06e0b90b-59b4-4a1b-bc67-3c6f14a483fd/click] with body: {"element":"06e0b90b-59b4-4a1b-bc67-3c6f14a483fd"}
[debug] &amp#27;[35m[WD Proxy]&amp#27;[39m Got response with status 200: {"sessionId":"1a4d4e2f-5834-429a-a660-5ed10b6c7cf4","value":null}
[debug] &amp#27;[35m[W3C (86f0faee)]&amp#27;[39m Responding to client with driver.click() result: null
&amp#27;[35m[HTTP]&amp#27;[39m &amp#27;[37m<-- POST /wd/hub/session/86f0faee-62e3-4563-8a06-385facc1d7ce/element/06e0b90b-59b4-4a1b-bc67-3c6f14a483fd/click &amp#27;[39m&amp#27;[32m200&amp#27;[39m &amp#27;[90m543 ms - 14&amp#27;[39m
&amp#27;[35m[HTTP]&amp#27;[39m &amp#27;[90m&amp#27;[39m
]]></system-out>
  </testcase>
  <testcase name="alarmSet" classname="com.android.test.SetAlarmTest" time="0.598">
    <system-out><![CDATA[&amp#27;[35m[HTTP]&amp#27;[39m &amp#27;[37m-->&amp#27;[39m &amp#27;[37mPOST&amp#27;[39m &amp#27;[37m/wd/hub/session/86f0faee-62e3-4563-8a06-385facc1d7ce/element&amp#27;[39m
&amp#27;[35m[HTTP]&amp#27;[39m &amp#27;[90m{"using":"id","value":"com.google.android.deskclock:id/onoff"}&amp#27;[39m
[debug] &amp#27;[35m[W3C (86f0faee)]&amp#27;[39m Calling AppiumDriver.findElement() with args: ["id","com.google.android.deskclock:id/onoff","86f0faee-62e3-4563-8a06-385facc1d7ce"]
[debug] &amp#27;[35m[BaseDriver]&amp#27;[39m Valid locator strategies for this request: xpath, id, class name, accessibility id, -android uiautomator
[debug] &amp#27;[35m[BaseDriver]&amp#27;[39m Waiting up to 20000 ms for condition
[debug] &amp#27;[35m[WD Proxy]&amp#27;[39m Matched '/element' to command name 'findElement'
[debug] &amp#27;[35m[WD Proxy]&amp#27;[39m Proxying [POST /element] to [POST http://127.0.0.1:8200/wd/hub/session/1a4d4e2f-5834-429a-a660-5ed10b6c7cf4/element] with body: {"strategy":"id","selector":"com.google.android.deskclock:id/onoff","context":"","multiple":false}
[debug] &amp#27;[35m[WD Proxy]&amp#27;[39m Got response with status 200: {"sessionId":"1a4d4e2f-5834-429a-a660-5ed10b6c7cf4","value":{"ELEMENT":"39435730-a2c7-4d34-8ba3-a4a150d7c0ee","element-6066-11e4-a52e-4f735466cecf":"39435730-a2c7-4d34-8ba3-a4a150d7c0ee"}}
[debug] &amp#27;[35m[W3C (86f0faee)]&amp#27;[39m Responding to client with driver.findElement() result: {"element-6066-11e4-a52e-4f735466cecf":"39435730-a2c7-4d34-8ba3-a4a150d7c0ee","ELEMENT":"39435730-a2c7-4d34-8ba3-a4a150d7c0ee"}
&amp#27;[35m[HTTP]&amp#27;[39m &amp#27;[37m<-- POST /wd/hub/session/86f0faee-62e3-4563-8a06-385facc1d7ce/element &amp#27;[39m&amp#27;[32m200&amp#27;[39m &amp#27;[90m287 ms - 137&amp#27;[39m
&amp#27;[35m[HTTP]&amp#27;[39m &amp#27;[90m&amp#27;[39m
&amp#27;[35m[HTTP]&amp#27;[39m &amp#27;[37m-->&amp#27;[39m &amp#27;[37mGET&amp#27;[39m &amp#27;[37m/wd/hub/session/86f0faee-62e3-4563-8a06-385facc1d7ce/element/39435730-a2c7-4d34-8ba3-a4a150d7c0ee/attribute/checked&amp#27;[39m
&amp#27;[35m[HTTP]&amp#27;[39m &amp#27;[90m{}&amp#27;[39m
[debug] &amp#27;[35m[W3C (86f0faee)]&amp#27;[39m Calling AppiumDriver.getAttribute() with args: ["checked","39435730-a2c7-4d34-8ba3-a4a150d7c0ee","86f0faee-62e3-4563-8a06-385facc1d7ce"]
[debug] &amp#27;[35m[WD Proxy]&amp#27;[39m Matched '/element/39435730-a2c7-4d34-8ba3-a4a150d7c0ee/attribute/checked' to command name 'getAttribute'
[debug] &amp#27;[35m[WD Proxy]&amp#27;[39m Proxying [GET /element/39435730-a2c7-4d34-8ba3-a4a150d7c0ee/attribute/checked] to [GET http://127.0.0.1:8200/wd/hub/session/1a4d4e2f-5834-429a-a660-5ed10b6c7cf4/element/39435730-a2c7-4d34-8ba3-a4a150d7c0ee/attribute/checked] with body: {}
[debug] &amp#27;[35m[WD Proxy]&amp#27;[39m Got response with status 200: {"sessionId":"1a4d4e2f-5834-429a-a660-5ed10b6c7cf4","value":"true"}
[debug] &amp#27;[35m[W3C (86f0faee)]&amp#27;[39m Responding to client with driver.getAttribute() result: "true"
&amp#27;[35m[HTTP]&amp#27;[39m &amp#27;[37m<-- GET /wd/hub/session/86f0faee-62e3-4563-8a06-385facc1d7ce/element/39435730-a2c7-4d34-8ba3-a4a150d7c0ee/attribute/checked &amp#27;[39m&amp#27;[32m200&amp#27;[39m &amp#27;[90m297 ms - 16&amp#27;[39m
&amp#27;[35m[HTTP]&amp#27;[39m &amp#27;[90m&amp#27;[39m
Alarm Set already!
]]></system-out>
  </testcase>
  <testcase name="checkSettings" classname="com.android.test.SetAlarmTest" time="6.971">
    <system-out><![CDATA[&amp#27;[35m[HTTP]&amp#27;[39m &amp#27;[37m-->&amp#27;[39m &amp#27;[37mPOST&amp#27;[39m &amp#27;[37m/wd/hub/session/86f0faee-62e3-4563-8a06-385facc1d7ce/element&amp#27;[39m
&amp#27;[35m[HTTP]&amp#27;[39m &amp#27;[90m{"using":"xpath","value":"//*[@content-desc=\"More options\"]"}&amp#27;[39m
[debug] &amp#27;[35m[W3C (86f0faee)]&amp#27;[39m Calling AppiumDriver.findElement() with args: ["xpath","//*[@content-desc=\"More options\"]","86f0faee-62e3-4563-8a06-385facc1d7ce"]
[debug] &amp#27;[35m[BaseDriver]&amp#27;[39m Valid locator strategies for this request: xpath, id, class name, accessibility id, -android uiautomator
[debug] &amp#27;[35m[BaseDriver]&amp#27;[39m Waiting up to 20000 ms for condition
[debug] &amp#27;[35m[WD Proxy]&amp#27;[39m Matched '/element' to command name 'findElement'
[debug] &amp#27;[35m[WD Proxy]&amp#27;[39m Proxying [POST /element] to [POST http://127.0.0.1:8200/wd/hub/session/1a4d4e2f-5834-429a-a660-5ed10b6c7cf4/element] with body: {"strategy":"xpath","selector":"//*[@content-desc=\"More options\"]","context":"","multiple":false}
[debug] &amp#27;[35m[WD Proxy]&amp#27;[39m Got response with status 200: {"sessionId":"1a4d4e2f-5834-429a-a660-5ed10b6c7cf4","value":{"ELEMENT":"7650ffd2-cf5e-4c90-9654-14288dd14e5c","element-6066-11e4-a52e-4f735466cecf":"7650ffd2-cf5e-4c90-9654-14288dd14e5c"}}
[debug] &amp#27;[35m[W3C (86f0faee)]&amp#27;[39m Responding to client with driver.findElement() result: {"element-6066-11e4-a52e-4f735466cecf":"7650ffd2-cf5e-4c90-9654-14288dd14e5c","ELEMENT":"7650ffd2-cf5e-4c90-9654-14288dd14e5c"}
&amp#27;[35m[HTTP]&amp#27;[39m &amp#27;[37m<-- POST /wd/hub/session/86f0faee-62e3-4563-8a06-385facc1d7ce/element &amp#27;[39m&amp#27;[32m200&amp#27;[39m &amp#27;[90m284 ms - 137&amp#27;[39m
&amp#27;[35m[HTTP]&amp#27;[39m &amp#27;[90m&amp#27;[39m
&amp#27;[35m[HTTP]&amp#27;[39m &amp#27;[37m-->&amp#27;[39m &amp#27;[37mPOST&amp#27;[39m &amp#27;[37m/wd/hub/session/86f0faee-62e3-4563-8a06-385facc1d7ce/element/7650ffd2-cf5e-4c90-9654-14288dd14e5c/click&amp#27;[39m
&amp#27;[35m[HTTP]&amp#27;[39m &amp#27;[90m{"id":"7650ffd2-cf5e-4c90-9654-14288dd14e5c"}&amp#27;[39m
[debug] &amp#27;[35m[W3C (86f0faee)]&amp#27;[39m Calling AppiumDriver.click() with args: ["7650ffd2-cf5e-4c90-9654-14288dd14e5c","86f0faee-62e3-4563-8a06-385facc1d7ce"]
[debug] &amp#27;[35m[WD Proxy]&amp#27;[39m Matched '/element/7650ffd2-cf5e-4c90-9654-14288dd14e5c/click' to command name 'click'
[debug] &amp#27;[35m[WD Proxy]&amp#27;[39m Proxying [POST /element/7650ffd2-cf5e-4c90-9654-14288dd14e5c/click] to [POST http://127.0.0.1:8200/wd/hub/session/1a4d4e2f-5834-429a-a660-5ed10b6c7cf4/element/7650ffd2-cf5e-4c90-9654-14288dd14e5c/click] with body: {"element":"7650ffd2-cf5e-4c90-9654-14288dd14e5c"}
[debug] &amp#27;[35m[WD Proxy]&amp#27;[39m Got response with status 200: {"sessionId":"1a4d4e2f-5834-429a-a660-5ed10b6c7cf4","value":null}
[debug] &amp#27;[35m[W3C (86f0faee)]&amp#27;[39m Responding to client with driver.click() result: null
&amp#27;[35m[HTTP]&amp#27;[39m &amp#27;[37m<-- POST /wd/hub/session/86f0faee-62e3-4563-8a06-385facc1d7ce/element/7650ffd2-cf5e-4c90-9654-14288dd14e5c/click &amp#27;[39m&amp#27;[32m200&amp#27;[39m &amp#27;[90m26 ms - 14&amp#27;[39m
&amp#27;[35m[HTTP]&amp#27;[39m &amp#27;[90m&amp#27;[39m
&amp#27;[35m[HTTP]&amp#27;[39m &amp#27;[37m-->&amp#27;[39m &amp#27;[37mPOST&amp#27;[39m &amp#27;[37m/wd/hub/session/86f0faee-62e3-4563-8a06-385facc1d7ce/element&amp#27;[39m
&amp#27;[35m[HTTP]&amp#27;[39m &amp#27;[90m{"using":"xpath","value":"//*[@text='Settings']"}&amp#27;[39m
[debug] &amp#27;[35m[W3C (86f0faee)]&amp#27;[39m Calling AppiumDriver.findElement() with args: ["xpath","//*[@text='Settings']","86f0faee-62e3-4563-8a06-385facc1d7ce"]
[debug] &amp#27;[35m[BaseDriver]&amp#27;[39m Valid locator strategies for this request: xpath, id, class name, accessibility id, -android uiautomator
[debug] &amp#27;[35m[BaseDriver]&amp#27;[39m Waiting up to 20000 ms for condition
[debug] &amp#27;[35m[WD Proxy]&amp#27;[39m Matched '/element' to command name 'findElement'
[debug] &amp#27;[35m[WD Proxy]&amp#27;[39m Proxying [POST /element] to [POST http://127.0.0.1:8200/wd/hub/session/1a4d4e2f-5834-429a-a660-5ed10b6c7cf4/element] with body: {"strategy":"xpath","selector":"//*[@text='Settings']","context":"","multiple":false}
&amp#27;[35m[WD Proxy]&amp#27;[39m Got response with status 404: {"sessionId":"1a4d4e2f-5834-429a-a660-5ed10b6c7cf4","value":{"error":"no such element","message":"An element could not be located on the page using the given search parameters","stacktrace":"io.appium.uiautomator2.common.exceptions.ElementNotFoundException: An element could not be located on the page using the given search parameters\n\tat io.appium.uiautomator2.handler.FindElement.findElement(FindElement.java:102)\n\tat io.appium.uiautomator2.handler.FindElement.safeHandle(FindElement.java:72)\n\tat io.appium.uiautomator2.handler.request.SafeRequestHandler.handle(SafeRequestHandler.java:38)\n\tat io.appium.uiautomator2.server.AppiumServlet.handleRequest(AppiumServlet.java:252)\n\tat io.appium.uiautomator2.server.AppiumServlet.handleHttpRequest(AppiumServlet.java:242)\n\tat io.appium.uiautomator2.http.ServerHandler.channelRead(ServerHandler.java:51)\n\tat io.netty.channel.AbstractChannelHandlerContext.invokeChannelRead(AbstractChannelHandlerContext.java:366)\n\tat io.netty.channel.AbstractChannelHandlerCon...
[debug] &amp#27;[35m[W3C]&amp#27;[39m Matched W3C error code 'no such element' to NoSuchElementError
[debug] &amp#27;[35m[BaseDriver]&amp#27;[39m Waited for 124 ms so far
[debug] &amp#27;[35m[WD Proxy]&amp#27;[39m Matched '/element' to command name 'findElement'
[debug] &amp#27;[35m[WD Proxy]&amp#27;[39m Proxying [POST /element] to [POST http://127.0.0.1:8200/wd/hub/session/1a4d4e2f-5834-429a-a660-5ed10b6c7cf4/element] with body: {"strategy":"xpath","selector":"//*[@text='Settings']","context":"","multiple":false}
[debug] &amp#27;[35m[WD Proxy]&amp#27;[39m Got response with status 200: {"sessionId":"1a4d4e2f-5834-429a-a660-5ed10b6c7cf4","value":{"ELEMENT":"51137d79-4638-49d0-b37d-e5fa953d9d1d","element-6066-11e4-a52e-4f735466cecf":"51137d79-4638-49d0-b37d-e5fa953d9d1d"}}
[debug] &amp#27;[35m[W3C (86f0faee)]&amp#27;[39m Responding to client with driver.findElement() result: {"element-6066-11e4-a52e-4f735466cecf":"51137d79-4638-49d0-b37d-e5fa953d9d1d","ELEMENT":"51137d79-4638-49d0-b37d-e5fa953d9d1d"}
&amp#27;[35m[HTTP]&amp#27;[39m &amp#27;[37m<-- POST /wd/hub/session/86f0faee-62e3-4563-8a06-385facc1d7ce/element &amp#27;[39m&amp#27;[32m200&amp#27;[39m &amp#27;[90m960 ms - 137&amp#27;[39m
&amp#27;[35m[HTTP]&amp#27;[39m &amp#27;[90m&amp#27;[39m
&amp#27;[35m[HTTP]&amp#27;[39m &amp#27;[37m-->&amp#27;[39m &amp#27;[37mPOST&amp#27;[39m &amp#27;[37m/wd/hub/session/86f0faee-62e3-4563-8a06-385facc1d7ce/element/51137d79-4638-49d0-b37d-e5fa953d9d1d/click&amp#27;[39m
&amp#27;[35m[HTTP]&amp#27;[39m &amp#27;[90m{"id":"51137d79-4638-49d0-b37d-e5fa953d9d1d"}&amp#27;[39m
[debug] &amp#27;[35m[W3C (86f0faee)]&amp#27;[39m Calling AppiumDriver.click() with args: ["51137d79-4638-49d0-b37d-e5fa953d9d1d","86f0faee-62e3-4563-8a06-385facc1d7ce"]
[debug] &amp#27;[35m[WD Proxy]&amp#27;[39m Matched '/element/51137d79-4638-49d0-b37d-e5fa953d9d1d/click' to command name 'click'
[debug] &amp#27;[35m[WD Proxy]&amp#27;[39m Proxying [POST /element/51137d79-4638-49d0-b37d-e5fa953d9d1d/click] to [POST http://127.0.0.1:8200/wd/hub/session/1a4d4e2f-5834-429a-a660-5ed10b6c7cf4/element/51137d79-4638-49d0-b37d-e5fa953d9d1d/click] with body: {"element":"51137d79-4638-49d0-b37d-e5fa953d9d1d"}
[debug] &amp#27;[35m[WD Proxy]&amp#27;[39m Got response with status 200: {"sessionId":"1a4d4e2f-5834-429a-a660-5ed10b6c7cf4","value":null}
[debug] &amp#27;[35m[W3C (86f0faee)]&amp#27;[39m Responding to client with driver.click() result: null
&amp#27;[35m[HTTP]&amp#27;[39m &amp#27;[37m<-- POST /wd/hub/session/86f0faee-62e3-4563-8a06-385facc1d7ce/element/51137d79-4638-49d0-b37d-e5fa953d9d1d/click &amp#27;[39m&amp#27;[32m200&amp#27;[39m &amp#27;[90m1232 ms - 14&amp#27;[39m
&amp#27;[35m[HTTP]&amp#27;[39m &amp#27;[90m&amp#27;[39m
&amp#27;[35m[HTTP]&amp#27;[39m &amp#27;[37m-->&amp#27;[39m &amp#27;[37mPOST&amp#27;[39m &amp#27;[37m/wd/hub/session/86f0faee-62e3-4563-8a06-385facc1d7ce/element&amp#27;[39m
&amp#27;[35m[HTTP]&amp#27;[39m &amp#27;[90m{"using":"-android uiautomator","value":"new UiScrollable (new UiSelector()).scrollIntoView(text(\"Style\"));"}&amp#27;[39m
[debug] &amp#27;[35m[W3C (86f0faee)]&amp#27;[39m Calling AppiumDriver.findElement() with args: ["-android uiautomator","new UiScrollable (new UiSelector()).scrollIntoView(text(\"Style\"));","86f0faee-62e3-4563-8a06-385facc1d7ce"]
[debug] &amp#27;[35m[BaseDriver]&amp#27;[39m Valid locator strategies for this request: xpath, id, class name, accessibility id, -android uiautomator
[debug] &amp#27;[35m[BaseDriver]&amp#27;[39m Waiting up to 20000 ms for condition
[debug] &amp#27;[35m[WD Proxy]&amp#27;[39m Matched '/element' to command name 'findElement'
[debug] &amp#27;[35m[WD Proxy]&amp#27;[39m Proxying [POST /element] to [POST http://127.0.0.1:8200/wd/hub/session/1a4d4e2f-5834-429a-a660-5ed10b6c7cf4/element] with body: {"strategy":"-android uiautomator","selector":"new UiScrollable (new UiSelector()).scrollIntoView(text(\"Style\"));","context":"","multiple":false}
[debug] &amp#27;[35m[WD Proxy]&amp#27;[39m Got response with status 200: {"sessionId":"1a4d4e2f-5834-429a-a660-5ed10b6c7cf4","value":{"ELEMENT":"58f96364-f36f-4e9b-94c8-9b358cb0cdde","element-6066-11e4-a52e-4f735466cecf":"58f96364-f36f-4e9b-94c8-9b358cb0cdde"}}
[debug] &amp#27;[35m[W3C (86f0faee)]&amp#27;[39m Responding to client with driver.findElement() result: {"element-6066-11e4-a52e-4f735466cecf":"58f96364-f36f-4e9b-94c8-9b358cb0cdde","ELEMENT":"58f96364-f36f-4e9b-94c8-9b358cb0cdde"}
&amp#27;[35m[HTTP]&amp#27;[39m &amp#27;[37m<-- POST /wd/hub/session/86f0faee-62e3-4563-8a06-385facc1d7ce/element &amp#27;[39m&amp#27;[32m200&amp#27;[39m &amp#27;[90m49 ms - 137&amp#27;[39m
&amp#27;[35m[HTTP]&amp#27;[39m &amp#27;[90m&amp#27;[39m
&amp#27;[35m[HTTP]&amp#27;[39m &amp#27;[37m-->&amp#27;[39m &amp#27;[37mPOST&amp#27;[39m &amp#27;[37m/wd/hub/session/86f0faee-62e3-4563-8a06-385facc1d7ce/element&amp#27;[39m
&amp#27;[35m[HTTP]&amp#27;[39m &amp#27;[90m{"using":"xpath","value":"//*[@content-desc=\"Navigate up\"]"}&amp#27;[39m
[debug] &amp#27;[35m[W3C (86f0faee)]&amp#27;[39m Calling AppiumDriver.findElement() with args: ["xpath","//*[@content-desc=\"Navigate up\"]","86f0faee-62e3-4563-8a06-385facc1d7ce"]
[debug] &amp#27;[35m[BaseDriver]&amp#27;[39m Valid locator strategies for this request: xpath, id, class name, accessibility id, -android uiautomator
[debug] &amp#27;[35m[BaseDriver]&amp#27;[39m Waiting up to 20000 ms for condition
[debug] &amp#27;[35m[WD Proxy]&amp#27;[39m Matched '/element' to command name 'findElement'
[debug] &amp#27;[35m[WD Proxy]&amp#27;[39m Proxying [POST /element] to [POST http://127.0.0.1:8200/wd/hub/session/1a4d4e2f-5834-429a-a660-5ed10b6c7cf4/element] with body: {"strategy":"xpath","selector":"//*[@content-desc=\"Navigate up\"]","context":"","multiple":false}
[debug] &amp#27;[35m[WD Proxy]&amp#27;[39m Got response with status 200: {"sessionId":"1a4d4e2f-5834-429a-a660-5ed10b6c7cf4","value":{"ELEMENT":"ec9add3b-6bbe-4f47-9db5-6fd560146bf5","element-6066-11e4-a52e-4f735466cecf":"ec9add3b-6bbe-4f47-9db5-6fd560146bf5"}}
[debug] &amp#27;[35m[W3C (86f0faee)]&amp#27;[39m Responding to client with driver.findElement() result: {"element-6066-11e4-a52e-4f735466cecf":"ec9add3b-6bbe-4f47-9db5-6fd560146bf5","ELEMENT":"ec9add3b-6bbe-4f47-9db5-6fd560146bf5"}
&amp#27;[35m[HTTP]&amp#27;[39m &amp#27;[37m<-- POST /wd/hub/session/86f0faee-62e3-4563-8a06-385facc1d7ce/element &amp#27;[39m&amp#27;[32m200&amp#27;[39m &amp#27;[90m234 ms - 137&amp#27;[39m
&amp#27;[35m[HTTP]&amp#27;[39m &amp#27;[90m&amp#27;[39m
&amp#27;[35m[HTTP]&amp#27;[39m &amp#27;[37m-->&amp#27;[39m &amp#27;[37mPOST&amp#27;[39m &amp#27;[37m/wd/hub/session/86f0faee-62e3-4563-8a06-385facc1d7ce/element/ec9add3b-6bbe-4f47-9db5-6fd560146bf5/click&amp#27;[39m
&amp#27;[35m[HTTP]&amp#27;[39m &amp#27;[90m{"id":"ec9add3b-6bbe-4f47-9db5-6fd560146bf5"}&amp#27;[39m
[debug] &amp#27;[35m[W3C (86f0faee)]&amp#27;[39m Calling AppiumDriver.click() with args: ["ec9add3b-6bbe-4f47-9db5-6fd560146bf5","86f0faee-62e3-4563-8a06-385facc1d7ce"]
[debug] &amp#27;[35m[WD Proxy]&amp#27;[39m Matched '/element/ec9add3b-6bbe-4f47-9db5-6fd560146bf5/click' to command name 'click'
[debug] &amp#27;[35m[WD Proxy]&amp#27;[39m Proxying [POST /element/ec9add3b-6bbe-4f47-9db5-6fd560146bf5/click] to [POST http://127.0.0.1:8200/wd/hub/session/1a4d4e2f-5834-429a-a660-5ed10b6c7cf4/element/ec9add3b-6bbe-4f47-9db5-6fd560146bf5/click] with body: {"element":"ec9add3b-6bbe-4f47-9db5-6fd560146bf5"}
[debug] &amp#27;[35m[WD Proxy]&amp#27;[39m Got response with status 200: {"sessionId":"1a4d4e2f-5834-429a-a660-5ed10b6c7cf4","value":null}
[debug] &amp#27;[35m[W3C (86f0faee)]&amp#27;[39m Responding to client with driver.click() result: null
&amp#27;[35m[HTTP]&amp#27;[39m &amp#27;[37m<-- POST /wd/hub/session/86f0faee-62e3-4563-8a06-385facc1d7ce/element/ec9add3b-6bbe-4f47-9db5-6fd560146bf5/click &amp#27;[39m&amp#27;[32m200&amp#27;[39m &amp#27;[90m19 ms - 14&amp#27;[39m
&amp#27;[35m[HTTP]&amp#27;[39m &amp#27;[90m&amp#27;[39m
]]></system-out>
  </testcase>
</testsuite>