<?xml version="1.0" encoding="UTF-8"?>
<testng-results ignored="0" total="5" passed="5" failed="0" skipped="0">
  <reporter-output>
  </reporter-output>
  <suite started-at="2020-07-22T16:00:18 IST" name="Clock App Test" finished-at="2020-07-22T16:01:41 IST" duration-ms="82789">
    <groups>
    </groups>
    <test started-at="2020-07-22T16:00:18 IST" name="Clock Functions" finished-at="2020-07-22T16:01:41 IST" duration-ms="82789">
      <class name="com.android.test.SetAlarmTest">
        <test-method is-config="true" signature="setUp()[pri:0, instance:com.android.test.SetAlarmTest@778d1062]" started-at="2020-07-22T16:00:18 IST" name="setUp" finished-at="2020-07-22T16:01:16 IST" duration-ms="57750" status="PASS">
          <reporter-output>
          </reporter-output>
        </test-method> <!-- setUp -->
        <test-method signature="clickTabs()[pri:0, instance:com.android.test.SetAlarmTest@778d1062]" started-at="2020-07-22T16:01:16 IST" name="clickTabs" finished-at="2020-07-22T16:01:21 IST" duration-ms="4972" status="PASS">
          <reporter-output>
          </reporter-output>
        </test-method> <!-- clickTabs -->
        <test-method signature="setPreferences()[pri:1, instance:com.android.test.SetAlarmTest@778d1062]" started-at="2020-07-22T16:01:21 IST" name="setPreferences" finished-at="2020-07-22T16:01:28 IST" duration-ms="7598" status="PASS">
          <reporter-output>
          </reporter-output>
        </test-method> <!-- setPreferences -->
        <test-method signature="chooseTime()[pri:2, instance:com.android.test.SetAlarmTest@778d1062]" started-at="2020-07-22T16:01:28 IST" name="chooseTime" finished-at="2020-07-22T16:01:32 IST" duration-ms="3614" status="PASS">
          <reporter-output>
          </reporter-output>
        </test-method> <!-- chooseTime -->
        <test-method signature="alarmSet()[pri:0, instance:com.android.test.SetAlarmTest@778d1062]" started-at="2020-07-22T16:01:32 IST" name="alarmSet" finished-at="2020-07-22T16:01:32 IST" depends-on-methods="com.android.test.SetAlarmTest.chooseTime" duration-ms="580" status="PASS">
          <reporter-output>
          </reporter-output>
        </test-method> <!-- alarmSet -->
        <test-method signature="checkSettings()[pri:3, instance:com.android.test.SetAlarmTest@778d1062]" started-at="2020-07-22T16:01:32 IST" name="checkSettings" finished-at="2020-07-22T16:01:39 IST" duration-ms="6713" status="PASS">
          <reporter-output>
          </reporter-output>
        </test-method> <!-- checkSettings -->
        <test-method is-config="true" signature="tearDown()[pri:0, instance:com.android.test.SetAlarmTest@778d1062]" started-at="2020-07-22T16:01:39 IST" name="tearDown" finished-at="2020-07-22T16:01:41 IST" duration-ms="1504" status="PASS">
          <reporter-output>
          </reporter-output>
        </test-method> <!-- tearDown -->
      </class> <!-- com.android.test.SetAlarmTest -->
    </test> <!-- Clock Functions -->
  </suite> <!-- Clock App Test -->
</testng-results>
