<?xml version="1.0" encoding="UTF-8"?>
<testsuite xmlns:xsi="http://www.w3.org/2001/XMLSchema-instance" xsi:noNamespaceSchemaLocation="https://maven.apache.org/surefire/maven-surefire-plugin/xsd/surefire-test-report-3.0.xsd" version="3.0" name="TestSuite" time="84.148" tests="5" errors="0" skipped="0" failures="0">
  <properties>
[...]
</properties>
  <testcase name="clickTabs" classname="com.android.test.SetAlarmTest" time="4.775">
    <system-out><![CDATA[&amp#27;[35m[Appium]&amp#27;[39m Welcome to Appium v1.17.1
&amp#27;[35m[Appium]&amp#27;[39m Appium REST http interface listener started on 0.0.0.0:4723
&amp#27;[35m[HTTP]&amp#27;[39m &amp#27;[37m-->&amp#27;[39m &amp#27;[37mGET&amp#27;[39m &amp#27;[37m/wd/hub/status&amp#27;[39m
&amp#27;[35m[HTTP]&amp#27;[39m &amp#27;[90m{}&amp#27;[39m
[debug] &amp#27;[35m[GENERIC]&amp#27;[39m Calling AppiumDriver.getStatus() with args: []
[debug] &amp#27;[35m[GENERIC]&amp#27;[39m Responding to client with driver.getStatus() result: {"build":{"version":"1.17.1"}}
&amp#27;[35m[HTTP]&amp#27;[39m &amp#27;[37m<-- GET /wd/hub/status &amp#27;[39m&amp#27;[32m200&amp#27;[39m &amp#27;[90m8 ms - 68&amp#27;[39m
&amp#27;[35m[HTTP]&amp#27;[39m &amp#27;[90m&amp#27;[39m
&amp#27;[35m[HTTP]&amp#27;[39m &amp#27;[37m-->&amp#27;[39m &amp#27;[37mPOST&amp#27;[39m &amp#27;[37m/wd/hub/session&amp#27;[39m
&amp#27;[35m[HTTP]&amp#27;[39m &amp#27;[90m{"desiredCapabilities":{"appActivity":"com.android.deskclock.DeskClock","appPackage":"com.google.android.deskclock","noReset":"true","platformVersion":"8.1","automationName":"UiAutomator2","autoGrantPermissions":"true","platformName":"Android","deviceName":"emulator-5554","fullReset":"false","appWaitDuration":"10000"},"capabilities":{"firstMatch":[{"appium:appActivity":"com.android.deskclock.DeskClock","appium:appPackage":"com.google.android.deskclock","appium:appWaitDuration":"10000","appium:autoGrantPermissions":"true","appium:automationName":"UiAutomator2","appium:deviceName":"emulator-5554","appium:fullReset":"false","appium:noReset":"true","platformName":"android","appium:platformVersion":"8.1"}]}}&amp#27;[39m
[debug] &amp#27;[35m[W3C]&amp#27;[39m Calling AppiumDriver.createSession() with args: [{"appActivity":"com.android.deskclock.DeskClock","appPackage":"com.google.android.deskclock","noReset":"true","platformVersion":"8.1","automationName":"UiAutomator2","autoGrantPermissions":"true","platformName":"Android","deviceName":"emulator-5554","fullReset":"false","appWaitDuration":"10000"},null,{"firstMatch":[{"appium:appActivity":"com.android.deskclock.DeskClock","appium:appPackage":"com.google.android.deskclock","appium:appWaitDuration":"10000","appium:autoGrantPermissions":"true","appium:automationName":"UiAutomator2","appium:deviceName":"emulator-5554","appium:fullReset":"false","appium:noReset":"true","platformName":"android","appium:platformVersion":"8.1"}]}]
[debug] &amp#27;[35m[BaseDriver]&amp#27;[39m Event 'newSessionRequested' logged at 1595413856860 (16:00:56 GMT+0530 (India Standard Time))
&amp#27;[35m[Appium]&amp#27;[39m Appium v1.17.1 creating new AndroidUiautomator2Driver (v1.44.2) session
[debug] &amp#27;[35m[BaseDriver]&amp#27;[39m W3C capabilities and MJSONWP desired capabilities were provided
[debug] &amp#27;[35m[BaseDriver]&amp#27;[39m Creating session with W3C capabilities: {
[debug] &amp#27;[35m[BaseDriver]&amp#27;[39m   "alwaysMatch": {
[debug] &amp#27;[35m[BaseDriver]&amp#27;[39m     "platformName": "android",
[debug] &amp#27;[35m[BaseDriver]&amp#27;[39m     "appium:appActivity": "com.android.deskclock.DeskClock",
[debug] &amp#27;[35m[BaseDriver]&amp#27;[39m     "appium:appPackage": "com.google.android.deskclock",
[debug] &amp#27;[35m[BaseDriver]&amp#27;[39m     "appium:appWaitDuration": "10000",
[debug] &amp#27;[35m[BaseDriver]&amp#27;[39m     "appium:autoGrantPermissions": "true",
[debug] &amp#27;[35m[BaseDriver]&amp#27;[39m     "appium:automationName": "UiAutomator2",
[debug] &amp#27;[35m[BaseDriver]&amp#27;[39m     "appium:deviceName": "emulator-5554",
[debug] &amp#27;[35m[BaseDriver]&amp#27;[39m     "appium:fullReset": "false",
[debug] &amp#27;[35m[BaseDriver]&amp#27;[39m     "appium:noReset": "true",
[debug] &amp#27;[35m[BaseDriver]&amp#27;[39m     "appium:platformVersion": "8.1"
[debug] &amp#27;[35m[BaseDriver]&amp#27;[39m   },
[debug] &amp#27;[35m[BaseDriver]&amp#27;[39m   "firstMatch": [
[debug] &amp#27;[35m[BaseDriver]&amp#27;[39m     {}
[debug] &amp#27;[35m[BaseDriver]&amp#27;[39m   ]
[debug] &amp#27;[35m[BaseDriver]&amp#27;[39m }
&amp#27;[35m[BaseDriver]&amp#27;[39m Number capability passed in as string. Functionality may be compromised.
&amp#27;[35m[BaseDriver]&amp#27;[39m Capability 'noReset' changed from string to boolean. This may cause unexpected behavior
&amp#27;[35m[BaseDriver]&amp#27;[39m Capability 'fullReset' changed from string to boolean. This may cause unexpected behavior
&amp#27;[35m[BaseDriver]&amp#27;[39m Capability 'autoGrantPermissions' changed from string to boolean. This may cause unexpected behavior
&amp#27;[35m[BaseDriver]&amp#27;[39m Capability 'appWaitDuration' changed from string ('10000') to integer (10000). This may cause unexpected behavior
&amp#27;[35m[BaseDriver]&amp#27;[39m Session created with session id: eb2ddf43-8325-4e34-ab57-b33bacca1c25
&amp#27;[35m[UiAutomator2]&amp#27;[39m Starting 'com.google.android.deskclock' directly on the device
&amp#27;[35m[ADB]&amp#27;[39m Found 1 'build-tools' folders under 'C:\Users\NITISH DASH\AppData\Local\Android\Sdk' (newest first):
&amp#27;[35m[ADB]&amp#27;[39m     C:/Users/NITISH DASH/AppData/Local/Android/Sdk/build-tools/29.0.2
&amp#27;[35m[ADB]&amp#27;[39m Using 'adb.exe' from 'C:\Users\NITISH DASH\AppData\Local\Android\Sdk\platform-tools\adb.exe'
&amp#27;[35m[AndroidDriver]&amp#27;[39m Retrieving device list
[debug] &amp#27;[35m[ADB]&amp#27;[39m Trying to find a connected android device
[debug] &amp#27;[35m[ADB]&amp#27;[39m Getting connected devices...
[debug] &amp#27;[35m[ADB]&amp#27;[39m Connected devices: [{"udid":"emulator-5554","state":"device"}]
&amp#27;[35m[AndroidDriver]&amp#27;[39m Looking for a device with Android '8.1.0'
[debug] &amp#27;[35m[ADB]&amp#27;[39m Setting device id to emulator-5554
&amp#27;[35m[ADB]&amp#27;[39m Getting device platform version
[debug] &amp#27;[35m[ADB]&amp#27;[39m Running 'C:\Users\NITISH DASH\AppData\Local\Android\Sdk\platform-tools\adb.exe -P 5037 -s emulator-5554 shell getprop ro.build.version.release'
[debug] &amp#27;[35m[ADB]&amp#27;[39m Current device property 'ro.build.version.release': 8.1.0
&amp#27;[35m[AndroidDriver]&amp#27;[39m Using device: emulator-5554
&amp#27;[35m[ADB]&amp#27;[39m Using 'adb.exe' from 'C:\Users\NITISH DASH\AppData\Local\Android\Sdk\platform-tools\adb.exe'
[debug] &amp#27;[35m[ADB]&amp#27;[39m Setting device id to emulator-5554
[debug] &amp#27;[35m[ADB]&amp#27;[39m Running 'C:\Users\NITISH DASH\AppData\Local\Android\Sdk\platform-tools\adb.exe -P 5037 -s emulator-5554 shell getprop ro.build.version.sdk'
[debug] &amp#27;[35m[ADB]&amp#27;[39m Current device property 'ro.build.version.sdk': 27
[debug] &amp#27;[35m[ADB]&amp#27;[39m Device API level: 27
&amp#27;[35m[AndroidDriver]&amp#27;[39m No app sent in, not parsing package/activity
[debug] &amp#27;[35m[ADB]&amp#27;[39m Running 'C:\Users\NITISH DASH\AppData\Local\Android\Sdk\platform-tools\adb.exe -P 5037 -s emulator-5554 wait-for-device'
[debug] &amp#27;[35m[ADB]&amp#27;[39m Running 'C:\Users\NITISH DASH\AppData\Local\Android\Sdk\platform-tools\adb.exe -P 5037 -s emulator-5554 shell echo ping'
[debug] &amp#27;[35m[AndroidDriver]&amp#27;[39m Pushing settings apk to device...
[debug] &amp#27;[35m[ADB]&amp#27;[39m Getting install status for io.appium.settings
[debug] &amp#27;[35m[ADB]&amp#27;[39m Running 'C:\Users\NITISH DASH\AppData\Local\Android\Sdk\platform-tools\adb.exe -P 5037 -s emulator-5554 shell dumpsys package io.appium.settings'
[debug] &amp#27;[35m[ADB]&amp#27;[39m 'io.appium.settings' is installed
[debug] &amp#27;[35m[ADB]&amp#27;[39m Getting package info for 'io.appium.settings'
[debug] &amp#27;[35m[ADB]&amp#27;[39m Running 'C:\Users\NITISH DASH\AppData\Local\Android\Sdk\platform-tools\adb.exe -P 5037 -s emulator-5554 shell dumpsys package io.appium.settings'
[debug] &amp#27;[35m[ADB]&amp#27;[39m The version name of the installed 'io.appium.settings' is greater or equal to the application version name ('3.1.0' >= '3.1.0')
[debug] &amp#27;[35m[ADB]&amp#27;[39m There is no need to install/upgrade 'C:\Users\NITISH DASH\AppData\Roaming\npm\node_modules\appium\node_modules\io.appium.settings\apks\settings_apk-debug.apk'
[debug] &amp#27;[35m[ADB]&amp#27;[39m Getting IDs of all 'io.appium.settings' processes
[debug] &amp#27;[35m[ADB]&amp#27;[39m Running 'C:\Users\NITISH DASH\AppData\Local\Android\Sdk\platform-tools\adb.exe -P 5037 -s emulator-5554 shell 'pgrep --help; echo $?''
[debug] &amp#27;[35m[ADB]&amp#27;[39m Running 'C:\Users\NITISH DASH\AppData\Local\Android\Sdk\platform-tools\adb.exe -P 5037 -s emulator-5554 shell pgrep -f io\\.appium\\.settings'
[debug] &amp#27;[35m[AndroidDriver]&amp#27;[39m io.appium.settings is already running. There is no need to reset its permissions.
[debug] &amp#27;[35m[ADB]&amp#27;[39m Running 'C:\Users\NITISH DASH\AppData\Local\Android\Sdk\platform-tools\adb.exe -P 5037 -s emulator-5554 shell appops set io.appium.settings android\:mock_location allow'
[debug] &amp#27;[35m[Logcat]&amp#27;[39m Starting logcat capture
[debug] &amp#27;[35m[UiAutomator2]&amp#27;[39m Forwarding UiAutomator2 Server port 6790 to 8200
[debug] &amp#27;[35m[ADB]&amp#27;[39m Forwarding system: 8200 to device: 6790
[debug] &amp#27;[35m[ADB]&amp#27;[39m Running 'C:\Users\NITISH DASH\AppData\Local\Android\Sdk\platform-tools\adb.exe -P 5037 -s emulator-5554 forward tcp\:8200 tcp\:6790'
[debug] &amp#27;[35m[ADB]&amp#27;[39m Getting install status for io.appium.uiautomator2.server
[debug] &amp#27;[35m[ADB]&amp#27;[39m Running 'C:\Users\NITISH DASH\AppData\Local\Android\Sdk\platform-tools\adb.exe -P 5037 -s emulator-5554 shell dumpsys package io.appium.uiautomator2.server'
[debug] &amp#27;[35m[ADB]&amp#27;[39m 'io.appium.uiautomator2.server' is installed
[debug] &amp#27;[35m[ADB]&amp#27;[39m Getting package info for 'io.appium.uiautomator2.server'
[debug] &amp#27;[35m[ADB]&amp#27;[39m Running 'C:\Users\NITISH DASH\AppData\Local\Android\Sdk\platform-tools\adb.exe -P 5037 -s emulator-5554 shell dumpsys package io.appium.uiautomator2.server'
[debug] &amp#27;[35m[ADB]&amp#27;[39m The version name of the installed 'io.appium.uiautomator2.server' is greater or equal to the application version name ('4.5.5' >= '4.5.5')
[debug] &amp#27;[35m[UiAutomator2]&amp#27;[39m io.appium.uiautomator2.server installation state: sameVersionInstalled
[debug] &amp#27;[35m[ADB]&amp#27;[39m Checking app cert for C:\Users\NITISH DASH\AppData\Roaming\npm\node_modules\appium\node_modules\appium-uiautomator2-server\apks\appium-uiautomator2-server-v4.5.5.apk
&amp#27;[35m[ADB]&amp#27;[39m Using 'apksigner.jar' from 'C:\Users\NITISH DASH\AppData\Local\Android\Sdk\build-tools\29.0.2\lib\apksigner.jar'
[debug] &amp#27;[35m[ADB]&amp#27;[39m Starting apksigner: 'C:\\Program Files\\Java\\jdk-13.0.1\\bin\\java.exe' -Xmx1024M -Xss1m -jar 'C:\\Users\\NITISH DASH\\AppData\\Local\\Android\\Sdk\\build-tools\\29.0.2\\lib\\apksigner.jar' verify --print-certs 'C:\\Users\\NITISH DASH\\AppData\\Roaming\\npm\\node_modules\\appium\\node_modules\\appium-uiautomator2-server\\apks\\appium-uiautomator2-server-v4.5.5.apk'
[debug] &amp#27;[35m[ADB]&amp#27;[39m apksigner stdout: Signer #1 certificate DN: EMAILADDRESS=android@android.com, CN=Android, OU=Android, O=Android, L=Mountain View, ST=California, C=US
[debug] &amp#27;[35m[ADB]&amp#27;[39m Signer #1 certificate SHA-256 digest: a40da80a59d170caa950cf15c18c454d47a39b26989d8b640ecd745ba71bf5dc
[debug] &amp#27;[35m[ADB]&amp#27;[39m Signer #1 certificate SHA-1 digest: 61ed377e85d386a8dfee6b864bd85b0bfaa5af81
[debug] &amp#27;[35m[ADB]&amp#27;[39m Signer #1 certificate MD5 digest: e89b158e4bcf988ebd09eb83f5378e87
[debug] &amp#27;[35m[ADB]&amp#27;[39m 
[debug] &amp#27;[35m[ADB]&amp#27;[39m 'C:\Users\NITISH DASH\AppData\Roaming\npm\node_modules\appium\node_modules\appium-uiautomator2-server\apks\appium-uiautomator2-server-v4.5.5.apk' is signed with the default certificate
[debug] &amp#27;[35m[ADB]&amp#27;[39m Getting install status for io.appium.uiautomator2.server.test
[debug] &amp#27;[35m[ADB]&amp#27;[39m Running 'C:\Users\NITISH DASH\AppData\Local\Android\Sdk\platform-tools\adb.exe -P 5037 -s emulator-5554 shell dumpsys package io.appium.uiautomator2.server.test'
[debug] &amp#27;[35m[ADB]&amp#27;[39m 'io.appium.uiautomator2.server.test' is installed
[debug] &amp#27;[35m[ADB]&amp#27;[39m Checking app cert for C:\Users\NITISH DASH\AppData\Roaming\npm\node_modules\appium\node_modules\appium-uiautomator2-server\apks\appium-uiautomator2-server-debug-androidTest.apk
[debug] &amp#27;[35m[ADB]&amp#27;[39m Starting apksigner: 'C:\\Program Files\\Java\\jdk-13.0.1\\bin\\java.exe' -Xmx1024M -Xss1m -jar 'C:\\Users\\NITISH DASH\\AppData\\Local\\Android\\Sdk\\build-tools\\29.0.2\\lib\\apksigner.jar' verify --print-certs 'C:\\Users\\NITISH DASH\\AppData\\Roaming\\npm\\node_modules\\appium\\node_modules\\appium-uiautomator2-server\\apks\\appium-uiautomator2-server-debug-androidTest.apk'
[debug] &amp#27;[35m[ADB]&amp#27;[39m apksigner stdout: Signer #1 certificate DN: EMAILADDRESS=android@android.com, CN=Android, OU=Android, O=Android, L=Mountain View, ST=California, C=US
[debug] &amp#27;[35m[ADB]&amp#27;[39m Signer #1 certificate SHA-256 digest: a40da80a59d170caa950cf15c18c454d47a39b26989d8b640ecd745ba71bf5dc
[debug] &amp#27;[35m[ADB]&amp#27;[39m Signer #1 certificate SHA-1 digest: 61ed377e85d386a8dfee6b864bd85b0bfaa5af81
[debug] &amp#27;[35m[ADB]&amp#27;[39m Signer #1 certificate MD5 digest: e89b158e4bcf988ebd09eb83f5378e87
[debug] &amp#27;[35m[ADB]&amp#27;[39m 
[debug] &amp#27;[35m[ADB]&amp#27;[39m 'C:\Users\NITISH DASH\AppData\Roaming\npm\node_modules\appium\node_modules\appium-uiautomator2-server\apks\appium-uiautomator2-server-debug-androidTest.apk' is signed with the default certificate
&amp#27;[35m[UiAutomator2]&amp#27;[39m Server packages are not going to be (re)installed
[debug] &amp#27;[35m[UiAutomator2]&amp#27;[39m Waiting up to 30000ms for services to be available
[debug] &amp#27;[35m[ADB]&amp#27;[39m Running 'C:\Users\NITISH DASH\AppData\Local\Android\Sdk\platform-tools\adb.exe -P 5037 -s emulator-5554 shell pm list instrumentation'
[debug] &amp#27;[35m[UiAutomator2]&amp#27;[39m Instrumentation target 'io.appium.uiautomator2.server.test/androidx.test.runner.AndroidJUnitRunner' is available
[debug] &amp#27;[35m[UiAutomator2]&amp#27;[39m No app capability. Assuming it is already on the device
[debug] &amp#27;[35m[UiAutomator2]&amp#27;[39m Performing shallow cleanup of automation leftovers
[debug] &amp#27;[35m[UiAutomator2]&amp#27;[39m The following obsolete sessions are still running: ["67479624-e0e0-4f64-8bb8-539e4036d017"]
[debug] &amp#27;[35m[UiAutomator2]&amp#27;[39m Cleaning up the obsolete sessions
[debug] &amp#27;[35m[ADB]&amp#27;[39m Running 'C:\Users\NITISH DASH\AppData\Local\Android\Sdk\platform-tools\adb.exe -P 5037 -s emulator-5554 shell am force-stop io.appium.uiautomator2.server.test'
&amp#27;[35m[UiAutomator2]&amp#27;[39m Starting UIAutomator2 server 4.5.5
&amp#27;[35m[UiAutomator2]&amp#27;[39m Using UIAutomator2 server from 'C:\Users\NITISH DASH\AppData\Roaming\npm\node_modules\appium\node_modules\appium-uiautomator2-server\apks\appium-uiautomator2-server-v4.5.5.apk' and test from 'C:\Users\NITISH DASH\AppData\Roaming\npm\node_modules\appium\node_modules\appium-uiautomator2-server\apks\appium-uiautomator2-server-debug-androidTest.apk'
&amp#27;[35m[UiAutomator2]&amp#27;[39m Waiting up to 30000ms for UiAutomator2 to be online...
[debug] &amp#27;[35m[ADB]&amp#27;[39m Creating ADB subprocess with args: ["-P",5037,"-s","emulator-5554","shell","am","instrument","-w","io.appium.uiautomator2.server.test/androidx.test.runner.AndroidJUnitRunner"]
[debug] &amp#27;[35m[WD Proxy]&amp#27;[39m Matched '/status' to command name 'getStatus'
[debug] &amp#27;[35m[WD Proxy]&amp#27;[39m Proxying [GET /status] to [GET http://127.0.0.1:8200/wd/hub/status] with no body
&amp#27;[35m[WD Proxy]&amp#27;[39m Got response with unknown status: {"code":"ECONNRESET"}
[debug] &amp#27;[35m[Instrumentation]&amp#27;[39m io.appium.uiautomator2.server.test.AppiumUiAutomator2Server:
[debug] &amp#27;[35m[WD Proxy]&amp#27;[39m Matched '/status' to command name 'getStatus'
[debug] &amp#27;[35m[WD Proxy]&amp#27;[39m Proxying [GET /status] to [GET http://127.0.0.1:8200/wd/hub/status] with no body
&amp#27;[35m[WD Proxy]&amp#27;[39m Got response with unknown status: {"code":"ECONNRESET"}
[debug] &amp#27;[35m[WD Proxy]&amp#27;[39m Matched '/status' to command name 'getStatus'
[debug] &amp#27;[35m[WD Proxy]&amp#27;[39m Proxying [GET /status] to [GET http://127.0.0.1:8200/wd/hub/status] with no body
[debug] &amp#27;[35m[WD Proxy]&amp#27;[39m Got response with status 200: {"sessionId":"None","value":{"ready":true,"message":"UiAutomator2 Server is ready to accept commands"}}
[debug] &amp#27;[35m[UiAutomator2]&amp#27;[39m The initialization of the instrumentation process took 3375ms
[debug] &amp#27;[35m[WD Proxy]&amp#27;[39m Matched '/session' to command name 'createSession'
[debug] &amp#27;[35m[WD Proxy]&amp#27;[39m Proxying [POST /session] to [POST http://127.0.0.1:8200/wd/hub/session] with body: {"capabilities":{"firstMatch":[{"platform":"LINUX","webStorageEnabled":false,"takesScreenshot":true,"javascriptEnabled":true,"databaseEnabled":false,"networkConnectionEnabled":true,"locationContextEnabled":false,"warnings":{},"desired":{"platformName":"android","appActivity":"com.android.deskclock.DeskClock","appPackage":"com.google.android.deskclock","appWaitDuration":10000,"autoGrantPermissions":true,"automationName":"UiAutomator2","deviceName":"emulator-5554","fullReset":false,"noReset":true,"platformVersion":"8.1"},"platformName":"android","appActivity":"com.android.deskclock.DeskClock","appPackage":"com.google.android.deskclock","appWaitDuration":10000,"autoGrantPermissions":true,"automationName":"UiAutomator2","deviceName":"emulator-5554","fullReset":false,"noReset":true,"platformVersion":"8.1","deviceUDID":"emulator-5554"}],"alwaysMatch":{}}}
[debug] &amp#27;[35m[WD Proxy]&amp#27;[39m Got response with status 200: {"sessionId":"a4bbfb0c-c5ed-469b-85f8-b590f421ce17","value":{"sessionId":"a4bbfb0c-c5ed-469b-85f8-b590f421ce17","capabilities":{"firstMatch":[{"platform":"LINUX","webStorageEnabled":false,"takesScreenshot":true,"javascriptEnabled":true,"databaseEnabled":false,"networkConnectionEnabled":true,"locationContextEnabled":false,"warnings":{},"desired":{"platformName":"android","appActivity":"com.android.deskclock.DeskClock","appPackage":"com.google.android.deskclock","appWaitDuration":10000,"autoGrantPermissions":true,"automationName":"UiAutomator2","deviceName":"emulator-5554","fullReset":false,"noReset":true,"platformVersion":"8.1"},"platformName":"android","appActivity":"com.android.deskclock.DeskClock","appPackage":"com.google.android.deskclock","appWaitDuration":10000,"autoGrantPermissions":true,"automationName":"UiAutomator2","deviceName":"emulator-5554","fullReset":false,"noReset":true,"platformVersion":"8.1","deviceUDID":"emulator-5554"}],"alwaysMatch":{}}}}
&amp#27;[35m[WD Proxy]&amp#27;[39m Determined the downstream protocol as 'W3C'
[debug] &amp#27;[35m[WD Proxy]&amp#27;[39m Proxying [GET /appium/device/info] to [GET http://127.0.0.1:8200/wd/hub/session/a4bbfb0c-c5ed-469b-85f8-b590f421ce17/appium/device/info] with no body
[debug] &amp#27;[35m[WD Proxy]&amp#27;[39m Got response with status 200: {"sessionId":"a4bbfb0c-c5ed-469b-85f8-b590f421ce17","value":{"androidId":"0a14332d0f264ac0","manufacturer":"Google","model":"Android SDK built for x86","brand":"google","apiVersion":"27","platformVersion":"8.1.0","carrierName":"Android","realDisplaySize":"768x1280","displayDensity":320,"networks":[{"type":0,"typeName":"MOBILE","subtype":13,"subtypeName":"LTE","isConnected":true,"detailedState":"CONNECTED","state":"CONNECTED","extraInfo":"epc.tmobile.com","isAvailable":true,"isFailover":false,"isRoaming":false,"capabilities":{"transportTypes":"TRANSPORT_CELLULAR","networkCapabilities":"NET_CAPABILITY_MMS,NET_CAPABILITY_SUPL,NET_CAPABILITY_DUN,NET_CAPABILITY_FOTA,NET_CAPABILITY_IMS,NET_CAPABILITY_CBS,NET_CAPABILITY_IA,NET_CAPABILITY_INTERNET,NET_CAPABILITY_NOT_RESTRICTED,NET_CAPABILITY_TRUSTED,NET_CAPABILITY_NOT_VPN,NET_CAPABILITY_VALIDATED","linkUpstreamBandwidthKbps":51200,"linkDownBandwidthKbps":102400,"signalStrength":-2147483648,"networkSpecifier":"1","SSID":null}},{"type":1,"typeName":"WIFI","subtype":...
[debug] &amp#27;[35m[ADB]&amp#27;[39m Running 'C:\Users\NITISH DASH\AppData\Local\Android\Sdk\platform-tools\adb.exe -P 5037 -s emulator-5554 shell dumpsys window'
&amp#27;[35m[AndroidDriver]&amp#27;[39m Screen already unlocked, doing nothing
&amp#27;[35m[UiAutomator2]&amp#27;[39m Starting 'com.google.android.deskclock/com.android.deskclock.DeskClock and waiting for 'com.google.android.deskclock/com.android.deskclock.DeskClock'
[debug] &amp#27;[35m[ADB]&amp#27;[39m Running 'C:\Users\NITISH DASH\AppData\Local\Android\Sdk\platform-tools\adb.exe -P 5037 -s emulator-5554 shell am start -W -n com.google.android.deskclock/com.android.deskclock.DeskClock -S -a android.intent.action.MAIN -c android.intent.category.LAUNCHER -f 0x10200000'
[debug] &amp#27;[35m[WD Proxy]&amp#27;[39m Proxying [GET /appium/device/pixel_ratio] to [GET http://127.0.0.1:8200/wd/hub/session/a4bbfb0c-c5ed-469b-85f8-b590f421ce17/appium/device/pixel_ratio] with body: {}
[debug] &amp#27;[35m[WD Proxy]&amp#27;[39m Got response with status 200: {"sessionId":"a4bbfb0c-c5ed-469b-85f8-b590f421ce17","value":2}
[debug] &amp#27;[35m[WD Proxy]&amp#27;[39m Matched '/appium/device/system_bars' to command name 'getSystemBars'
[debug] &amp#27;[35m[WD Proxy]&amp#27;[39m Proxying [GET /appium/device/system_bars] to [GET http://127.0.0.1:8200/wd/hub/session/a4bbfb0c-c5ed-469b-85f8-b590f421ce17/appium/device/system_bars] with body: {}
[debug] &amp#27;[35m[WD Proxy]&amp#27;[39m Got response with status 200: {"sessionId":"a4bbfb0c-c5ed-469b-85f8-b590f421ce17","value":{"statusBar":48}}
[debug] &amp#27;[35m[WD Proxy]&amp#27;[39m Matched '/window/current/size' to command name 'getWindowSize'
[debug] &amp#27;[35m[WD Proxy]&amp#27;[39m Proxying [GET /window/current/size] to [GET http://127.0.0.1:8200/wd/hub/session/a4bbfb0c-c5ed-469b-85f8-b590f421ce17/window/current/size] with body: {}
[debug] &amp#27;[35m[WD Proxy]&amp#27;[39m Got response with status 200: {"sessionId":"a4bbfb0c-c5ed-469b-85f8-b590f421ce17","value":{"height":1280,"width":768}}
&amp#27;[35m[Appium]&amp#27;[39m New AndroidUiautomator2Driver session created successfully, session eb2ddf43-8325-4e34-ab57-b33bacca1c25 added to master session list
[debug] &amp#27;[35m[BaseDriver]&amp#27;[39m Event 'newSessionStarted' logged at 1595413875779 (16:01:15 GMT+0530 (India Standard Time))
[debug] &amp#27;[35m[W3C (eb2ddf43)]&amp#27;[39m Cached the protocol value 'W3C' for the new session eb2ddf43-8325-4e34-ab57-b33bacca1c25
[debug] &amp#27;[35m[W3C (eb2ddf43)]&amp#27;[39m Responding to client with driver.createSession() result: {"capabilities":{"platform":"LINUX","webStorageEnabled":false,"takesScreenshot":true,"javascriptEnabled":true,"databaseEnabled":false,"networkConnectionEnabled":true,"locationContextEnabled":false,"warnings":{},"desired":{"platformName":"android","appActivity":"com.android.deskclock.DeskClock","appPackage":"com.google.android.deskclock","appWaitDuration":10000,"autoGrantPermissions":true,"automationName":"UiAutomator2","deviceName":"emulator-5554","fullReset":false,"noReset":true,"platformVersion":"8.1"},"platformName":"android","appActivity":"com.android.deskclock.DeskClock","appPackage":"com.google.android.deskclock","appWaitDuration":10000,"autoGrantPermissions":true,"automationName":"UiAutomator2","deviceName":"emulator-5554","fullReset":false,"noReset":true,"platformVersion":"8.1.0","deviceUDID":"emulator-5554","deviceApiLevel":27,"deviceScreenSize":"768x1280","deviceScreenDensity":320,"deviceModel":"Android SDK built for x86","deviceManufacturer":"Google","pixelRatio":2,"statBarHeight":48,"viewportRe...
&amp#27;[35m[HTTP]&amp#27;[39m &amp#27;[37m<-- POST /wd/hub/session &amp#27;[39m&amp#27;[32m200&amp#27;[39m &amp#27;[90m18928 ms - 1133&amp#27;[39m
&amp#27;[35m[HTTP]&amp#27;[39m &amp#27;[90m&amp#27;[39m
&amp#27;[35m[HTTP]&amp#27;[39m &amp#27;[37m-->&amp#27;[39m &amp#27;[37mGET&amp#27;[39m &amp#27;[37m/wd/hub/session/eb2ddf43-8325-4e34-ab57-b33bacca1c25&amp#27;[39m
&amp#27;[35m[HTTP]&amp#27;[39m &amp#27;[90m{}&amp#27;[39m
[debug] &amp#27;[35m[W3C (eb2ddf43)]&amp#27;[39m Calling AppiumDriver.getSession() with args: ["eb2ddf43-8325-4e34-ab57-b33bacca1c25"]
[debug] &amp#27;[35m[UiAutomator2]&amp#27;[39m Getting session details from server to mix in
[debug] &amp#27;[35m[WD Proxy]&amp#27;[39m Matched '/' to command name 'getSession'
[debug] &amp#27;[35m[WD Proxy]&amp#27;[39m Proxying [GET /] to [GET http://127.0.0.1:8200/wd/hub/session/a4bbfb0c-c5ed-469b-85f8-b590f421ce17] with body: {}
[debug] &amp#27;[35m[WD Proxy]&amp#27;[39m Got response with status 200: {"sessionId":"a4bbfb0c-c5ed-469b-85f8-b590f421ce17","value":{}}
[debug] &amp#27;[35m[W3C (eb2ddf43)]&amp#27;[39m Responding to client with driver.getSession() result: {"platform":"LINUX","webStorageEnabled":false,"takesScreenshot":true,"javascriptEnabled":true,"databaseEnabled":false,"networkConnectionEnabled":true,"locationContextEnabled":false,"warnings":{},"desired":{"platformName":"android","appActivity":"com.android.deskclock.DeskClock","appPackage":"com.google.android.deskclock","appWaitDuration":10000,"autoGrantPermissions":true,"automationName":"UiAutomator2","deviceName":"emulator-5554","fullReset":false,"noReset":true,"platformVersion":"8.1"},"platformName":"android","appActivity":"com.android.deskclock.DeskClock","appPackage":"com.google.android.deskclock","appWaitDuration":10000,"autoGrantPermissions":true,"automationName":"UiAutomator2","deviceName":"emulator-5554","fullReset":false,"noReset":true,"platformVersion":"8.1.0","deviceUDID":"emulator-5554","deviceApiLevel":27,"deviceScreenSize":"768x1280","deviceScreenDensity":320,"deviceModel":"Android SDK built for x86","deviceManufacturer":"Google","pixelRatio":2,"statBarHeight":48,"viewportRect":{"left":0,"t...
&amp#27;[35m[HTTP]&amp#27;[39m &amp#27;[37m<-- GET /wd/hub/session/eb2ddf43-8325-4e34-ab57-b33bacca1c25 &amp#27;[39m&amp#27;[32m200&amp#27;[39m &amp#27;[90m35 ms - 1065&amp#27;[39m
&amp#27;[35m[HTTP]&amp#27;[39m &amp#27;[90m&amp#27;[39m
&amp#27;[35m[HTTP]&amp#27;[39m &amp#27;[37m-->&amp#27;[39m &amp#27;[37mGET&amp#27;[39m &amp#27;[37m/wd/hub/session/eb2ddf43-8325-4e34-ab57-b33bacca1c25&amp#27;[39m
&amp#27;[35m[HTTP]&amp#27;[39m &amp#27;[90m{}&amp#27;[39m
[debug] &amp#27;[35m[W3C (eb2ddf43)]&amp#27;[39m Calling AppiumDriver.getSession() with args: ["eb2ddf43-8325-4e34-ab57-b33bacca1c25"]
[debug] &amp#27;[35m[UiAutomator2]&amp#27;[39m Getting session details from server to mix in
[debug] &amp#27;[35m[WD Proxy]&amp#27;[39m Matched '/' to command name 'getSession'
[debug] &amp#27;[35m[WD Proxy]&amp#27;[39m Proxying [GET /] to [GET http://127.0.0.1:8200/wd/hub/session/a4bbfb0c-c5ed-469b-85f8-b590f421ce17] with body: {}
[debug] &amp#27;[35m[WD Proxy]&amp#27;[39m Got response with status 200: {"sessionId":"a4bbfb0c-c5ed-469b-85f8-b590f421ce17","value":{}}
[debug] &amp#27;[35m[W3C (eb2ddf43)]&amp#27;[39m Responding to client with driver.getSession() result: {"platform":"LINUX","webStorageEnabled":false,"takesScreenshot":true,"javascriptEnabled":true,"databaseEnabled":false,"networkConnectionEnabled":true,"locationContextEnabled":false,"warnings":{},"desired":{"platformName":"android","appActivity":"com.android.deskclock.DeskClock","appPackage":"com.google.android.deskclock","appWaitDuration":10000,"autoGrantPermissions":true,"automationName":"UiAutomator2","deviceName":"emulator-5554","fullReset":false,"noReset":true,"platformVersion":"8.1"},"platformName":"android","appActivity":"com.android.deskclock.DeskClock","appPackage":"com.google.android.deskclock","appWaitDuration":10000,"autoGrantPermissions":true,"automationName":"UiAutomator2","deviceName":"emulator-5554","fullReset":false,"noReset":true,"platformVersion":"8.1.0","deviceUDID":"emulator-5554","deviceApiLevel":27,"deviceScreenSize":"768x1280","deviceScreenDensity":320,"deviceModel":"Android SDK built for x86","deviceManufacturer":"Google","pixelRatio":2,"statBarHeight":48,"viewportRect":{"left":0,"t...
&amp#27;[35m[HTTP]&amp#27;[39m &amp#27;[37m<-- GET /wd/hub/session/eb2ddf43-8325-4e34-ab57-b33bacca1c25 &amp#27;[39m&amp#27;[32m200&amp#27;[39m &amp#27;[90m20 ms - 1065&amp#27;[39m
&amp#27;[35m[HTTP]&amp#27;[39m &amp#27;[90m&amp#27;[39m
&amp#27;[35m[HTTP]&amp#27;[39m &amp#27;[37m-->&amp#27;[39m &amp#27;[37mPOST&amp#27;[39m &amp#27;[37m/wd/hub/session/eb2ddf43-8325-4e34-ab57-b33bacca1c25/timeouts&amp#27;[39m
&amp#27;[35m[HTTP]&amp#27;[39m &amp#27;[90m{"implicit":20000}&amp#27;[39m
[debug] &amp#27;[35m[W3C (eb2ddf43)]&amp#27;[39m Calling AppiumDriver.timeouts() with args: [null,null,null,null,20000,"eb2ddf43-8325-4e34-ab57-b33bacca1c25"]
[debug] &amp#27;[35m[BaseDriver]&amp#27;[39m W3C timeout argument: {"implicit":20000}}
[debug] &amp#27;[35m[BaseDriver]&amp#27;[39m Set implicit wait to 20000ms
[debug] &amp#27;[35m[W3C (eb2ddf43)]&amp#27;[39m Responding to client with driver.timeouts() result: null
&amp#27;[35m[HTTP]&amp#27;[39m &amp#27;[37m<-- POST /wd/hub/session/eb2ddf43-8325-4e34-ab57-b33bacca1c25/timeouts &amp#27;[39m&amp#27;[32m200&amp#27;[39m &amp#27;[90m8 ms - 14&amp#27;[39m
&amp#27;[35m[HTTP]&amp#27;[39m &amp#27;[90m&amp#27;[39m
&amp#27;[35m[HTTP]&amp#27;[39m &amp#27;[37m-->&amp#27;[39m &amp#27;[37mPOST&amp#27;[39m &amp#27;[37m/wd/hub/session/eb2ddf43-8325-4e34-ab57-b33bacca1c25/element&amp#27;[39m
&amp#27;[35m[HTTP]&amp#27;[39m &amp#27;[90m{"using":"xpath","value":"//android.widget.TextView[@text='CLOCK']"}&amp#27;[39m
[debug] &amp#27;[35m[W3C (eb2ddf43)]&amp#27;[39m Calling AppiumDriver.findElement() with args: ["xpath","//android.widget.TextView[@text='CLOCK']","eb2ddf43-8325-4e34-ab57-b33bacca1c25"]
[debug] &amp#27;[35m[BaseDriver]&amp#27;[39m Valid locator strategies for this request: xpath, id, class name, accessibility id, -android uiautomator
[debug] &amp#27;[35m[BaseDriver]&amp#27;[39m Waiting up to 20000 ms for condition
[debug] &amp#27;[35m[WD Proxy]&amp#27;[39m Matched '/element' to command name 'findElement'
[debug] &amp#27;[35m[WD Proxy]&amp#27;[39m Proxying [POST /element] to [POST http://127.0.0.1:8200/wd/hub/session/a4bbfb0c-c5ed-469b-85f8-b590f421ce17/element] with body: {"strategy":"xpath","selector":"//android.widget.TextView[@text='CLOCK']","context":"","multiple":false}
[debug] &amp#27;[35m[WD Proxy]&amp#27;[39m Got response with status 200: {"sessionId":"a4bbfb0c-c5ed-469b-85f8-b590f421ce17","value":{"ELEMENT":"722c250c-15e6-4fb4-859b-0b1b8cc35f5f","element-6066-11e4-a52e-4f735466cecf":"722c250c-15e6-4fb4-859b-0b1b8cc35f5f"}}
[debug] &amp#27;[35m[W3C (eb2ddf43)]&amp#27;[39m Responding to client with driver.findElement() result: {"element-6066-11e4-a52e-4f735466cecf":"722c250c-15e6-4fb4-859b-0b1b8cc35f5f","ELEMENT":"722c250c-15e6-4fb4-859b-0b1b8cc35f5f"}
&amp#27;[35m[HTTP]&amp#27;[39m &amp#27;[37m<-- POST /wd/hub/session/eb2ddf43-8325-4e34-ab57-b33bacca1c25/element &amp#27;[39m&amp#27;[32m200&amp#27;[39m &amp#27;[90m751 ms - 137&amp#27;[39m
&amp#27;[35m[HTTP]&amp#27;[39m &amp#27;[90m&amp#27;[39m
&amp#27;[35m[HTTP]&amp#27;[39m &amp#27;[37m-->&amp#27;[39m &amp#27;[37mPOST&amp#27;[39m &amp#27;[37m/wd/hub/session/eb2ddf43-8325-4e34-ab57-b33bacca1c25/element/722c250c-15e6-4fb4-859b-0b1b8cc35f5f/click&amp#27;[39m
&amp#27;[35m[HTTP]&amp#27;[39m &amp#27;[90m{"id":"722c250c-15e6-4fb4-859b-0b1b8cc35f5f"}&amp#27;[39m
[debug] &amp#27;[35m[W3C (eb2ddf43)]&amp#27;[39m Calling AppiumDriver.click() with args: ["722c250c-15e6-4fb4-859b-0b1b8cc35f5f","eb2ddf43-8325-4e34-ab57-b33bacca1c25"]
[debug] &amp#27;[35m[WD Proxy]&amp#27;[39m Matched '/element/722c250c-15e6-4fb4-859b-0b1b8cc35f5f/click' to command name 'click'
[debug] &amp#27;[35m[WD Proxy]&amp#27;[39m Proxying [POST /element/722c250c-15e6-4fb4-859b-0b1b8cc35f5f/click] to [POST http://127.0.0.1:8200/wd/hub/session/a4bbfb0c-c5ed-469b-85f8-b590f421ce17/element/722c250c-15e6-4fb4-859b-0b1b8cc35f5f/click] with body: {"element":"722c250c-15e6-4fb4-859b-0b1b8cc35f5f"}
[debug] &amp#27;[35m[WD Proxy]&amp#27;[39m Got response with status 200: {"sessionId":"a4bbfb0c-c5ed-469b-85f8-b590f421ce17","value":null}
[debug] &amp#27;[35m[W3C (eb2ddf43)]&amp#27;[39m Responding to client with driver.click() result: null
&amp#27;[35m[HTTP]&amp#27;[39m &amp#27;[37m<-- POST /wd/hub/session/eb2ddf43-8325-4e34-ab57-b33bacca1c25/element/722c250c-15e6-4fb4-859b-0b1b8cc35f5f/click &amp#27;[39m&amp#27;[32m200&amp#27;[39m &amp#27;[90m67 ms - 14&amp#27;[39m
&amp#27;[35m[HTTP]&amp#27;[39m &amp#27;[90m&amp#27;[39m
&amp#27;[35m[HTTP]&amp#27;[39m &amp#27;[37m-->&amp#27;[39m &amp#27;[37mPOST&amp#27;[39m &amp#27;[37m/wd/hub/session/eb2ddf43-8325-4e34-ab57-b33bacca1c25/element&amp#27;[39m
&amp#27;[35m[HTTP]&amp#27;[39m &amp#27;[90m{"using":"xpath","value":"//android.widget.TextView[@text='TIMER']"}&amp#27;[39m
[debug] &amp#27;[35m[W3C (eb2ddf43)]&amp#27;[39m Calling AppiumDriver.findElement() with args: ["xpath","//android.widget.TextView[@text='TIMER']","eb2ddf43-8325-4e34-ab57-b33bacca1c25"]
[debug] &amp#27;[35m[BaseDriver]&amp#27;[39m Valid locator strategies for this request: xpath, id, class name, accessibility id, -android uiautomator
[debug] &amp#27;[35m[BaseDriver]&amp#27;[39m Waiting up to 20000 ms for condition
[debug] &amp#27;[35m[WD Proxy]&amp#27;[39m Matched '/element' to command name 'findElement'
[debug] &amp#27;[35m[WD Proxy]&amp#27;[39m Proxying [POST /element] to [POST http://127.0.0.1:8200/wd/hub/session/a4bbfb0c-c5ed-469b-85f8-b590f421ce17/element] with body: {"strategy":"xpath","selector":"//android.widget.TextView[@text='TIMER']","context":"","multiple":false}
[debug] &amp#27;[35m[WD Proxy]&amp#27;[39m Got response with status 200: {"sessionId":"a4bbfb0c-c5ed-469b-85f8-b590f421ce17","value":{"ELEMENT":"de4ce96a-7882-4f73-98db-9165deab8720","element-6066-11e4-a52e-4f735466cecf":"de4ce96a-7882-4f73-98db-9165deab8720"}}
[debug] &amp#27;[35m[W3C (eb2ddf43)]&amp#27;[39m Responding to client with driver.findElement() result: {"element-6066-11e4-a52e-4f735466cecf":"de4ce96a-7882-4f73-98db-9165deab8720","ELEMENT":"de4ce96a-7882-4f73-98db-9165deab8720"}
&amp#27;[35m[HTTP]&amp#27;[39m &amp#27;[37m<-- POST /wd/hub/session/eb2ddf43-8325-4e34-ab57-b33bacca1c25/element &amp#27;[39m&amp#27;[32m200&amp#27;[39m &amp#27;[90m1184 ms - 137&amp#27;[39m
&amp#27;[35m[HTTP]&amp#27;[39m &amp#27;[90m&amp#27;[39m
&amp#27;[35m[HTTP]&amp#27;[39m &amp#27;[37m-->&amp#27;[39m &amp#27;[37mPOST&amp#27;[39m &amp#27;[37m/wd/hub/session/eb2ddf43-8325-4e34-ab57-b33bacca1c25/element/de4ce96a-7882-4f73-98db-9165deab8720/click&amp#27;[39m
&amp#27;[35m[HTTP]&amp#27;[39m &amp#27;[90m{"id":"de4ce96a-7882-4f73-98db-9165deab8720"}&amp#27;[39m
[debug] &amp#27;[35m[W3C (eb2ddf43)]&amp#27;[39m Calling AppiumDriver.click() with args: ["de4ce96a-7882-4f73-98db-9165deab8720","eb2ddf43-8325-4e34-ab57-b33bacca1c25"]
[debug] &amp#27;[35m[WD Proxy]&amp#27;[39m Matched '/element/de4ce96a-7882-4f73-98db-9165deab8720/click' to command name 'click'
[debug] &amp#27;[35m[WD Proxy]&amp#27;[39m Proxying [POST /element/de4ce96a-7882-4f73-98db-9165deab8720/click] to [POST http://127.0.0.1:8200/wd/hub/session/a4bbfb0c-c5ed-469b-85f8-b590f421ce17/element/de4ce96a-7882-4f73-98db-9165deab8720/click] with body: {"element":"de4ce96a-7882-4f73-98db-9165deab8720"}
[debug] &amp#27;[35m[WD Proxy]&amp#27;[39m Got response with status 200: {"sessionId":"a4bbfb0c-c5ed-469b-85f8-b590f421ce17","value":null}
[debug] &amp#27;[35m[W3C (eb2ddf43)]&amp#27;[39m Responding to client with driver.click() result: null
&amp#27;[35m[HTTP]&amp#27;[39m &amp#27;[37m<-- POST /wd/hub/session/eb2ddf43-8325-4e34-ab57-b33bacca1c25/element/de4ce96a-7882-4f73-98db-9165deab8720/click &amp#27;[39m&amp#27;[32m200&amp#27;[39m &amp#27;[90m741 ms - 14&amp#27;[39m
&amp#27;[35m[HTTP]&amp#27;[39m &amp#27;[90m&amp#27;[39m
&amp#27;[35m[HTTP]&amp#27;[39m &amp#27;[37m-->&amp#27;[39m &amp#27;[37mPOST&amp#27;[39m &amp#27;[37m/wd/hub/session/eb2ddf43-8325-4e34-ab57-b33bacca1c25/element&amp#27;[39m
&amp#27;[35m[HTTP]&amp#27;[39m &amp#27;[90m{"using":"xpath","value":"//android.widget.TextView[@text='STOPWATCH']"}&amp#27;[39m
[debug] &amp#27;[35m[W3C (eb2ddf43)]&amp#27;[39m Calling AppiumDriver.findElement() with args: ["xpath","//android.widget.TextView[@text='STOPWATCH']","eb2ddf43-8325-4e34-ab57-b33bacca1c25"]
[debug] &amp#27;[35m[BaseDriver]&amp#27;[39m Valid locator strategies for this request: xpath, id, class name, accessibility id, -android uiautomator
[debug] &amp#27;[35m[BaseDriver]&amp#27;[39m Waiting up to 20000 ms for condition
[debug] &amp#27;[35m[WD Proxy]&amp#27;[39m Matched '/element' to command name 'findElement'
[debug] &amp#27;[35m[WD Proxy]&amp#27;[39m Proxying [POST /element] to [POST http://127.0.0.1:8200/wd/hub/session/a4bbfb0c-c5ed-469b-85f8-b590f421ce17/element] with body: {"strategy":"xpath","selector":"//android.widget.TextView[@text='STOPWATCH']","context":"","multiple":false}
[debug] &amp#27;[35m[WD Proxy]&amp#27;[39m Got response with status 200: {"sessionId":"a4bbfb0c-c5ed-469b-85f8-b590f421ce17","value":{"ELEMENT":"a49f2de7-32d5-4d87-8cfa-f5e6362a5eac","element-6066-11e4-a52e-4f735466cecf":"a49f2de7-32d5-4d87-8cfa-f5e6362a5eac"}}
[debug] &amp#27;[35m[W3C (eb2ddf43)]&amp#27;[39m Responding to client with driver.findElement() result: {"element-6066-11e4-a52e-4f735466cecf":"a49f2de7-32d5-4d87-8cfa-f5e6362a5eac","ELEMENT":"a49f2de7-32d5-4d87-8cfa-f5e6362a5eac"}
&amp#27;[35m[HTTP]&amp#27;[39m &amp#27;[37m<-- POST /wd/hub/session/eb2ddf43-8325-4e34-ab57-b33bacca1c25/element &amp#27;[39m&amp#27;[32m200&amp#27;[39m &amp#27;[90m280 ms - 137&amp#27;[39m
&amp#27;[35m[HTTP]&amp#27;[39m &amp#27;[90m&amp#27;[39m
&amp#27;[35m[HTTP]&amp#27;[39m &amp#27;[37m-->&amp#27;[39m &amp#27;[37mPOST&amp#27;[39m &amp#27;[37m/wd/hub/session/eb2ddf43-8325-4e34-ab57-b33bacca1c25/element/a49f2de7-32d5-4d87-8cfa-f5e6362a5eac/click&amp#27;[39m
&amp#27;[35m[HTTP]&amp#27;[39m &amp#27;[90m{"id":"a49f2de7-32d5-4d87-8cfa-f5e6362a5eac"}&amp#27;[39m
[debug] &amp#27;[35m[W3C (eb2ddf43)]&amp#27;[39m Calling AppiumDriver.click() with args: ["a49f2de7-32d5-4d87-8cfa-f5e6362a5eac","eb2ddf43-8325-4e34-ab57-b33bacca1c25"]
[debug] &amp#27;[35m[WD Proxy]&amp#27;[39m Matched '/element/a49f2de7-32d5-4d87-8cfa-f5e6362a5eac/click' to command name 'click'
[debug] &amp#27;[35m[WD Proxy]&amp#27;[39m Proxying [POST /element/a49f2de7-32d5-4d87-8cfa-f5e6362a5eac/click] to [POST http://127.0.0.1:8200/wd/hub/session/a4bbfb0c-c5ed-469b-85f8-b590f421ce17/element/a49f2de7-32d5-4d87-8cfa-f5e6362a5eac/click] with body: {"element":"a49f2de7-32d5-4d87-8cfa-f5e6362a5eac"}
[debug] &amp#27;[35m[WD Proxy]&amp#27;[39m Got response with status 200: {"sessionId":"a4bbfb0c-c5ed-469b-85f8-b590f421ce17","value":null}
[debug] &amp#27;[35m[W3C (eb2ddf43)]&amp#27;[39m Responding to client with driver.click() result: null
&amp#27;[35m[HTTP]&amp#27;[39m &amp#27;[37m<-- POST /wd/hub/session/eb2ddf43-8325-4e34-ab57-b33bacca1c25/element/a49f2de7-32d5-4d87-8cfa-f5e6362a5eac/click &amp#27;[39m&amp#27;[32m200&amp#27;[39m &amp#27;[90m770 ms - 14&amp#27;[39m
&amp#27;[35m[HTTP]&amp#27;[39m &amp#27;[90m&amp#27;[39m
&amp#27;[35m[HTTP]&amp#27;[39m &amp#27;[37m-->&amp#27;[39m &amp#27;[37mPOST&amp#27;[39m &amp#27;[37m/wd/hub/session/eb2ddf43-8325-4e34-ab57-b33bacca1c25/element&amp#27;[39m
&amp#27;[35m[HTTP]&amp#27;[39m &amp#27;[90m{"using":"xpath","value":"//android.widget.TextView[@text='ALARM']"}&amp#27;[39m
[debug] &amp#27;[35m[W3C (eb2ddf43)]&amp#27;[39m Calling AppiumDriver.findElement() with args: ["xpath","//android.widget.TextView[@text='ALARM']","eb2ddf43-8325-4e34-ab57-b33bacca1c25"]
[debug] &amp#27;[35m[BaseDriver]&amp#27;[39m Valid locator strategies for this request: xpath, id, class name, accessibility id, -android uiautomator
[debug] &amp#27;[35m[BaseDriver]&amp#27;[39m Waiting up to 20000 ms for condition
[debug] &amp#27;[35m[WD Proxy]&amp#27;[39m Matched '/element' to command name 'findElement'
[debug] &amp#27;[35m[WD Proxy]&amp#27;[39m Proxying [POST /element] to [POST http://127.0.0.1:8200/wd/hub/session/a4bbfb0c-c5ed-469b-85f8-b590f421ce17/element] with body: {"strategy":"xpath","selector":"//android.widget.TextView[@text='ALARM']","context":"","multiple":false}
[debug] &amp#27;[35m[WD Proxy]&amp#27;[39m Got response with status 200: {"sessionId":"a4bbfb0c-c5ed-469b-85f8-b590f421ce17","value":{"ELEMENT":"16edfdc7-ff31-4dfc-8ca7-350e0f707ddb","element-6066-11e4-a52e-4f735466cecf":"16edfdc7-ff31-4dfc-8ca7-350e0f707ddb"}}
[debug] &amp#27;[35m[W3C (eb2ddf43)]&amp#27;[39m Responding to client with driver.findElement() result: {"element-6066-11e4-a52e-4f735466cecf":"16edfdc7-ff31-4dfc-8ca7-350e0f707ddb","ELEMENT":"16edfdc7-ff31-4dfc-8ca7-350e0f707ddb"}
&amp#27;[35m[HTTP]&amp#27;[39m &amp#27;[37m<-- POST /wd/hub/session/eb2ddf43-8325-4e34-ab57-b33bacca1c25/element &amp#27;[39m&amp#27;[32m200&amp#27;[39m &amp#27;[90m195 ms - 137&amp#27;[39m
&amp#27;[35m[HTTP]&amp#27;[39m &amp#27;[90m&amp#27;[39m
&amp#27;[35m[HTTP]&amp#27;[39m &amp#27;[37m-->&amp#27;[39m &amp#27;[37mPOST&amp#27;[39m &amp#27;[37m/wd/hub/session/eb2ddf43-8325-4e34-ab57-b33bacca1c25/element/16edfdc7-ff31-4dfc-8ca7-350e0f707ddb/click&amp#27;[39m
&amp#27;[35m[HTTP]&amp#27;[39m &amp#27;[90m{"id":"16edfdc7-ff31-4dfc-8ca7-350e0f707ddb"}&amp#27;[39m
[debug] &amp#27;[35m[W3C (eb2ddf43)]&amp#27;[39m Calling AppiumDriver.click() with args: ["16edfdc7-ff31-4dfc-8ca7-350e0f707ddb","eb2ddf43-8325-4e34-ab57-b33bacca1c25"]
[debug] &amp#27;[35m[WD Proxy]&amp#27;[39m Matched '/element/16edfdc7-ff31-4dfc-8ca7-350e0f707ddb/click' to command name 'click'
[debug] &amp#27;[35m[WD Proxy]&amp#27;[39m Proxying [POST /element/16edfdc7-ff31-4dfc-8ca7-350e0f707ddb/click] to [POST http://127.0.0.1:8200/wd/hub/session/a4bbfb0c-c5ed-469b-85f8-b590f421ce17/element/16edfdc7-ff31-4dfc-8ca7-350e0f707ddb/click] with body: {"element":"16edfdc7-ff31-4dfc-8ca7-350e0f707ddb"}
[debug] &amp#27;[35m[WD Proxy]&amp#27;[39m Got response with status 200: {"sessionId":"a4bbfb0c-c5ed-469b-85f8-b590f421ce17","value":null}
[debug] &amp#27;[35m[W3C (eb2ddf43)]&amp#27;[39m Responding to client with driver.click() result: null
&amp#27;[35m[HTTP]&amp#27;[39m &amp#27;[37m<-- POST /wd/hub/session/eb2ddf43-8325-4e34-ab57-b33bacca1c25/element/16edfdc7-ff31-4dfc-8ca7-350e0f707ddb/click &amp#27;[39m&amp#27;[32m200&amp#27;[39m &amp#27;[90m855 ms - 14&amp#27;[39m
&amp#27;[35m[HTTP]&amp#27;[39m &amp#27;[90m&amp#27;[39m
]]></system-out>
    <system-err><![CDATA[Jul 22, 2020 4:01:15 PM io.appium.java_client.remote.AppiumCommandExecutor$1 lambda$0
INFO: Detected dialect: W3C
]]></system-err>
  </testcase>
  <testcase name="setPreferences" classname="com.android.test.SetAlarmTest" time="7.558">
    <system-out><![CDATA[&amp#27;[35m[HTTP]&amp#27;[39m &amp#27;[37m-->&amp#27;[39m &amp#27;[37mPOST&amp#27;[39m &amp#27;[37m/wd/hub/session/eb2ddf43-8325-4e34-ab57-b33bacca1c25/element&amp#27;[39m
&amp#27;[35m[HTTP]&amp#27;[39m &amp#27;[90m{"using":"accessibility id","value":"Expand alarm"}&amp#27;[39m
[debug] &amp#27;[35m[W3C (eb2ddf43)]&amp#27;[39m Calling AppiumDriver.findElement() with args: ["accessibility id","Expand alarm","eb2ddf43-8325-4e34-ab57-b33bacca1c25"]
[debug] &amp#27;[35m[BaseDriver]&amp#27;[39m Valid locator strategies for this request: xpath, id, class name, accessibility id, -android uiautomator
[debug] &amp#27;[35m[BaseDriver]&amp#27;[39m Waiting up to 20000 ms for condition
[debug] &amp#27;[35m[WD Proxy]&amp#27;[39m Matched '/element' to command name 'findElement'
[debug] &amp#27;[35m[WD Proxy]&amp#27;[39m Proxying [POST /element] to [POST http://127.0.0.1:8200/wd/hub/session/a4bbfb0c-c5ed-469b-85f8-b590f421ce17/element] with body: {"strategy":"accessibility id","selector":"Expand alarm","context":"","multiple":false}
&amp#27;[35m[WD Proxy]&amp#27;[39m Got response with status 404: {"sessionId":"a4bbfb0c-c5ed-469b-85f8-b590f421ce17","value":{"error":"no such element","message":"An element could not be located on the page using the given search parameters","stacktrace":"io.appium.uiautomator2.common.exceptions.ElementNotFoundException: An element could not be located on the page using the given search parameters\n\tat io.appium.uiautomator2.handler.FindElement.safeHandle(FindElement.java:78)\n\tat io.appium.uiautomator2.handler.request.SafeRequestHandler.handle(SafeRequestHandler.java:38)\n\tat io.appium.uiautomator2.server.AppiumServlet.handleRequest(AppiumServlet.java:252)\n\tat io.appium.uiautomator2.server.AppiumServlet.handleHttpRequest(AppiumServlet.java:242)\n\tat io.appium.uiautomator2.http.ServerHandler.channelRead(ServerHandler.java:51)\n\tat io.netty.channel.AbstractChannelHandlerContext.invokeChannelRead(AbstractChannelHandlerContext.java:366)\n\tat io.netty.channel.AbstractChannelHandlerContext.invokeChannelRead(AbstractChannelHandlerContext.java:352)\n\tat io.netty.chann...
[debug] &amp#27;[35m[W3C]&amp#27;[39m Matched W3C error code 'no such element' to NoSuchElementError
[debug] &amp#27;[35m[BaseDriver]&amp#27;[39m Waited for 53 ms so far
[debug] &amp#27;[35m[WD Proxy]&amp#27;[39m Matched '/element' to command name 'findElement'
[debug] &amp#27;[35m[WD Proxy]&amp#27;[39m Proxying [POST /element] to [POST http://127.0.0.1:8200/wd/hub/session/a4bbfb0c-c5ed-469b-85f8-b590f421ce17/element] with body: {"strategy":"accessibility id","selector":"Expand alarm","context":"","multiple":false}
[debug] &amp#27;[35m[WD Proxy]&amp#27;[39m Got response with status 200: {"sessionId":"a4bbfb0c-c5ed-469b-85f8-b590f421ce17","value":{"ELEMENT":"f48a9a11-3011-46c1-8e8b-893809b66566","element-6066-11e4-a52e-4f735466cecf":"f48a9a11-3011-46c1-8e8b-893809b66566"}}
[debug] &amp#27;[35m[W3C (eb2ddf43)]&amp#27;[39m Responding to client with driver.findElement() result: {"element-6066-11e4-a52e-4f735466cecf":"f48a9a11-3011-46c1-8e8b-893809b66566","ELEMENT":"f48a9a11-3011-46c1-8e8b-893809b66566"}
&amp#27;[35m[HTTP]&amp#27;[39m &amp#27;[37m<-- POST /wd/hub/session/eb2ddf43-8325-4e34-ab57-b33bacca1c25/element &amp#27;[39m&amp#27;[32m200&amp#27;[39m &amp#27;[90m1069 ms - 137&amp#27;[39m
&amp#27;[35m[HTTP]&amp#27;[39m &amp#27;[90m&amp#27;[39m
&amp#27;[35m[HTTP]&amp#27;[39m &amp#27;[37m-->&amp#27;[39m &amp#27;[37mPOST&amp#27;[39m &amp#27;[37m/wd/hub/session/eb2ddf43-8325-4e34-ab57-b33bacca1c25/element/f48a9a11-3011-46c1-8e8b-893809b66566/click&amp#27;[39m
&amp#27;[35m[HTTP]&amp#27;[39m &amp#27;[90m{"id":"f48a9a11-3011-46c1-8e8b-893809b66566"}&amp#27;[39m
[debug] &amp#27;[35m[W3C (eb2ddf43)]&amp#27;[39m Calling AppiumDriver.click() with args: ["f48a9a11-3011-46c1-8e8b-893809b66566","eb2ddf43-8325-4e34-ab57-b33bacca1c25"]
[debug] &amp#27;[35m[WD Proxy]&amp#27;[39m Matched '/element/f48a9a11-3011-46c1-8e8b-893809b66566/click' to command name 'click'
[debug] &amp#27;[35m[WD Proxy]&amp#27;[39m Proxying [POST /element/f48a9a11-3011-46c1-8e8b-893809b66566/click] to [POST http://127.0.0.1:8200/wd/hub/session/a4bbfb0c-c5ed-469b-85f8-b590f421ce17/element/f48a9a11-3011-46c1-8e8b-893809b66566/click] with body: {"element":"f48a9a11-3011-46c1-8e8b-893809b66566"}
[debug] &amp#27;[35m[WD Proxy]&amp#27;[39m Got response with status 200: {"sessionId":"a4bbfb0c-c5ed-469b-85f8-b590f421ce17","value":null}
[debug] &amp#27;[35m[W3C (eb2ddf43)]&amp#27;[39m Responding to client with driver.click() result: null
&amp#27;[35m[HTTP]&amp#27;[39m &amp#27;[37m<-- POST /wd/hub/session/eb2ddf43-8325-4e34-ab57-b33bacca1c25/element/f48a9a11-3011-46c1-8e8b-893809b66566/click &amp#27;[39m&amp#27;[32m200&amp#27;[39m &amp#27;[90m25 ms - 14&amp#27;[39m
&amp#27;[35m[HTTP]&amp#27;[39m &amp#27;[90m&amp#27;[39m
&amp#27;[35m[HTTP]&amp#27;[39m &amp#27;[37m-->&amp#27;[39m &amp#27;[37mPOST&amp#27;[39m &amp#27;[37m/wd/hub/session/eb2ddf43-8325-4e34-ab57-b33bacca1c25/element&amp#27;[39m
&amp#27;[35m[HTTP]&amp#27;[39m &amp#27;[90m{"using":"id","value":"com.google.android.deskclock:id/edit_label"}&amp#27;[39m
[debug] &amp#27;[35m[W3C (eb2ddf43)]&amp#27;[39m Calling AppiumDriver.findElement() with args: ["id","com.google.android.deskclock:id/edit_label","eb2ddf43-8325-4e34-ab57-b33bacca1c25"]
[debug] &amp#27;[35m[BaseDriver]&amp#27;[39m Valid locator strategies for this request: xpath, id, class name, accessibility id, -android uiautomator
[debug] &amp#27;[35m[BaseDriver]&amp#27;[39m Waiting up to 20000 ms for condition
[debug] &amp#27;[35m[WD Proxy]&amp#27;[39m Matched '/element' to command name 'findElement'
[debug] &amp#27;[35m[WD Proxy]&amp#27;[39m Proxying [POST /element] to [POST http://127.0.0.1:8200/wd/hub/session/a4bbfb0c-c5ed-469b-85f8-b590f421ce17/element] with body: {"strategy":"id","selector":"com.google.android.deskclock:id/edit_label","context":"","multiple":false}
&amp#27;[35m[WD Proxy]&amp#27;[39m Got response with status 404: {"sessionId":"a4bbfb0c-c5ed-469b-85f8-b590f421ce17","value":{"error":"no such element","message":"An element could not be located on the page using the given search parameters","stacktrace":"io.appium.uiautomator2.common.exceptions.ElementNotFoundException: An element could not be located on the page using the given search parameters\n\tat io.appium.uiautomator2.handler.FindElement.safeHandle(FindElement.java:78)\n\tat io.appium.uiautomator2.handler.request.SafeRequestHandler.handle(SafeRequestHandler.java:38)\n\tat io.appium.uiautomator2.server.AppiumServlet.handleRequest(AppiumServlet.java:252)\n\tat io.appium.uiautomator2.server.AppiumServlet.handleHttpRequest(AppiumServlet.java:242)\n\tat io.appium.uiautomator2.http.ServerHandler.channelRead(ServerHandler.java:51)\n\tat io.netty.channel.AbstractChannelHandlerContext.invokeChannelRead(AbstractChannelHandlerContext.java:366)\n\tat io.netty.channel.AbstractChannelHandlerContext.invokeChannelRead(AbstractChannelHandlerContext.java:352)\n\tat io.netty.chann...
[debug] &amp#27;[35m[W3C]&amp#27;[39m Matched W3C error code 'no such element' to NoSuchElementError
[debug] &amp#27;[35m[BaseDriver]&amp#27;[39m Waited for 214 ms so far
[debug] &amp#27;[35m[WD Proxy]&amp#27;[39m Matched '/element' to command name 'findElement'
[debug] &amp#27;[35m[WD Proxy]&amp#27;[39m Proxying [POST /element] to [POST http://127.0.0.1:8200/wd/hub/session/a4bbfb0c-c5ed-469b-85f8-b590f421ce17/element] with body: {"strategy":"id","selector":"com.google.android.deskclock:id/edit_label","context":"","multiple":false}
[debug] &amp#27;[35m[WD Proxy]&amp#27;[39m Got response with status 200: {"sessionId":"a4bbfb0c-c5ed-469b-85f8-b590f421ce17","value":{"ELEMENT":"aab328d5-b264-4165-8184-02c259b8ae3f","element-6066-11e4-a52e-4f735466cecf":"aab328d5-b264-4165-8184-02c259b8ae3f"}}
[debug] &amp#27;[35m[W3C (eb2ddf43)]&amp#27;[39m Responding to client with driver.findElement() result: {"element-6066-11e4-a52e-4f735466cecf":"aab328d5-b264-4165-8184-02c259b8ae3f","ELEMENT":"aab328d5-b264-4165-8184-02c259b8ae3f"}
&amp#27;[35m[HTTP]&amp#27;[39m &amp#27;[37m<-- POST /wd/hub/session/eb2ddf43-8325-4e34-ab57-b33bacca1c25/element &amp#27;[39m&amp#27;[32m200&amp#27;[39m &amp#27;[90m1105 ms - 137&amp#27;[39m
&amp#27;[35m[HTTP]&amp#27;[39m &amp#27;[90m&amp#27;[39m
&amp#27;[35m[HTTP]&amp#27;[39m &amp#27;[37m-->&amp#27;[39m &amp#27;[37mPOST&amp#27;[39m &amp#27;[37m/wd/hub/session/eb2ddf43-8325-4e34-ab57-b33bacca1c25/element/aab328d5-b264-4165-8184-02c259b8ae3f/click&amp#27;[39m
&amp#27;[35m[HTTP]&amp#27;[39m &amp#27;[90m{"id":"aab328d5-b264-4165-8184-02c259b8ae3f"}&amp#27;[39m
[debug] &amp#27;[35m[W3C (eb2ddf43)]&amp#27;[39m Calling AppiumDriver.click() with args: ["aab328d5-b264-4165-8184-02c259b8ae3f","eb2ddf43-8325-4e34-ab57-b33bacca1c25"]
[debug] &amp#27;[35m[WD Proxy]&amp#27;[39m Matched '/element/aab328d5-b264-4165-8184-02c259b8ae3f/click' to command name 'click'
[debug] &amp#27;[35m[WD Proxy]&amp#27;[39m Proxying [POST /element/aab328d5-b264-4165-8184-02c259b8ae3f/click] to [POST http://127.0.0.1:8200/wd/hub/session/a4bbfb0c-c5ed-469b-85f8-b590f421ce17/element/aab328d5-b264-4165-8184-02c259b8ae3f/click] with body: {"element":"aab328d5-b264-4165-8184-02c259b8ae3f"}
[debug] &amp#27;[35m[WD Proxy]&amp#27;[39m Got response with status 200: {"sessionId":"a4bbfb0c-c5ed-469b-85f8-b590f421ce17","value":null}
[debug] &amp#27;[35m[W3C (eb2ddf43)]&amp#27;[39m Responding to client with driver.click() result: null
&amp#27;[35m[HTTP]&amp#27;[39m &amp#27;[37m<-- POST /wd/hub/session/eb2ddf43-8325-4e34-ab57-b33bacca1c25/element/aab328d5-b264-4165-8184-02c259b8ae3f/click &amp#27;[39m&amp#27;[32m200&amp#27;[39m &amp#27;[90m24 ms - 14&amp#27;[39m
&amp#27;[35m[HTTP]&amp#27;[39m &amp#27;[90m&amp#27;[39m
&amp#27;[35m[HTTP]&amp#27;[39m &amp#27;[37m-->&amp#27;[39m &amp#27;[37mPOST&amp#27;[39m &amp#27;[37m/wd/hub/session/eb2ddf43-8325-4e34-ab57-b33bacca1c25/element&amp#27;[39m
&amp#27;[35m[HTTP]&amp#27;[39m &amp#27;[90m{"using":"class name","value":"android.widget.EditText"}&amp#27;[39m
[debug] &amp#27;[35m[W3C (eb2ddf43)]&amp#27;[39m Calling AppiumDriver.findElement() with args: ["class name","android.widget.EditText","eb2ddf43-8325-4e34-ab57-b33bacca1c25"]
[debug] &amp#27;[35m[BaseDriver]&amp#27;[39m Valid locator strategies for this request: xpath, id, class name, accessibility id, -android uiautomator
[debug] &amp#27;[35m[BaseDriver]&amp#27;[39m Waiting up to 20000 ms for condition
[debug] &amp#27;[35m[WD Proxy]&amp#27;[39m Matched '/element' to command name 'findElement'
[debug] &amp#27;[35m[WD Proxy]&amp#27;[39m Proxying [POST /element] to [POST http://127.0.0.1:8200/wd/hub/session/a4bbfb0c-c5ed-469b-85f8-b590f421ce17/element] with body: {"strategy":"class name","selector":"android.widget.EditText","context":"","multiple":false}
[debug] &amp#27;[35m[WD Proxy]&amp#27;[39m Got response with status 200: {"sessionId":"a4bbfb0c-c5ed-469b-85f8-b590f421ce17","value":{"ELEMENT":"357121d6-da42-41d9-a408-f6429be00a7b","element-6066-11e4-a52e-4f735466cecf":"357121d6-da42-41d9-a408-f6429be00a7b"}}
[debug] &amp#27;[35m[W3C (eb2ddf43)]&amp#27;[39m Responding to client with driver.findElement() result: {"element-6066-11e4-a52e-4f735466cecf":"357121d6-da42-41d9-a408-f6429be00a7b","ELEMENT":"357121d6-da42-41d9-a408-f6429be00a7b"}
&amp#27;[35m[HTTP]&amp#27;[39m &amp#27;[37m<-- POST /wd/hub/session/eb2ddf43-8325-4e34-ab57-b33bacca1c25/element &amp#27;[39m&amp#27;[32m200&amp#27;[39m &amp#27;[90m171 ms - 137&amp#27;[39m
&amp#27;[35m[HTTP]&amp#27;[39m &amp#27;[90m&amp#27;[39m
&amp#27;[35m[HTTP]&amp#27;[39m &amp#27;[37m-->&amp#27;[39m &amp#27;[37mPOST&amp#27;[39m &amp#27;[37m/wd/hub/session/eb2ddf43-8325-4e34-ab57-b33bacca1c25/element/357121d6-da42-41d9-a408-f6429be00a7b/clear&amp#27;[39m
&amp#27;[35m[HTTP]&amp#27;[39m &amp#27;[90m{"id":"357121d6-da42-41d9-a408-f6429be00a7b"}&amp#27;[39m
[debug] &amp#27;[35m[W3C (eb2ddf43)]&amp#27;[39m Calling AppiumDriver.clear() with args: ["357121d6-da42-41d9-a408-f6429be00a7b","eb2ddf43-8325-4e34-ab57-b33bacca1c25"]
[debug] &amp#27;[35m[WD Proxy]&amp#27;[39m Matched '/element/357121d6-da42-41d9-a408-f6429be00a7b/clear' to command name 'clear'
[debug] &amp#27;[35m[WD Proxy]&amp#27;[39m Proxying [POST /element/357121d6-da42-41d9-a408-f6429be00a7b/clear] to [POST http://127.0.0.1:8200/wd/hub/session/a4bbfb0c-c5ed-469b-85f8-b590f421ce17/element/357121d6-da42-41d9-a408-f6429be00a7b/clear] with body: {"elementId":"357121d6-da42-41d9-a408-f6429be00a7b"}
[debug] &amp#27;[35m[WD Proxy]&amp#27;[39m Got response with status 200: {"sessionId":"a4bbfb0c-c5ed-469b-85f8-b590f421ce17","value":null}
[debug] &amp#27;[35m[W3C (eb2ddf43)]&amp#27;[39m Responding to client with driver.clear() result: null
&amp#27;[35m[HTTP]&amp#27;[39m &amp#27;[37m<-- POST /wd/hub/session/eb2ddf43-8325-4e34-ab57-b33bacca1c25/element/357121d6-da42-41d9-a408-f6429be00a7b/clear &amp#27;[39m&amp#27;[32m200&amp#27;[39m &amp#27;[90m1218 ms - 14&amp#27;[39m
&amp#27;[35m[HTTP]&amp#27;[39m &amp#27;[90m&amp#27;[39m
&amp#27;[35m[HTTP]&amp#27;[39m &amp#27;[37m-->&amp#27;[39m &amp#27;[37mPOST&amp#27;[39m &amp#27;[37m/wd/hub/session/eb2ddf43-8325-4e34-ab57-b33bacca1c25/element/357121d6-da42-41d9-a408-f6429be00a7b/value&amp#27;[39m
&amp#27;[35m[HTTP]&amp#27;[39m &amp#27;[90m{"id":"357121d6-da42-41d9-a408-f6429be00a7b","text":"Hello","value":["H","e","l","l","o"]}&amp#27;[39m
[debug] &amp#27;[35m[W3C (eb2ddf43)]&amp#27;[39m Calling AppiumDriver.setValue() with args: [["H","e","l","l","o"],"357121d6-da42-41d9-a408-f6429be00a7b","eb2ddf43-8325-4e34-ab57-b33bacca1c25"]
[debug] &amp#27;[35m[WD Proxy]&amp#27;[39m Matched '/element/357121d6-da42-41d9-a408-f6429be00a7b/value' to command name 'setValue'
[debug] &amp#27;[35m[Protocol Converter]&amp#27;[39m Added 'value' property ["H","e","l","l","o"] to 'setValue' request body
[debug] &amp#27;[35m[WD Proxy]&amp#27;[39m Proxying [POST /element/357121d6-da42-41d9-a408-f6429be00a7b/value] to [POST http://127.0.0.1:8200/wd/hub/session/a4bbfb0c-c5ed-469b-85f8-b590f421ce17/element/357121d6-da42-41d9-a408-f6429be00a7b/value] with body: {"elementId":"357121d6-da42-41d9-a408-f6429be00a7b","text":"Hello","replace":false,"value":["H","e","l","l","o"]}
[debug] &amp#27;[35m[WD Proxy]&amp#27;[39m Got response with status 200: {"sessionId":"a4bbfb0c-c5ed-469b-85f8-b590f421ce17","value":null}
[debug] &amp#27;[35m[W3C (eb2ddf43)]&amp#27;[39m Responding to client with driver.setValue() result: null
&amp#27;[35m[HTTP]&amp#27;[39m &amp#27;[37m<-- POST /wd/hub/session/eb2ddf43-8325-4e34-ab57-b33bacca1c25/element/357121d6-da42-41d9-a408-f6429be00a7b/value &amp#27;[39m&amp#27;[32m200&amp#27;[39m &amp#27;[90m2241 ms - 14&amp#27;[39m
&amp#27;[35m[HTTP]&amp#27;[39m &amp#27;[90m&amp#27;[39m
&amp#27;[35m[HTTP]&amp#27;[39m &amp#27;[37m-->&amp#27;[39m &amp#27;[37mPOST&amp#27;[39m &amp#27;[37m/wd/hub/session/eb2ddf43-8325-4e34-ab57-b33bacca1c25/element&amp#27;[39m
&amp#27;[35m[HTTP]&amp#27;[39m &amp#27;[90m{"using":"xpath","value":"//android.widget.Button[@text='OK']"}&amp#27;[39m
[debug] &amp#27;[35m[W3C (eb2ddf43)]&amp#27;[39m Calling AppiumDriver.findElement() with args: ["xpath","//android.widget.Button[@text='OK']","eb2ddf43-8325-4e34-ab57-b33bacca1c25"]
[debug] &amp#27;[35m[BaseDriver]&amp#27;[39m Valid locator strategies for this request: xpath, id, class name, accessibility id, -android uiautomator
[debug] &amp#27;[35m[BaseDriver]&amp#27;[39m Waiting up to 20000 ms for condition
[debug] &amp#27;[35m[WD Proxy]&amp#27;[39m Matched '/element' to command name 'findElement'
[debug] &amp#27;[35m[WD Proxy]&amp#27;[39m Proxying [POST /element] to [POST http://127.0.0.1:8200/wd/hub/session/a4bbfb0c-c5ed-469b-85f8-b590f421ce17/element] with body: {"strategy":"xpath","selector":"//android.widget.Button[@text='OK']","context":"","multiple":false}
[debug] &amp#27;[35m[WD Proxy]&amp#27;[39m Got response with status 200: {"sessionId":"a4bbfb0c-c5ed-469b-85f8-b590f421ce17","value":{"ELEMENT":"02b8aadd-a4f9-428a-b02b-248be86f9993","element-6066-11e4-a52e-4f735466cecf":"02b8aadd-a4f9-428a-b02b-248be86f9993"}}
[debug] &amp#27;[35m[W3C (eb2ddf43)]&amp#27;[39m Responding to client with driver.findElement() result: {"element-6066-11e4-a52e-4f735466cecf":"02b8aadd-a4f9-428a-b02b-248be86f9993","ELEMENT":"02b8aadd-a4f9-428a-b02b-248be86f9993"}
&amp#27;[35m[HTTP]&amp#27;[39m &amp#27;[37m<-- POST /wd/hub/session/eb2ddf43-8325-4e34-ab57-b33bacca1c25/element &amp#27;[39m&amp#27;[32m200&amp#27;[39m &amp#27;[90m960 ms - 137&amp#27;[39m
&amp#27;[35m[HTTP]&amp#27;[39m &amp#27;[90m&amp#27;[39m
&amp#27;[35m[HTTP]&amp#27;[39m &amp#27;[37m-->&amp#27;[39m &amp#27;[37mPOST&amp#27;[39m &amp#27;[37m/wd/hub/session/eb2ddf43-8325-4e34-ab57-b33bacca1c25/element/02b8aadd-a4f9-428a-b02b-248be86f9993/click&amp#27;[39m
&amp#27;[35m[HTTP]&amp#27;[39m &amp#27;[90m{"id":"02b8aadd-a4f9-428a-b02b-248be86f9993"}&amp#27;[39m
[debug] &amp#27;[35m[W3C (eb2ddf43)]&amp#27;[39m Calling AppiumDriver.click() with args: ["02b8aadd-a4f9-428a-b02b-248be86f9993","eb2ddf43-8325-4e34-ab57-b33bacca1c25"]
[debug] &amp#27;[35m[WD Proxy]&amp#27;[39m Matched '/element/02b8aadd-a4f9-428a-b02b-248be86f9993/click' to command name 'click'
[debug] &amp#27;[35m[WD Proxy]&amp#27;[39m Proxying [POST /element/02b8aadd-a4f9-428a-b02b-248be86f9993/click] to [POST http://127.0.0.1:8200/wd/hub/session/a4bbfb0c-c5ed-469b-85f8-b590f421ce17/element/02b8aadd-a4f9-428a-b02b-248be86f9993/click] with body: {"element":"02b8aadd-a4f9-428a-b02b-248be86f9993"}
[debug] &amp#27;[35m[WD Proxy]&amp#27;[39m Got response with status 200: {"sessionId":"a4bbfb0c-c5ed-469b-85f8-b590f421ce17","value":null}
[debug] &amp#27;[35m[W3C (eb2ddf43)]&amp#27;[39m Responding to client with driver.click() result: null
&amp#27;[35m[HTTP]&amp#27;[39m &amp#27;[37m<-- POST /wd/hub/session/eb2ddf43-8325-4e34-ab57-b33bacca1c25/element/02b8aadd-a4f9-428a-b02b-248be86f9993/click &amp#27;[39m&amp#27;[32m200&amp#27;[39m &amp#27;[90m20 ms - 14&amp#27;[39m
&amp#27;[35m[HTTP]&amp#27;[39m &amp#27;[90m&amp#27;[39m
&amp#27;[35m[HTTP]&amp#27;[39m &amp#27;[37m-->&amp#27;[39m &amp#27;[37mPOST&amp#27;[39m &amp#27;[37m/wd/hub/session/eb2ddf43-8325-4e34-ab57-b33bacca1c25/element&amp#27;[39m
&amp#27;[35m[HTTP]&amp#27;[39m &amp#27;[90m{"using":"accessibility id","value":"Collapse alarm"}&amp#27;[39m
[debug] &amp#27;[35m[W3C (eb2ddf43)]&amp#27;[39m Calling AppiumDriver.findElement() with args: ["accessibility id","Collapse alarm","eb2ddf43-8325-4e34-ab57-b33bacca1c25"]
[debug] &amp#27;[35m[BaseDriver]&amp#27;[39m Valid locator strategies for this request: xpath, id, class name, accessibility id, -android uiautomator
[debug] &amp#27;[35m[BaseDriver]&amp#27;[39m Waiting up to 20000 ms for condition
[debug] &amp#27;[35m[WD Proxy]&amp#27;[39m Matched '/element' to command name 'findElement'
[debug] &amp#27;[35m[WD Proxy]&amp#27;[39m Proxying [POST /element] to [POST http://127.0.0.1:8200/wd/hub/session/a4bbfb0c-c5ed-469b-85f8-b590f421ce17/element] with body: {"strategy":"accessibility id","selector":"Collapse alarm","context":"","multiple":false}
[debug] &amp#27;[35m[WD Proxy]&amp#27;[39m Got response with status 200: {"sessionId":"a4bbfb0c-c5ed-469b-85f8-b590f421ce17","value":{"ELEMENT":"6ee3f8c0-8bf1-4ecf-bc3c-caf59971a548","element-6066-11e4-a52e-4f735466cecf":"6ee3f8c0-8bf1-4ecf-bc3c-caf59971a548"}}
[debug] &amp#27;[35m[W3C (eb2ddf43)]&amp#27;[39m Responding to client with driver.findElement() result: {"element-6066-11e4-a52e-4f735466cecf":"6ee3f8c0-8bf1-4ecf-bc3c-caf59971a548","ELEMENT":"6ee3f8c0-8bf1-4ecf-bc3c-caf59971a548"}
&amp#27;[35m[HTTP]&amp#27;[39m &amp#27;[37m<-- POST /wd/hub/session/eb2ddf43-8325-4e34-ab57-b33bacca1c25/element &amp#27;[39m&amp#27;[32m200&amp#27;[39m &amp#27;[90m321 ms - 137&amp#27;[39m
&amp#27;[35m[HTTP]&amp#27;[39m &amp#27;[90m&amp#27;[39m
&amp#27;[35m[HTTP]&amp#27;[39m &amp#27;[37m-->&amp#27;[39m &amp#27;[37mPOST&amp#27;[39m &amp#27;[37m/wd/hub/session/eb2ddf43-8325-4e34-ab57-b33bacca1c25/element/6ee3f8c0-8bf1-4ecf-bc3c-caf59971a548/click&amp#27;[39m
&amp#27;[35m[HTTP]&amp#27;[39m &amp#27;[90m{"id":"6ee3f8c0-8bf1-4ecf-bc3c-caf59971a548"}&amp#27;[39m
[debug] &amp#27;[35m[W3C (eb2ddf43)]&amp#27;[39m Calling AppiumDriver.click() with args: ["6ee3f8c0-8bf1-4ecf-bc3c-caf59971a548","eb2ddf43-8325-4e34-ab57-b33bacca1c25"]
[debug] &amp#27;[35m[WD Proxy]&amp#27;[39m Matched '/element/6ee3f8c0-8bf1-4ecf-bc3c-caf59971a548/click' to command name 'click'
[debug] &amp#27;[35m[WD Proxy]&amp#27;[39m Proxying [POST /element/6ee3f8c0-8bf1-4ecf-bc3c-caf59971a548/click] to [POST http://127.0.0.1:8200/wd/hub/session/a4bbfb0c-c5ed-469b-85f8-b590f421ce17/element/6ee3f8c0-8bf1-4ecf-bc3c-caf59971a548/click] with body: {"element":"6ee3f8c0-8bf1-4ecf-bc3c-caf59971a548"}
[debug] &amp#27;[35m[WD Proxy]&amp#27;[39m Got response with status 200: {"sessionId":"a4bbfb0c-c5ed-469b-85f8-b590f421ce17","value":null}
[debug] &amp#27;[35m[W3C (eb2ddf43)]&amp#27;[39m Responding to client with driver.click() result: null
&amp#27;[35m[HTTP]&amp#27;[39m &amp#27;[37m<-- POST /wd/hub/session/eb2ddf43-8325-4e34-ab57-b33bacca1c25/element/6ee3f8c0-8bf1-4ecf-bc3c-caf59971a548/click &amp#27;[39m&amp#27;[32m200&amp#27;[39m &amp#27;[90m386 ms - 14&amp#27;[39m
&amp#27;[35m[HTTP]&amp#27;[39m &amp#27;[90m&amp#27;[39m
]]></system-out>
  </testcase>
  <testcase name="chooseTime" classname="com.android.test.SetAlarmTest" time="3.641">
    <system-out><![CDATA[&amp#27;[35m[HTTP]&amp#27;[39m &amp#27;[37m-->&amp#27;[39m &amp#27;[37mPOST&amp#27;[39m &amp#27;[37m/wd/hub/session/eb2ddf43-8325-4e34-ab57-b33bacca1c25/element&amp#27;[39m
&amp#27;[35m[HTTP]&amp#27;[39m &amp#27;[90m{"using":"id","value":"com.google.android.deskclock:id/digital_clock"}&amp#27;[39m
[debug] &amp#27;[35m[W3C (eb2ddf43)]&amp#27;[39m Calling AppiumDriver.findElement() with args: ["id","com.google.android.deskclock:id/digital_clock","eb2ddf43-8325-4e34-ab57-b33bacca1c25"]
[debug] &amp#27;[35m[BaseDriver]&amp#27;[39m Valid locator strategies for this request: xpath, id, class name, accessibility id, -android uiautomator
[debug] &amp#27;[35m[BaseDriver]&amp#27;[39m Waiting up to 20000 ms for condition
[debug] &amp#27;[35m[WD Proxy]&amp#27;[39m Matched '/element' to command name 'findElement'
[debug] &amp#27;[35m[WD Proxy]&amp#27;[39m Proxying [POST /element] to [POST http://127.0.0.1:8200/wd/hub/session/a4bbfb0c-c5ed-469b-85f8-b590f421ce17/element] with body: {"strategy":"id","selector":"com.google.android.deskclock:id/digital_clock","context":"","multiple":false}
[debug] &amp#27;[35m[WD Proxy]&amp#27;[39m Got response with status 200: {"sessionId":"a4bbfb0c-c5ed-469b-85f8-b590f421ce17","value":{"ELEMENT":"8ec4decc-5d3d-45d7-b446-27a29b9825e3","element-6066-11e4-a52e-4f735466cecf":"8ec4decc-5d3d-45d7-b446-27a29b9825e3"}}
[debug] &amp#27;[35m[W3C (eb2ddf43)]&amp#27;[39m Responding to client with driver.findElement() result: {"element-6066-11e4-a52e-4f735466cecf":"8ec4decc-5d3d-45d7-b446-27a29b9825e3","ELEMENT":"8ec4decc-5d3d-45d7-b446-27a29b9825e3"}
&amp#27;[35m[HTTP]&amp#27;[39m &amp#27;[37m<-- POST /wd/hub/session/eb2ddf43-8325-4e34-ab57-b33bacca1c25/element &amp#27;[39m&amp#27;[32m200&amp#27;[39m &amp#27;[90m70 ms - 137&amp#27;[39m
&amp#27;[35m[HTTP]&amp#27;[39m &amp#27;[90m&amp#27;[39m
&amp#27;[35m[HTTP]&amp#27;[39m &amp#27;[37m-->&amp#27;[39m &amp#27;[37mPOST&amp#27;[39m &amp#27;[37m/wd/hub/session/eb2ddf43-8325-4e34-ab57-b33bacca1c25/element/8ec4decc-5d3d-45d7-b446-27a29b9825e3/click&amp#27;[39m
&amp#27;[35m[HTTP]&amp#27;[39m &amp#27;[90m{"id":"8ec4decc-5d3d-45d7-b446-27a29b9825e3"}&amp#27;[39m
[debug] &amp#27;[35m[W3C (eb2ddf43)]&amp#27;[39m Calling AppiumDriver.click() with args: ["8ec4decc-5d3d-45d7-b446-27a29b9825e3","eb2ddf43-8325-4e34-ab57-b33bacca1c25"]
[debug] &amp#27;[35m[WD Proxy]&amp#27;[39m Matched '/element/8ec4decc-5d3d-45d7-b446-27a29b9825e3/click' to command name 'click'
[debug] &amp#27;[35m[WD Proxy]&amp#27;[39m Proxying [POST /element/8ec4decc-5d3d-45d7-b446-27a29b9825e3/click] to [POST http://127.0.0.1:8200/wd/hub/session/a4bbfb0c-c5ed-469b-85f8-b590f421ce17/element/8ec4decc-5d3d-45d7-b446-27a29b9825e3/click] with body: {"element":"8ec4decc-5d3d-45d7-b446-27a29b9825e3"}
[debug] &amp#27;[35m[WD Proxy]&amp#27;[39m Got response with status 200: {"sessionId":"a4bbfb0c-c5ed-469b-85f8-b590f421ce17","value":null}
[debug] &amp#27;[35m[W3C (eb2ddf43)]&amp#27;[39m Responding to client with driver.click() result: null
&amp#27;[35m[HTTP]&amp#27;[39m &amp#27;[37m<-- POST /wd/hub/session/eb2ddf43-8325-4e34-ab57-b33bacca1c25/element/8ec4decc-5d3d-45d7-b446-27a29b9825e3/click &amp#27;[39m&amp#27;[32m200&amp#27;[39m &amp#27;[90m1919 ms - 14&amp#27;[39m
&amp#27;[35m[HTTP]&amp#27;[39m &amp#27;[90m&amp#27;[39m
&amp#27;[35m[HTTP]&amp#27;[39m &amp#27;[37m-->&amp#27;[39m &amp#27;[37mPOST&amp#27;[39m &amp#27;[37m/wd/hub/session/eb2ddf43-8325-4e34-ab57-b33bacca1c25/element&amp#27;[39m
&amp#27;[35m[HTTP]&amp#27;[39m &amp#27;[90m{"using":"xpath","value":"//android.widget.RadialTimePickerView.RadialPickerTouchHelper[@content-desc=\"5\"]"}&amp#27;[39m
[debug] &amp#27;[35m[W3C (eb2ddf43)]&amp#27;[39m Calling AppiumDriver.findElement() with args: ["xpath","//android.widget.RadialTimePickerView.RadialPickerTouchHelper[@content-desc=\"5\"]","eb2ddf43-8325-4e34-ab57-b33bacca1c25"]
[debug] &amp#27;[35m[BaseDriver]&amp#27;[39m Valid locator strategies for this request: xpath, id, class name, accessibility id, -android uiautomator
[debug] &amp#27;[35m[BaseDriver]&amp#27;[39m Waiting up to 20000 ms for condition
[debug] &amp#27;[35m[WD Proxy]&amp#27;[39m Matched '/element' to command name 'findElement'
[debug] &amp#27;[35m[WD Proxy]&amp#27;[39m Proxying [POST /element] to [POST http://127.0.0.1:8200/wd/hub/session/a4bbfb0c-c5ed-469b-85f8-b590f421ce17/element] with body: {"strategy":"xpath","selector":"//android.widget.RadialTimePickerView.RadialPickerTouchHelper[@content-desc=\"5\"]","context":"","multiple":false}
[debug] &amp#27;[35m[WD Proxy]&amp#27;[39m Got response with status 200: {"sessionId":"a4bbfb0c-c5ed-469b-85f8-b590f421ce17","value":{"ELEMENT":"c63976d9-9425-45e8-8db9-254f41a5d80f","element-6066-11e4-a52e-4f735466cecf":"c63976d9-9425-45e8-8db9-254f41a5d80f"}}
[debug] &amp#27;[35m[W3C (eb2ddf43)]&amp#27;[39m Responding to client with driver.findElement() result: {"element-6066-11e4-a52e-4f735466cecf":"c63976d9-9425-45e8-8db9-254f41a5d80f","ELEMENT":"c63976d9-9425-45e8-8db9-254f41a5d80f"}
&amp#27;[35m[HTTP]&amp#27;[39m &amp#27;[37m<-- POST /wd/hub/session/eb2ddf43-8325-4e34-ab57-b33bacca1c25/element &amp#27;[39m&amp#27;[32m200&amp#27;[39m &amp#27;[90m142 ms - 137&amp#27;[39m
&amp#27;[35m[HTTP]&amp#27;[39m &amp#27;[90m&amp#27;[39m
&amp#27;[35m[HTTP]&amp#27;[39m &amp#27;[37m-->&amp#27;[39m &amp#27;[37mPOST&amp#27;[39m &amp#27;[37m/wd/hub/session/eb2ddf43-8325-4e34-ab57-b33bacca1c25/element/c63976d9-9425-45e8-8db9-254f41a5d80f/click&amp#27;[39m
&amp#27;[35m[HTTP]&amp#27;[39m &amp#27;[90m{"id":"c63976d9-9425-45e8-8db9-254f41a5d80f"}&amp#27;[39m
[debug] &amp#27;[35m[W3C (eb2ddf43)]&amp#27;[39m Calling AppiumDriver.click() with args: ["c63976d9-9425-45e8-8db9-254f41a5d80f","eb2ddf43-8325-4e34-ab57-b33bacca1c25"]
[debug] &amp#27;[35m[WD Proxy]&amp#27;[39m Matched '/element/c63976d9-9425-45e8-8db9-254f41a5d80f/click' to command name 'click'
[debug] &amp#27;[35m[WD Proxy]&amp#27;[39m Proxying [POST /element/c63976d9-9425-45e8-8db9-254f41a5d80f/click] to [POST http://127.0.0.1:8200/wd/hub/session/a4bbfb0c-c5ed-469b-85f8-b590f421ce17/element/c63976d9-9425-45e8-8db9-254f41a5d80f/click] with body: {"element":"c63976d9-9425-45e8-8db9-254f41a5d80f"}
[debug] &amp#27;[35m[WD Proxy]&amp#27;[39m Got response with status 200: {"sessionId":"a4bbfb0c-c5ed-469b-85f8-b590f421ce17","value":null}
[debug] &amp#27;[35m[W3C (eb2ddf43)]&amp#27;[39m Responding to client with driver.click() result: null
&amp#27;[35m[HTTP]&amp#27;[39m &amp#27;[37m<-- POST /wd/hub/session/eb2ddf43-8325-4e34-ab57-b33bacca1c25/element/c63976d9-9425-45e8-8db9-254f41a5d80f/click &amp#27;[39m&amp#27;[32m200&amp#27;[39m &amp#27;[90m520 ms - 14&amp#27;[39m
&amp#27;[35m[HTTP]&amp#27;[39m &amp#27;[90m&amp#27;[39m
&amp#27;[35m[HTTP]&amp#27;[39m &amp#27;[37m-->&amp#27;[39m &amp#27;[37mPOST&amp#27;[39m &amp#27;[37m/wd/hub/session/eb2ddf43-8325-4e34-ab57-b33bacca1c25/element&amp#27;[39m
&amp#27;[35m[HTTP]&amp#27;[39m &amp#27;[90m{"using":"xpath","value":"//android.widget.RadialTimePickerView.RadialPickerTouchHelper[@content-desc=\"5\"]"}&amp#27;[39m
[debug] &amp#27;[35m[W3C (eb2ddf43)]&amp#27;[39m Calling AppiumDriver.findElement() with args: ["xpath","//android.widget.RadialTimePickerView.RadialPickerTouchHelper[@content-desc=\"5\"]","eb2ddf43-8325-4e34-ab57-b33bacca1c25"]
[debug] &amp#27;[35m[BaseDriver]&amp#27;[39m Valid locator strategies for this request: xpath, id, class name, accessibility id, -android uiautomator
[debug] &amp#27;[35m[BaseDriver]&amp#27;[39m Waiting up to 20000 ms for condition
[debug] &amp#27;[35m[WD Proxy]&amp#27;[39m Matched '/element' to command name 'findElement'
[debug] &amp#27;[35m[WD Proxy]&amp#27;[39m Proxying [POST /element] to [POST http://127.0.0.1:8200/wd/hub/session/a4bbfb0c-c5ed-469b-85f8-b590f421ce17/element] with body: {"strategy":"xpath","selector":"//android.widget.RadialTimePickerView.RadialPickerTouchHelper[@content-desc=\"5\"]","context":"","multiple":false}
[debug] &amp#27;[35m[WD Proxy]&amp#27;[39m Got response with status 200: {"sessionId":"a4bbfb0c-c5ed-469b-85f8-b590f421ce17","value":{"ELEMENT":"4d1708f9-b56b-40e6-a4e1-0060f38bdf9d","element-6066-11e4-a52e-4f735466cecf":"4d1708f9-b56b-40e6-a4e1-0060f38bdf9d"}}
[debug] &amp#27;[35m[W3C (eb2ddf43)]&amp#27;[39m Responding to client with driver.findElement() result: {"element-6066-11e4-a52e-4f735466cecf":"4d1708f9-b56b-40e6-a4e1-0060f38bdf9d","ELEMENT":"4d1708f9-b56b-40e6-a4e1-0060f38bdf9d"}
&amp#27;[35m[HTTP]&amp#27;[39m &amp#27;[37m<-- POST /wd/hub/session/eb2ddf43-8325-4e34-ab57-b33bacca1c25/element &amp#27;[39m&amp#27;[32m200&amp#27;[39m &amp#27;[90m137 ms - 137&amp#27;[39m
&amp#27;[35m[HTTP]&amp#27;[39m &amp#27;[90m&amp#27;[39m
&amp#27;[35m[HTTP]&amp#27;[39m &amp#27;[37m-->&amp#27;[39m &amp#27;[37mPOST&amp#27;[39m &amp#27;[37m/wd/hub/session/eb2ddf43-8325-4e34-ab57-b33bacca1c25/element/4d1708f9-b56b-40e6-a4e1-0060f38bdf9d/click&amp#27;[39m
&amp#27;[35m[HTTP]&amp#27;[39m &amp#27;[90m{"id":"4d1708f9-b56b-40e6-a4e1-0060f38bdf9d"}&amp#27;[39m
[debug] &amp#27;[35m[W3C (eb2ddf43)]&amp#27;[39m Calling AppiumDriver.click() with args: ["4d1708f9-b56b-40e6-a4e1-0060f38bdf9d","eb2ddf43-8325-4e34-ab57-b33bacca1c25"]
[debug] &amp#27;[35m[WD Proxy]&amp#27;[39m Matched '/element/4d1708f9-b56b-40e6-a4e1-0060f38bdf9d/click' to command name 'click'
[debug] &amp#27;[35m[WD Proxy]&amp#27;[39m Proxying [POST /element/4d1708f9-b56b-40e6-a4e1-0060f38bdf9d/click] to [POST http://127.0.0.1:8200/wd/hub/session/a4bbfb0c-c5ed-469b-85f8-b590f421ce17/element/4d1708f9-b56b-40e6-a4e1-0060f38bdf9d/click] with body: {"element":"4d1708f9-b56b-40e6-a4e1-0060f38bdf9d"}
[debug] &amp#27;[35m[WD Proxy]&amp#27;[39m Got response with status 200: {"sessionId":"a4bbfb0c-c5ed-469b-85f8-b590f421ce17","value":null}
[debug] &amp#27;[35m[W3C (eb2ddf43)]&amp#27;[39m Responding to client with driver.click() result: null
&amp#27;[35m[HTTP]&amp#27;[39m &amp#27;[37m<-- POST /wd/hub/session/eb2ddf43-8325-4e34-ab57-b33bacca1c25/element/4d1708f9-b56b-40e6-a4e1-0060f38bdf9d/click &amp#27;[39m&amp#27;[32m200&amp#27;[39m &amp#27;[90m54 ms - 14&amp#27;[39m
&amp#27;[35m[HTTP]&amp#27;[39m &amp#27;[90m&amp#27;[39m
&amp#27;[35m[HTTP]&amp#27;[39m &amp#27;[37m-->&amp#27;[39m &amp#27;[37mPOST&amp#27;[39m &amp#27;[37m/wd/hub/session/eb2ddf43-8325-4e34-ab57-b33bacca1c25/element&amp#27;[39m
&amp#27;[35m[HTTP]&amp#27;[39m &amp#27;[90m{"using":"xpath","value":"//android.widget.RadioButton[@text='PM']"}&amp#27;[39m
[debug] &amp#27;[35m[W3C (eb2ddf43)]&amp#27;[39m Calling AppiumDriver.findElement() with args: ["xpath","//android.widget.RadioButton[@text='PM']","eb2ddf43-8325-4e34-ab57-b33bacca1c25"]
[debug] &amp#27;[35m[BaseDriver]&amp#27;[39m Valid locator strategies for this request: xpath, id, class name, accessibility id, -android uiautomator
[debug] &amp#27;[35m[BaseDriver]&amp#27;[39m Waiting up to 20000 ms for condition
[debug] &amp#27;[35m[WD Proxy]&amp#27;[39m Matched '/element' to command name 'findElement'
[debug] &amp#27;[35m[WD Proxy]&amp#27;[39m Proxying [POST /element] to [POST http://127.0.0.1:8200/wd/hub/session/a4bbfb0c-c5ed-469b-85f8-b590f421ce17/element] with body: {"strategy":"xpath","selector":"//android.widget.RadioButton[@text='PM']","context":"","multiple":false}
[debug] &amp#27;[35m[WD Proxy]&amp#27;[39m Got response with status 200: {"sessionId":"a4bbfb0c-c5ed-469b-85f8-b590f421ce17","value":{"ELEMENT":"66b1be74-14e8-4939-9a1f-a7b8cc54aff9","element-6066-11e4-a52e-4f735466cecf":"66b1be74-14e8-4939-9a1f-a7b8cc54aff9"}}
[debug] &amp#27;[35m[W3C (eb2ddf43)]&amp#27;[39m Responding to client with driver.findElement() result: {"element-6066-11e4-a52e-4f735466cecf":"66b1be74-14e8-4939-9a1f-a7b8cc54aff9","ELEMENT":"66b1be74-14e8-4939-9a1f-a7b8cc54aff9"}
&amp#27;[35m[HTTP]&amp#27;[39m &amp#27;[37m<-- POST /wd/hub/session/eb2ddf43-8325-4e34-ab57-b33bacca1c25/element &amp#27;[39m&amp#27;[32m200&amp#27;[39m &amp#27;[90m176 ms - 137&amp#27;[39m
&amp#27;[35m[HTTP]&amp#27;[39m &amp#27;[90m&amp#27;[39m
&amp#27;[35m[HTTP]&amp#27;[39m &amp#27;[37m-->&amp#27;[39m &amp#27;[37mPOST&amp#27;[39m &amp#27;[37m/wd/hub/session/eb2ddf43-8325-4e34-ab57-b33bacca1c25/element/66b1be74-14e8-4939-9a1f-a7b8cc54aff9/click&amp#27;[39m
&amp#27;[35m[HTTP]&amp#27;[39m &amp#27;[90m{"id":"66b1be74-14e8-4939-9a1f-a7b8cc54aff9"}&amp#27;[39m
[debug] &amp#27;[35m[W3C (eb2ddf43)]&amp#27;[39m Calling AppiumDriver.click() with args: ["66b1be74-14e8-4939-9a1f-a7b8cc54aff9","eb2ddf43-8325-4e34-ab57-b33bacca1c25"]
[debug] &amp#27;[35m[WD Proxy]&amp#27;[39m Matched '/element/66b1be74-14e8-4939-9a1f-a7b8cc54aff9/click' to command name 'click'
[debug] &amp#27;[35m[WD Proxy]&amp#27;[39m Proxying [POST /element/66b1be74-14e8-4939-9a1f-a7b8cc54aff9/click] to [POST http://127.0.0.1:8200/wd/hub/session/a4bbfb0c-c5ed-469b-85f8-b590f421ce17/element/66b1be74-14e8-4939-9a1f-a7b8cc54aff9/click] with body: {"element":"66b1be74-14e8-4939-9a1f-a7b8cc54aff9"}
[debug] &amp#27;[35m[WD Proxy]&amp#27;[39m Got response with status 200: {"sessionId":"a4bbfb0c-c5ed-469b-85f8-b590f421ce17","value":null}
[debug] &amp#27;[35m[W3C (eb2ddf43)]&amp#27;[39m Responding to client with driver.click() result: null
&amp#27;[35m[HTTP]&amp#27;[39m &amp#27;[37m<-- POST /wd/hub/session/eb2ddf43-8325-4e34-ab57-b33bacca1c25/element/66b1be74-14e8-4939-9a1f-a7b8cc54aff9/click &amp#27;[39m&amp#27;[32m200&amp#27;[39m &amp#27;[90m23 ms - 14&amp#27;[39m
&amp#27;[35m[HTTP]&amp#27;[39m &amp#27;[90m&amp#27;[39m
&amp#27;[35m[HTTP]&amp#27;[39m &amp#27;[37m-->&amp#27;[39m &amp#27;[37mPOST&amp#27;[39m &amp#27;[37m/wd/hub/session/eb2ddf43-8325-4e34-ab57-b33bacca1c25/element&amp#27;[39m
&amp#27;[35m[HTTP]&amp#27;[39m &amp#27;[90m{"using":"id","value":"android:id/button1"}&amp#27;[39m
[debug] &amp#27;[35m[W3C (eb2ddf43)]&amp#27;[39m Calling AppiumDriver.findElement() with args: ["id","android:id/button1","eb2ddf43-8325-4e34-ab57-b33bacca1c25"]
[debug] &amp#27;[35m[BaseDriver]&amp#27;[39m Valid locator strategies for this request: xpath, id, class name, accessibility id, -android uiautomator
[debug] &amp#27;[35m[BaseDriver]&amp#27;[39m Waiting up to 20000 ms for condition
[debug] &amp#27;[35m[WD Proxy]&amp#27;[39m Matched '/element' to command name 'findElement'
[debug] &amp#27;[35m[WD Proxy]&amp#27;[39m Proxying [POST /element] to [POST http://127.0.0.1:8200/wd/hub/session/a4bbfb0c-c5ed-469b-85f8-b590f421ce17/element] with body: {"strategy":"id","selector":"android:id/button1","context":"","multiple":false}
[debug] &amp#27;[35m[WD Proxy]&amp#27;[39m Got response with status 200: {"sessionId":"a4bbfb0c-c5ed-469b-85f8-b590f421ce17","value":{"ELEMENT":"a36b2c1d-4878-414e-b01f-cfe62d686d28","element-6066-11e4-a52e-4f735466cecf":"a36b2c1d-4878-414e-b01f-cfe62d686d28"}}
[debug] &amp#27;[35m[W3C (eb2ddf43)]&amp#27;[39m Responding to client with driver.findElement() result: {"element-6066-11e4-a52e-4f735466cecf":"a36b2c1d-4878-414e-b01f-cfe62d686d28","ELEMENT":"a36b2c1d-4878-414e-b01f-cfe62d686d28"}
&amp#27;[35m[HTTP]&amp#27;[39m &amp#27;[37m<-- POST /wd/hub/session/eb2ddf43-8325-4e34-ab57-b33bacca1c25/element &amp#27;[39m&amp#27;[32m200&amp#27;[39m &amp#27;[90m36 ms - 137&amp#27;[39m
&amp#27;[35m[HTTP]&amp#27;[39m &amp#27;[90m&amp#27;[39m
&amp#27;[35m[HTTP]&amp#27;[39m &amp#27;[37m-->&amp#27;[39m &amp#27;[37mPOST&amp#27;[39m &amp#27;[37m/wd/hub/session/eb2ddf43-8325-4e34-ab57-b33bacca1c25/element/a36b2c1d-4878-414e-b01f-cfe62d686d28/click&amp#27;[39m
&amp#27;[35m[HTTP]&amp#27;[39m &amp#27;[90m{"id":"a36b2c1d-4878-414e-b01f-cfe62d686d28"}&amp#27;[39m
[debug] &amp#27;[35m[W3C (eb2ddf43)]&amp#27;[39m Calling AppiumDriver.click() with args: ["a36b2c1d-4878-414e-b01f-cfe62d686d28","eb2ddf43-8325-4e34-ab57-b33bacca1c25"]
[debug] &amp#27;[35m[WD Proxy]&amp#27;[39m Matched '/element/a36b2c1d-4878-414e-b01f-cfe62d686d28/click' to command name 'click'
[debug] &amp#27;[35m[WD Proxy]&amp#27;[39m Proxying [POST /element/a36b2c1d-4878-414e-b01f-cfe62d686d28/click] to [POST http://127.0.0.1:8200/wd/hub/session/a4bbfb0c-c5ed-469b-85f8-b590f421ce17/element/a36b2c1d-4878-414e-b01f-cfe62d686d28/click] with body: {"element":"a36b2c1d-4878-414e-b01f-cfe62d686d28"}
[debug] &amp#27;[35m[WD Proxy]&amp#27;[39m Got response with status 200: {"sessionId":"a4bbfb0c-c5ed-469b-85f8-b590f421ce17","value":null}
[debug] &amp#27;[35m[W3C (eb2ddf43)]&amp#27;[39m Responding to client with driver.click() result: null
&amp#27;[35m[HTTP]&amp#27;[39m &amp#27;[37m<-- POST /wd/hub/session/eb2ddf43-8325-4e34-ab57-b33bacca1c25/element/a36b2c1d-4878-414e-b01f-cfe62d686d28/click &amp#27;[39m&amp#27;[32m200&amp#27;[39m &amp#27;[90m481 ms - 14&amp#27;[39m
&amp#27;[35m[HTTP]&amp#27;[39m &amp#27;[90m&amp#27;[39m
]]></system-out>
  </testcase>
  <testcase name="alarmSet" classname="com.android.test.SetAlarmTest" time="0.543">
    <system-out><![CDATA[&amp#27;[35m[HTTP]&amp#27;[39m &amp#27;[37m-->&amp#27;[39m &amp#27;[37mPOST&amp#27;[39m &amp#27;[37m/wd/hub/session/eb2ddf43-8325-4e34-ab57-b33bacca1c25/element&amp#27;[39m
&amp#27;[35m[HTTP]&amp#27;[39m &amp#27;[90m{"using":"id","value":"com.google.android.deskclock:id/onoff"}&amp#27;[39m
[debug] &amp#27;[35m[W3C (eb2ddf43)]&amp#27;[39m Calling AppiumDriver.findElement() with args: ["id","com.google.android.deskclock:id/onoff","eb2ddf43-8325-4e34-ab57-b33bacca1c25"]
[debug] &amp#27;[35m[BaseDriver]&amp#27;[39m Valid locator strategies for this request: xpath, id, class name, accessibility id, -android uiautomator
[debug] &amp#27;[35m[BaseDriver]&amp#27;[39m Waiting up to 20000 ms for condition
[debug] &amp#27;[35m[WD Proxy]&amp#27;[39m Matched '/element' to command name 'findElement'
[debug] &amp#27;[35m[WD Proxy]&amp#27;[39m Proxying [POST /element] to [POST http://127.0.0.1:8200/wd/hub/session/a4bbfb0c-c5ed-469b-85f8-b590f421ce17/element] with body: {"strategy":"id","selector":"com.google.android.deskclock:id/onoff","context":"","multiple":false}
[debug] &amp#27;[35m[WD Proxy]&amp#27;[39m Got response with status 200: {"sessionId":"a4bbfb0c-c5ed-469b-85f8-b590f421ce17","value":{"ELEMENT":"e3d096ce-a445-4794-89ed-4d31cbb45f23","element-6066-11e4-a52e-4f735466cecf":"e3d096ce-a445-4794-89ed-4d31cbb45f23"}}
[debug] &amp#27;[35m[W3C (eb2ddf43)]&amp#27;[39m Responding to client with driver.findElement() result: {"element-6066-11e4-a52e-4f735466cecf":"e3d096ce-a445-4794-89ed-4d31cbb45f23","ELEMENT":"e3d096ce-a445-4794-89ed-4d31cbb45f23"}
&amp#27;[35m[HTTP]&amp#27;[39m &amp#27;[37m<-- POST /wd/hub/session/eb2ddf43-8325-4e34-ab57-b33bacca1c25/element &amp#27;[39m&amp#27;[32m200&amp#27;[39m &amp#27;[90m317 ms - 137&amp#27;[39m
&amp#27;[35m[HTTP]&amp#27;[39m &amp#27;[90m&amp#27;[39m
&amp#27;[35m[HTTP]&amp#27;[39m &amp#27;[37m-->&amp#27;[39m &amp#27;[37mGET&amp#27;[39m &amp#27;[37m/wd/hub/session/eb2ddf43-8325-4e34-ab57-b33bacca1c25/element/e3d096ce-a445-4794-89ed-4d31cbb45f23/attribute/checked&amp#27;[39m
&amp#27;[35m[HTTP]&amp#27;[39m &amp#27;[90m{}&amp#27;[39m
[debug] &amp#27;[35m[W3C (eb2ddf43)]&amp#27;[39m Calling AppiumDriver.getAttribute() with args: ["checked","e3d096ce-a445-4794-89ed-4d31cbb45f23","eb2ddf43-8325-4e34-ab57-b33bacca1c25"]
[debug] &amp#27;[35m[WD Proxy]&amp#27;[39m Matched '/element/e3d096ce-a445-4794-89ed-4d31cbb45f23/attribute/checked' to command name 'getAttribute'
[debug] &amp#27;[35m[WD Proxy]&amp#27;[39m Proxying [GET /element/e3d096ce-a445-4794-89ed-4d31cbb45f23/attribute/checked] to [GET http://127.0.0.1:8200/wd/hub/session/a4bbfb0c-c5ed-469b-85f8-b590f421ce17/element/e3d096ce-a445-4794-89ed-4d31cbb45f23/attribute/checked] with body: {}
[debug] &amp#27;[35m[WD Proxy]&amp#27;[39m Got response with status 200: {"sessionId":"a4bbfb0c-c5ed-469b-85f8-b590f421ce17","value":"true"}
[debug] &amp#27;[35m[W3C (eb2ddf43)]&amp#27;[39m Responding to client with driver.getAttribute() result: "true"
&amp#27;[35m[HTTP]&amp#27;[39m &amp#27;[37m<-- GET /wd/hub/session/eb2ddf43-8325-4e34-ab57-b33bacca1c25/element/e3d096ce-a445-4794-89ed-4d31cbb45f23/attribute/checked &amp#27;[39m&amp#27;[32m200&amp#27;[39m &amp#27;[90m254 ms - 16&amp#27;[39m
&amp#27;[35m[HTTP]&amp#27;[39m &amp#27;[90m&amp#27;[39m
Alarm Set already!
]]></system-out>
  </testcase>
  <testcase name="checkSettings" classname="com.android.test.SetAlarmTest" time="6.853">
    <system-out><![CDATA[&amp#27;[35m[HTTP]&amp#27;[39m &amp#27;[37m-->&amp#27;[39m &amp#27;[37mPOST&amp#27;[39m &amp#27;[37m/wd/hub/session/eb2ddf43-8325-4e34-ab57-b33bacca1c25/element&amp#27;[39m
&amp#27;[35m[HTTP]&amp#27;[39m &amp#27;[90m{"using":"xpath","value":"//*[@content-desc=\"More options\"]"}&amp#27;[39m
[debug] &amp#27;[35m[W3C (eb2ddf43)]&amp#27;[39m Calling AppiumDriver.findElement() with args: ["xpath","//*[@content-desc=\"More options\"]","eb2ddf43-8325-4e34-ab57-b33bacca1c25"]
[debug] &amp#27;[35m[BaseDriver]&amp#27;[39m Valid locator strategies for this request: xpath, id, class name, accessibility id, -android uiautomator
[debug] &amp#27;[35m[BaseDriver]&amp#27;[39m Waiting up to 20000 ms for condition
[debug] &amp#27;[35m[WD Proxy]&amp#27;[39m Matched '/element' to command name 'findElement'
[debug] &amp#27;[35m[WD Proxy]&amp#27;[39m Proxying [POST /element] to [POST http://127.0.0.1:8200/wd/hub/session/a4bbfb0c-c5ed-469b-85f8-b590f421ce17/element] with body: {"strategy":"xpath","selector":"//*[@content-desc=\"More options\"]","context":"","multiple":false}
[debug] &amp#27;[35m[WD Proxy]&amp#27;[39m Got response with status 200: {"sessionId":"a4bbfb0c-c5ed-469b-85f8-b590f421ce17","value":{"ELEMENT":"fb47fde1-e0f0-40b7-b44a-9e5b62f11835","element-6066-11e4-a52e-4f735466cecf":"fb47fde1-e0f0-40b7-b44a-9e5b62f11835"}}
[debug] &amp#27;[35m[W3C (eb2ddf43)]&amp#27;[39m Responding to client with driver.findElement() result: {"element-6066-11e4-a52e-4f735466cecf":"fb47fde1-e0f0-40b7-b44a-9e5b62f11835","ELEMENT":"fb47fde1-e0f0-40b7-b44a-9e5b62f11835"}
&amp#27;[35m[HTTP]&amp#27;[39m &amp#27;[37m<-- POST /wd/hub/session/eb2ddf43-8325-4e34-ab57-b33bacca1c25/element &amp#27;[39m&amp#27;[32m200&amp#27;[39m &amp#27;[90m185 ms - 137&amp#27;[39m
&amp#27;[35m[HTTP]&amp#27;[39m &amp#27;[90m&amp#27;[39m
&amp#27;[35m[HTTP]&amp#27;[39m &amp#27;[37m-->&amp#27;[39m &amp#27;[37mPOST&amp#27;[39m &amp#27;[37m/wd/hub/session/eb2ddf43-8325-4e34-ab57-b33bacca1c25/element/fb47fde1-e0f0-40b7-b44a-9e5b62f11835/click&amp#27;[39m
&amp#27;[35m[HTTP]&amp#27;[39m &amp#27;[90m{"id":"fb47fde1-e0f0-40b7-b44a-9e5b62f11835"}&amp#27;[39m
[debug] &amp#27;[35m[W3C (eb2ddf43)]&amp#27;[39m Calling AppiumDriver.click() with args: ["fb47fde1-e0f0-40b7-b44a-9e5b62f11835","eb2ddf43-8325-4e34-ab57-b33bacca1c25"]
[debug] &amp#27;[35m[WD Proxy]&amp#27;[39m Matched '/element/fb47fde1-e0f0-40b7-b44a-9e5b62f11835/click' to command name 'click'
[debug] &amp#27;[35m[WD Proxy]&amp#27;[39m Proxying [POST /element/fb47fde1-e0f0-40b7-b44a-9e5b62f11835/click] to [POST http://127.0.0.1:8200/wd/hub/session/a4bbfb0c-c5ed-469b-85f8-b590f421ce17/element/fb47fde1-e0f0-40b7-b44a-9e5b62f11835/click] with body: {"element":"fb47fde1-e0f0-40b7-b44a-9e5b62f11835"}
[debug] &amp#27;[35m[WD Proxy]&amp#27;[39m Got response with status 200: {"sessionId":"a4bbfb0c-c5ed-469b-85f8-b590f421ce17","value":null}
[debug] &amp#27;[35m[W3C (eb2ddf43)]&amp#27;[39m Responding to client with driver.click() result: null
&amp#27;[35m[HTTP]&amp#27;[39m &amp#27;[37m<-- POST /wd/hub/session/eb2ddf43-8325-4e34-ab57-b33bacca1c25/element/fb47fde1-e0f0-40b7-b44a-9e5b62f11835/click &amp#27;[39m&amp#27;[32m200&amp#27;[39m &amp#27;[90m23 ms - 14&amp#27;[39m
&amp#27;[35m[HTTP]&amp#27;[39m &amp#27;[90m&amp#27;[39m
&amp#27;[35m[HTTP]&amp#27;[39m &amp#27;[37m-->&amp#27;[39m &amp#27;[37mPOST&amp#27;[39m &amp#27;[37m/wd/hub/session/eb2ddf43-8325-4e34-ab57-b33bacca1c25/element&amp#27;[39m
&amp#27;[35m[HTTP]&amp#27;[39m &amp#27;[90m{"using":"xpath","value":"//*[@text='Settings']"}&amp#27;[39m
[debug] &amp#27;[35m[W3C (eb2ddf43)]&amp#27;[39m Calling AppiumDriver.findElement() with args: ["xpath","//*[@text='Settings']","eb2ddf43-8325-4e34-ab57-b33bacca1c25"]
[debug] &amp#27;[35m[BaseDriver]&amp#27;[39m Valid locator strategies for this request: xpath, id, class name, accessibility id, -android uiautomator
[debug] &amp#27;[35m[BaseDriver]&amp#27;[39m Waiting up to 20000 ms for condition
[debug] &amp#27;[35m[WD Proxy]&amp#27;[39m Matched '/element' to command name 'findElement'
[debug] &amp#27;[35m[WD Proxy]&amp#27;[39m Proxying [POST /element] to [POST http://127.0.0.1:8200/wd/hub/session/a4bbfb0c-c5ed-469b-85f8-b590f421ce17/element] with body: {"strategy":"xpath","selector":"//*[@text='Settings']","context":"","multiple":false}
&amp#27;[35m[WD Proxy]&amp#27;[39m Got response with status 404: {"sessionId":"a4bbfb0c-c5ed-469b-85f8-b590f421ce17","value":{"error":"no such element","message":"An element could not be located on the page using the given search parameters","stacktrace":"io.appium.uiautomator2.common.exceptions.ElementNotFoundException: An element could not be located on the page using the given search parameters\n\tat io.appium.uiautomator2.handler.FindElement.findElement(FindElement.java:102)\n\tat io.appium.uiautomator2.handler.FindElement.safeHandle(FindElement.java:72)\n\tat io.appium.uiautomator2.handler.request.SafeRequestHandler.handle(SafeRequestHandler.java:38)\n\tat io.appium.uiautomator2.server.AppiumServlet.handleRequest(AppiumServlet.java:252)\n\tat io.appium.uiautomator2.server.AppiumServlet.handleHttpRequest(AppiumServlet.java:242)\n\tat io.appium.uiautomator2.http.ServerHandler.channelRead(ServerHandler.java:51)\n\tat io.netty.channel.AbstractChannelHandlerContext.invokeChannelRead(AbstractChannelHandlerContext.java:366)\n\tat io.netty.channel.AbstractChannelHandlerCon...
[debug] &amp#27;[35m[W3C]&amp#27;[39m Matched W3C error code 'no such element' to NoSuchElementError
[debug] &amp#27;[35m[BaseDriver]&amp#27;[39m Waited for 163 ms so far
[debug] &amp#27;[35m[WD Proxy]&amp#27;[39m Matched '/element' to command name 'findElement'
[debug] &amp#27;[35m[WD Proxy]&amp#27;[39m Proxying [POST /element] to [POST http://127.0.0.1:8200/wd/hub/session/a4bbfb0c-c5ed-469b-85f8-b590f421ce17/element] with body: {"strategy":"xpath","selector":"//*[@text='Settings']","context":"","multiple":false}
[debug] &amp#27;[35m[WD Proxy]&amp#27;[39m Got response with status 200: {"sessionId":"a4bbfb0c-c5ed-469b-85f8-b590f421ce17","value":{"ELEMENT":"72618f47-31db-4b04-b6f5-3d7c57feaf75","element-6066-11e4-a52e-4f735466cecf":"72618f47-31db-4b04-b6f5-3d7c57feaf75"}}
[debug] &amp#27;[35m[W3C (eb2ddf43)]&amp#27;[39m Responding to client with driver.findElement() result: {"element-6066-11e4-a52e-4f735466cecf":"72618f47-31db-4b04-b6f5-3d7c57feaf75","ELEMENT":"72618f47-31db-4b04-b6f5-3d7c57feaf75"}
&amp#27;[35m[HTTP]&amp#27;[39m &amp#27;[37m<-- POST /wd/hub/session/eb2ddf43-8325-4e34-ab57-b33bacca1c25/element &amp#27;[39m&amp#27;[32m200&amp#27;[39m &amp#27;[90m963 ms - 137&amp#27;[39m
&amp#27;[35m[HTTP]&amp#27;[39m &amp#27;[90m&amp#27;[39m
&amp#27;[35m[HTTP]&amp#27;[39m &amp#27;[37m-->&amp#27;[39m &amp#27;[37mPOST&amp#27;[39m &amp#27;[37m/wd/hub/session/eb2ddf43-8325-4e34-ab57-b33bacca1c25/element/72618f47-31db-4b04-b6f5-3d7c57feaf75/click&amp#27;[39m
&amp#27;[35m[HTTP]&amp#27;[39m &amp#27;[90m{"id":"72618f47-31db-4b04-b6f5-3d7c57feaf75"}&amp#27;[39m
[debug] &amp#27;[35m[W3C (eb2ddf43)]&amp#27;[39m Calling AppiumDriver.click() with args: ["72618f47-31db-4b04-b6f5-3d7c57feaf75","eb2ddf43-8325-4e34-ab57-b33bacca1c25"]
[debug] &amp#27;[35m[WD Proxy]&amp#27;[39m Matched '/element/72618f47-31db-4b04-b6f5-3d7c57feaf75/click' to command name 'click'
[debug] &amp#27;[35m[WD Proxy]&amp#27;[39m Proxying [POST /element/72618f47-31db-4b04-b6f5-3d7c57feaf75/click] to [POST http://127.0.0.1:8200/wd/hub/session/a4bbfb0c-c5ed-469b-85f8-b590f421ce17/element/72618f47-31db-4b04-b6f5-3d7c57feaf75/click] with body: {"element":"72618f47-31db-4b04-b6f5-3d7c57feaf75"}
[debug] &amp#27;[35m[WD Proxy]&amp#27;[39m Got response with status 200: {"sessionId":"a4bbfb0c-c5ed-469b-85f8-b590f421ce17","value":null}
[debug] &amp#27;[35m[W3C (eb2ddf43)]&amp#27;[39m Responding to client with driver.click() result: null
&amp#27;[35m[HTTP]&amp#27;[39m &amp#27;[37m<-- POST /wd/hub/session/eb2ddf43-8325-4e34-ab57-b33bacca1c25/element/72618f47-31db-4b04-b6f5-3d7c57feaf75/click &amp#27;[39m&amp#27;[32m200&amp#27;[39m &amp#27;[90m1216 ms - 14&amp#27;[39m
&amp#27;[35m[HTTP]&amp#27;[39m &amp#27;[90m&amp#27;[39m
&amp#27;[35m[HTTP]&amp#27;[39m &amp#27;[37m-->&amp#27;[39m &amp#27;[37mPOST&amp#27;[39m &amp#27;[37m/wd/hub/session/eb2ddf43-8325-4e34-ab57-b33bacca1c25/element&amp#27;[39m
&amp#27;[35m[HTTP]&amp#27;[39m &amp#27;[90m{"using":"-android uiautomator","value":"new UiScrollable (new UiSelector()).scrollIntoView(text(\"Style\"));"}&amp#27;[39m
[debug] &amp#27;[35m[W3C (eb2ddf43)]&amp#27;[39m Calling AppiumDriver.findElement() with args: ["-android uiautomator","new UiScrollable (new UiSelector()).scrollIntoView(text(\"Style\"));","eb2ddf43-8325-4e34-ab57-b33bacca1c25"]
[debug] &amp#27;[35m[BaseDriver]&amp#27;[39m Valid locator strategies for this request: xpath, id, class name, accessibility id, -android uiautomator
[debug] &amp#27;[35m[BaseDriver]&amp#27;[39m Waiting up to 20000 ms for condition
[debug] &amp#27;[35m[WD Proxy]&amp#27;[39m Matched '/element' to command name 'findElement'
[debug] &amp#27;[35m[WD Proxy]&amp#27;[39m Proxying [POST /element] to [POST http://127.0.0.1:8200/wd/hub/session/a4bbfb0c-c5ed-469b-85f8-b590f421ce17/element] with body: {"strategy":"-android uiautomator","selector":"new UiScrollable (new UiSelector()).scrollIntoView(text(\"Style\"));","context":"","multiple":false}
[debug] &amp#27;[35m[WD Proxy]&amp#27;[39m Got response with status 200: {"sessionId":"a4bbfb0c-c5ed-469b-85f8-b590f421ce17","value":{"ELEMENT":"c3f86e3e-f627-4fbb-8783-f8579b346174","element-6066-11e4-a52e-4f735466cecf":"c3f86e3e-f627-4fbb-8783-f8579b346174"}}
[debug] &amp#27;[35m[W3C (eb2ddf43)]&amp#27;[39m Responding to client with driver.findElement() result: {"element-6066-11e4-a52e-4f735466cecf":"c3f86e3e-f627-4fbb-8783-f8579b346174","ELEMENT":"c3f86e3e-f627-4fbb-8783-f8579b346174"}
&amp#27;[35m[HTTP]&amp#27;[39m &amp#27;[37m<-- POST /wd/hub/session/eb2ddf43-8325-4e34-ab57-b33bacca1c25/element &amp#27;[39m&amp#27;[32m200&amp#27;[39m &amp#27;[90m44 ms - 137&amp#27;[39m
&amp#27;[35m[HTTP]&amp#27;[39m &amp#27;[90m&amp#27;[39m
&amp#27;[35m[HTTP]&amp#27;[39m &amp#27;[37m-->&amp#27;[39m &amp#27;[37mPOST&amp#27;[39m &amp#27;[37m/wd/hub/session/eb2ddf43-8325-4e34-ab57-b33bacca1c25/element&amp#27;[39m
&amp#27;[35m[HTTP]&amp#27;[39m &amp#27;[90m{"using":"xpath","value":"//*[@content-desc=\"Navigate up\"]"}&amp#27;[39m
[debug] &amp#27;[35m[W3C (eb2ddf43)]&amp#27;[39m Calling AppiumDriver.findElement() with args: ["xpath","//*[@content-desc=\"Navigate up\"]","eb2ddf43-8325-4e34-ab57-b33bacca1c25"]
[debug] &amp#27;[35m[BaseDriver]&amp#27;[39m Valid locator strategies for this request: xpath, id, class name, accessibility id, -android uiautomator
[debug] &amp#27;[35m[BaseDriver]&amp#27;[39m Waiting up to 20000 ms for condition
[debug] &amp#27;[35m[WD Proxy]&amp#27;[39m Matched '/element' to command name 'findElement'
[debug] &amp#27;[35m[WD Proxy]&amp#27;[39m Proxying [POST /element] to [POST http://127.0.0.1:8200/wd/hub/session/a4bbfb0c-c5ed-469b-85f8-b590f421ce17/element] with body: {"strategy":"xpath","selector":"//*[@content-desc=\"Navigate up\"]","context":"","multiple":false}
[debug] &amp#27;[35m[WD Proxy]&amp#27;[39m Got response with status 200: {"sessionId":"a4bbfb0c-c5ed-469b-85f8-b590f421ce17","value":{"ELEMENT":"e5365547-2471-4887-9385-a95b1dafb47c","element-6066-11e4-a52e-4f735466cecf":"e5365547-2471-4887-9385-a95b1dafb47c"}}
[debug] &amp#27;[35m[W3C (eb2ddf43)]&amp#27;[39m Responding to client with driver.findElement() result: {"element-6066-11e4-a52e-4f735466cecf":"e5365547-2471-4887-9385-a95b1dafb47c","ELEMENT":"e5365547-2471-4887-9385-a95b1dafb47c"}
&amp#27;[35m[HTTP]&amp#27;[39m &amp#27;[37m<-- POST /wd/hub/session/eb2ddf43-8325-4e34-ab57-b33bacca1c25/element &amp#27;[39m&amp#27;[32m200&amp#27;[39m &amp#27;[90m220 ms - 137&amp#27;[39m
&amp#27;[35m[HTTP]&amp#27;[39m &amp#27;[90m&amp#27;[39m
&amp#27;[35m[HTTP]&amp#27;[39m &amp#27;[37m-->&amp#27;[39m &amp#27;[37mPOST&amp#27;[39m &amp#27;[37m/wd/hub/session/eb2ddf43-8325-4e34-ab57-b33bacca1c25/element/e5365547-2471-4887-9385-a95b1dafb47c/click&amp#27;[39m
&amp#27;[35m[HTTP]&amp#27;[39m &amp#27;[90m{"id":"e5365547-2471-4887-9385-a95b1dafb47c"}&amp#27;[39m
[debug] &amp#27;[35m[W3C (eb2ddf43)]&amp#27;[39m Calling AppiumDriver.click() with args: ["e5365547-2471-4887-9385-a95b1dafb47c","eb2ddf43-8325-4e34-ab57-b33bacca1c25"]
[debug] &amp#27;[35m[WD Proxy]&amp#27;[39m Matched '/element/e5365547-2471-4887-9385-a95b1dafb47c/click' to command name 'click'
[debug] &amp#27;[35m[WD Proxy]&amp#27;[39m Proxying [POST /element/e5365547-2471-4887-9385-a95b1dafb47c/click] to [POST http://127.0.0.1:8200/wd/hub/session/a4bbfb0c-c5ed-469b-85f8-b590f421ce17/element/e5365547-2471-4887-9385-a95b1dafb47c/click] with body: {"element":"e5365547-2471-4887-9385-a95b1dafb47c"}
[debug] &amp#27;[35m[WD Proxy]&amp#27;[39m Got response with status 200: {"sessionId":"a4bbfb0c-c5ed-469b-85f8-b590f421ce17","value":null}
[debug] &amp#27;[35m[W3C (eb2ddf43)]&amp#27;[39m Responding to client with driver.click() result: null
&amp#27;[35m[HTTP]&amp#27;[39m &amp#27;[37m<-- POST /wd/hub/session/eb2ddf43-8325-4e34-ab57-b33bacca1c25/element/e5365547-2471-4887-9385-a95b1dafb47c/click &amp#27;[39m&amp#27;[32m200&amp#27;[39m &amp#27;[90m20 ms - 14&amp#27;[39m
&amp#27;[35m[HTTP]&amp#27;[39m &amp#27;[90m&amp#27;[39m
]]></system-out>
  </testcase>
</testsuite>