<?xml version="1.0" encoding="UTF-8"?>
<testng-results ignored="0" total="5" passed="5" failed="0" skipped="0">
  <reporter-output>
  </reporter-output>
  <suite started-at="2020-07-22T14:41:20 IST" name="Clock App Test" finished-at="2020-07-22T14:42:45 IST" duration-ms="85380">
    <groups>
    </groups>
    <test started-at="2020-07-22T14:41:20 IST" name="Clock Functions" finished-at="2020-07-22T14:42:45 IST" duration-ms="85380">
      <class name="com.android.test.SetAlarmTest">
        <test-method is-config="true" signature="setUp()[pri:0, instance:com.android.test.SetAlarmTest@291ae]" started-at="2020-07-22T14:41:20 IST" name="setUp" finished-at="2020-07-22T14:42:24 IST" duration-ms="63718" status="PASS">
          <reporter-output>
          </reporter-output>
        </test-method> <!-- setUp -->
        <test-method signature="clickTabs()[pri:0, instance:com.android.test.SetAlarmTest@291ae]" started-at="2020-07-22T14:42:24 IST" name="clickTabs" finished-at="2020-07-22T14:42:29 IST" duration-ms="4742" status="PASS">
          <reporter-output>
          </reporter-output>
        </test-method> <!-- clickTabs -->
        <test-method signature="setPreferences()[pri:1, instance:com.android.test.SetAlarmTest@291ae]" started-at="2020-07-22T14:42:29 IST" name="setPreferences" finished-at="2020-07-22T14:42:35 IST" duration-ms="6011" status="PASS">
          <reporter-output>
          </reporter-output>
        </test-method> <!-- setPreferences -->
        <test-method signature="chooseTime()[pri:2, instance:com.android.test.SetAlarmTest@291ae]" started-at="2020-07-22T14:42:35 IST" name="chooseTime" finished-at="2020-07-22T14:42:38 IST" duration-ms="3044" status="PASS">
          <reporter-output>
          </reporter-output>
        </test-method> <!-- chooseTime -->
        <test-method signature="alarmSet()[pri:0, instance:com.android.test.SetAlarmTest@291ae]" started-at="2020-07-22T14:42:38 IST" name="alarmSet" finished-at="2020-07-22T14:42:38 IST" depends-on-methods="com.android.test.SetAlarmTest.chooseTime" duration-ms="564" status="PASS">
          <reporter-output>
          </reporter-output>
        </test-method> <!-- alarmSet -->
        <test-method signature="checkSettings()[pri:3, instance:com.android.test.SetAlarmTest@291ae]" started-at="2020-07-22T14:42:38 IST" name="checkSettings" finished-at="2020-07-22T14:42:45 IST" duration-ms="6878" status="PASS">
          <reporter-output>
          </reporter-output>
        </test-method> <!-- checkSettings -->
        <test-method is-config="true" signature="tearDown()[pri:0, instance:com.android.test.SetAlarmTest@291ae]" started-at="2020-07-22T14:42:45 IST" name="tearDown" finished-at="2020-07-22T14:42:45 IST" duration-ms="358" status="PASS">
          <reporter-output>
          </reporter-output>
        </test-method> <!-- tearDown -->
      </class> <!-- com.android.test.SetAlarmTest -->
    </test> <!-- Clock Functions -->
  </suite> <!-- Clock App Test -->
</testng-results>
