<?xml version="1.0" encoding="UTF-8"?>
<!-- Generated by org.testng.reporters.JUnitXMLReporter -->
<testsuite ignored="0" hostname="LAPTOP-1M0O9JN4" failures="0" tests="5" name="Clock Functions" time="85.38" errors="0" timestamp="2020-07-22T14:42:46 IST">
  <testcase classname="com.android.test.SetAlarmTest" name="clickTabs" time="4.742"/>
  <testcase classname="com.android.test.SetAlarmTest" name="setPreferences" time="6.011"/>
  <testcase classname="com.android.test.SetAlarmTest" name="chooseTime" time="3.044"/>
  <testcase classname="com.android.test.SetAlarmTest" name="alarmSet" time="0.564"/>
  <testcase classname="com.android.test.SetAlarmTest" name="checkSettings" time="6.878"/>
</testsuite> <!-- Clock Functions -->
